[ 2015-12-30T09:11:02+08:00 ] 127.0.0.1 /
INFO: [ app_init ] --START--
INFO: Run Behavior\BuildLiteBehavior [ RunTime:0.000000s ]
INFO: [ app_init ] --END-- [ RunTime:0.001000s ]
INFO: [ app_begin ] --START--
INFO: Run Behavior\ReadHtmlCacheBehavior [ RunTime:0.001000s ]
INFO: [ app_begin ] --END-- [ RunTime:0.002000s ]
NOTIC: [8] Use of undefined constant SALT - assumed 'SALT' D:\WWW\ouba\Application\Home\Controller\IndexController.class.php 第 12 行.
INFO: [ view_parse ] --START--
INFO: [ template_filter ] --START--
INFO: Run Behavior\ContentReplaceBehavior [ RunTime:0.000000s ]
INFO: [ template_filter ] --END-- [ RunTime:0.000000s ]
INFO: Run Behavior\ParseTemplateBehavior [ RunTime:0.033002s ]
INFO: [ view_parse ] --END-- [ RunTime:0.033002s ]
INFO: [ view_filter ] --START--
INFO: Run Behavior\WriteHtmlCacheBehavior [ RunTime:0.001000s ]
INFO: [ view_filter ] --END-- [ RunTime:0.001000s ]
INFO: [ app_end ] --START--
INFO: Run Behavior\ShowPageTraceBehavior [ RunTime:0.002000s ]
INFO: [ app_end ] --END-- [ RunTime:0.002000s ]

[ 2015-12-30T09:11:09+08:00 ] 127.0.0.1 /index.php/Home/Index/cl_login
INFO: [ app_init ] --START--
INFO: Run Behavior\BuildLiteBehavior [ RunTime:0.000000s ]
INFO: [ app_init ] --END-- [ RunTime:0.001000s ]
INFO: [ app_begin ] --START--
INFO: Run Behavior\ReadHtmlCacheBehavior [ RunTime:0.001000s ]
INFO: [ app_begin ] --END-- [ RunTime:0.001000s ]
NOTIC: [8] Use of undefined constant SALT - assumed 'SALT' D:\WWW\ouba\Application\Home\Controller\IndexController.class.php 第 12 行.
SQL: SHOW COLUMNS FROM `onethink_ucenter_member` [ RunTime:0.0130s ]
SQL: SELECT `password`,`status`,`pid` FROM `onethink_ucenter_member` WHERE ( username='admin' ) LIMIT 1   [ RunTime:0.0090s ]

[ 2015-12-30T09:11:09+08:00 ] 127.0.0.1 /index.php/Home/Index/cl_login_in
INFO: [ app_init ] --START--
INFO: Run Behavior\BuildLiteBehavior [ RunTime:0.000000s ]
INFO: [ app_init ] --END-- [ RunTime:0.000000s ]
INFO: [ app_begin ] --START--
INFO: Run Behavior\ReadHtmlCacheBehavior [ RunTime:0.001000s ]
INFO: [ app_begin ] --END-- [ RunTime:0.001000s ]
NOTIC: [8] Use of undefined constant SALT - assumed 'SALT' D:\WWW\ouba\Application\Home\Controller\IndexController.class.php 第 12 行.
INFO: [ view_parse ] --START--
INFO: [ template_filter ] --START--
INFO: Run Behavior\ContentReplaceBehavior [ RunTime:0.000000s ]
INFO: [ template_filter ] --END-- [ RunTime:0.000000s ]
INFO: Run Behavior\ParseTemplateBehavior [ RunTime:0.011001s ]
INFO: [ view_parse ] --END-- [ RunTime:0.011001s ]
INFO: [ view_filter ] --START--
INFO: Run Behavior\WriteHtmlCacheBehavior [ RunTime:0.001000s ]
INFO: [ view_filter ] --END-- [ RunTime:0.001000s ]
INFO: [ app_end ] --START--
INFO: Run Behavior\ShowPageTraceBehavior [ RunTime:0.001000s ]
INFO: [ app_end ] --END-- [ RunTime:0.001000s ]

[ 2015-12-30T17:41:17+08:00 ] 127.0.0.1 /index.php/Home/Menu/printer
INFO: [ app_init ] --START--
INFO: Run Behavior\BuildLiteBehavior [ RunTime:0.000000s ]
INFO: [ app_init ] --END-- [ RunTime:0.030002s ]
INFO: [ app_begin ] --START--
INFO: Run Behavior\ReadHtmlCacheBehavior [ RunTime:0.011001s ]
INFO: [ app_begin ] --END-- [ RunTime:0.011001s ]
NOTIC: [8] Use of undefined constant PNAME - assumed 'PNAME' D:\WWW\ouba\Application\Home\Controller\MenuController.class.php 第 15 行.
NOTIC: [8] Use of undefined constant SECRET_KEY - assumed 'SECRET_KEY' D:\WWW\ouba\Application\Home\Controller\MenuController.class.php 第 16 行.
NOTIC: [8] Use of undefined constant API_URL - assumed 'API_URL' D:\WWW\ouba\Application\Home\Controller\MenuController.class.php 第 17 行.
SQL: SHOW COLUMNS FROM `onethink_house` [ RunTime:0.0170s ]
SQL: SELECT COUNT(h.id) AS tp_count FROM onethink_house as h left JOIN onethink_ucenter_member as oum on h.respid=oum.id  WHERE h.status = '2' AND `capitalsource` = 4 LIMIT 1   [ RunTime:0.0080s ]
SQL: SELECT h.*,os.status as ostatus,oum.id as oumid,oum.username FROM onethink_house as h left JOIN onethink_ucenter_member as oum on h.respid=oum.id INNER JOIN onethink_status as os on h.status=os.id  WHERE h.status <= '4' AND `capitalsource` = 4 ORDER BY h.add_time desc LIMIT 0,10   [ RunTime:0.0110s ]
INFO: [ view_parse ] --START--
INFO: [ template_filter ] --START--
INFO: Run Behavior\ContentReplaceBehavior [ RunTime:0.000000s ]
INFO: [ template_filter ] --END-- [ RunTime:0.000000s ]
INFO: Run Behavior\ParseTemplateBehavior [ RunTime:0.157009s ]
INFO: [ view_parse ] --END-- [ RunTime:0.157009s ]
INFO: [ view_filter ] --START--
INFO: Run Behavior\WriteHtmlCacheBehavior [ RunTime:0.039002s ]
INFO: [ view_filter ] --END-- [ RunTime:0.039002s ]
INFO: [ app_end ] --START--
INFO: Run Behavior\ShowPageTraceBehavior [ RunTime:0.027002s ]
INFO: [ app_end ] --END-- [ RunTime:0.028002s ]

[ 2015-12-30T17:41:28+08:00 ] 127.0.0.1 /index.php/Home/Menu/contract?id=463
INFO: [ app_init ] --START--
INFO: Run Behavior\BuildLiteBehavior [ RunTime:0.000000s ]
INFO: [ app_init ] --END-- [ RunTime:0.001000s ]
INFO: [ app_begin ] --START--
INFO: Run Behavior\ReadHtmlCacheBehavior [ RunTime:0.001000s ]
INFO: [ app_begin ] --END-- [ RunTime:0.001000s ]
NOTIC: [8] Use of undefined constant PNAME - assumed 'PNAME' D:\WWW\ouba\Application\Home\Controller\MenuController.class.php 第 15 行.
NOTIC: [8] Use of undefined constant SECRET_KEY - assumed 'SECRET_KEY' D:\WWW\ouba\Application\Home\Controller\MenuController.class.php 第 16 行.
NOTIC: [8] Use of undefined constant API_URL - assumed 'API_URL' D:\WWW\ouba\Application\Home\Controller\MenuController.class.php 第 17 行.
SQL: SHOW COLUMNS FROM `onethink_house` [ RunTime:0.0110s ]
SQL: SELECT * FROM `onethink_house` WHERE `id` = 463 LIMIT 1   [ RunTime:0.0090s ]
INFO: [ view_parse ] --START--
INFO: [ template_filter ] --START--
INFO: Run Behavior\ContentReplaceBehavior [ RunTime:0.002001s ]
INFO: [ template_filter ] --END-- [ RunTime:0.002001s ]
NOTIC: [8] Undefined index: rate/360 D:\WWW\ouba\Application\Runtime\Cache\Home\9dc306b09e873e7cb3cb5f251a76acc4.php 第 5573 行.
INFO: Run Behavior\ParseTemplateBehavior [ RunTime:0.095005s ]
INFO: [ view_parse ] --END-- [ RunTime:0.095005s ]
INFO: [ view_filter ] --START--
INFO: Run Behavior\WriteHtmlCacheBehavior [ RunTime:0.001001s ]
INFO: [ view_filter ] --END-- [ RunTime:0.001001s ]
INFO: [ app_end ] --START--
INFO: Run Behavior\ShowPageTraceBehavior [ RunTime:0.002000s ]
INFO: [ app_end ] --END-- [ RunTime:0.002000s ]

[ 2015-12-30T17:41:29+08:00 ] 127.0.0.1 /index.php/Home/Menu/contractload?numtext=%E5%90%88%E5%90%8C%E7%BC%96%E5%8F%B7%EF%BC%9A&csttext=11&pledgeteltext=1&upperpricetext=&durationtext=11&houseaddresstext=1&pledgeidnotext=1&_=1451468489408
INFO: [ app_init ] --START--
INFO: Run Behavior\BuildLiteBehavior [ RunTime:0.000000s ]
INFO: [ app_init ] --END-- [ RunTime:0.001000s ]
INFO: [ app_begin ] --START--
INFO: Run Behavior\ReadHtmlCacheBehavior [ RunTime:0.002000s ]
INFO: [ app_begin ] --END-- [ RunTime:0.002000s ]
NOTIC: [8] Use of undefined constant PNAME - assumed 'PNAME' D:\WWW\ouba\Application\Home\Controller\MenuController.class.php 第 15 行.
NOTIC: [8] Use of undefined constant SECRET_KEY - assumed 'SECRET_KEY' D:\WWW\ouba\Application\Home\Controller\MenuController.class.php 第 16 行.
NOTIC: [8] Use of undefined constant API_URL - assumed 'API_URL' D:\WWW\ouba\Application\Home\Controller\MenuController.class.php 第 17 行.
NOTIC: [8] Undefined index: areatext D:\WWW\ouba\Application\Home\Controller\MenuController.class.php 第 844 行.
INFO: [ app_end ] --START--
INFO: Run Behavior\ShowPageTraceBehavior [ RunTime:0.001000s ]
INFO: [ app_end ] --END-- [ RunTime:0.001000s ]

[ 2015-12-30T17:41:41+08:00 ] 127.0.0.1 /index.php/Home/Menu/printer
INFO: [ app_init ] --START--
INFO: Run Behavior\BuildLiteBehavior [ RunTime:0.000000s ]
INFO: [ app_init ] --END-- [ RunTime:0.001000s ]
INFO: [ app_begin ] --START--
INFO: Run Behavior\ReadHtmlCacheBehavior [ RunTime:0.001000s ]
INFO: [ app_begin ] --END-- [ RunTime:0.001000s ]
NOTIC: [8] Use of undefined constant PNAME - assumed 'PNAME' D:\WWW\ouba\Application\Home\Controller\MenuController.class.php 第 15 行.
NOTIC: [8] Use of undefined constant SECRET_KEY - assumed 'SECRET_KEY' D:\WWW\ouba\Application\Home\Controller\MenuController.class.php 第 16 行.
NOTIC: [8] Use of undefined constant API_URL - assumed 'API_URL' D:\WWW\ouba\Application\Home\Controller\MenuController.class.php 第 17 行.
SQL: SHOW COLUMNS FROM `onethink_house` [ RunTime:0.0110s ]
SQL: SELECT COUNT(h.id) AS tp_count FROM onethink_house as h left JOIN onethink_ucenter_member as oum on h.respid=oum.id  WHERE h.status = '2' AND `capitalsource` = 4 LIMIT 1   [ RunTime:0.0080s ]
SQL: SELECT h.*,os.status as ostatus,oum.id as oumid,oum.username FROM onethink_house as h left JOIN onethink_ucenter_member as oum on h.respid=oum.id INNER JOIN onethink_status as os on h.status=os.id  WHERE h.status <= '4' AND `capitalsource` = 4 ORDER BY h.add_time desc LIMIT 0,10   [ RunTime:0.0090s ]
INFO: [ view_parse ] --START--
INFO: [ template_filter ] --START--
INFO: Run Behavior\ContentReplaceBehavior [ RunTime:0.000000s ]
INFO: [ template_filter ] --END-- [ RunTime:0.000000s ]
INFO: Run Behavior\ParseTemplateBehavior [ RunTime:0.012000s ]
INFO: [ view_parse ] --END-- [ RunTime:0.012000s ]
INFO: [ view_filter ] --START--
INFO: Run Behavior\WriteHtmlCacheBehavior [ RunTime:0.001000s ]
INFO: [ view_filter ] --END-- [ RunTime:0.001000s ]
INFO: [ app_end ] --START--
INFO: Run Behavior\ShowPageTraceBehavior [ RunTime:0.001000s ]
INFO: [ app_end ] --END-- [ RunTime:0.001000s ]

[ 2015-12-30T17:42:47+08:00 ] 127.0.0.1 /index.php/Home/Menu/contract?id=462
INFO: [ app_init ] --START--
INFO: Run Behavior\BuildLiteBehavior [ RunTime:0.000000s ]
INFO: [ app_init ] --END-- [ RunTime:0.001000s ]
INFO: [ app_begin ] --START--
INFO: Run Behavior\ReadHtmlCacheBehavior [ RunTime:0.001000s ]
INFO: [ app_begin ] --END-- [ RunTime:0.001000s ]
NOTIC: [8] Use of undefined constant PNAME - assumed 'PNAME' D:\WWW\ouba\Application\Home\Controller\MenuController.class.php 第 15 行.
NOTIC: [8] Use of undefined constant SECRET_KEY - assumed 'SECRET_KEY' D:\WWW\ouba\Application\Home\Controller\MenuController.class.php 第 16 行.
NOTIC: [8] Use of undefined constant API_URL - assumed 'API_URL' D:\WWW\ouba\Application\Home\Controller\MenuController.class.php 第 17 行.
SQL: SHOW COLUMNS FROM `onethink_house` [ RunTime:0.0110s ]
SQL: SELECT * FROM `onethink_house` WHERE `id` = 462 LIMIT 1   [ RunTime:0.0100s ]
INFO: [ view_parse ] --START--
INFO: [ template_filter ] --START--
INFO: Run Behavior\ContentReplaceBehavior [ RunTime:0.003001s ]
INFO: [ template_filter ] --END-- [ RunTime:0.003001s ]
NOTIC: [8] Undefined index: rate/360 D:\WWW\ouba\Application\Runtime\Cache\Home\9dc306b09e873e7cb3cb5f251a76acc4.php 第 5573 行.
INFO: Run Behavior\ParseTemplateBehavior [ RunTime:0.071004s ]
INFO: [ view_parse ] --END-- [ RunTime:0.071004s ]
INFO: [ view_filter ] --START--
INFO: Run Behavior\WriteHtmlCacheBehavior [ RunTime:0.000000s ]
INFO: [ view_filter ] --END-- [ RunTime:0.000000s ]
INFO: [ app_end ] --START--
INFO: Run Behavior\ShowPageTraceBehavior [ RunTime:0.001000s ]
INFO: [ app_end ] --END-- [ RunTime:0.001000s ]

[ 2015-12-30T17:42:47+08:00 ] 127.0.0.1 /index.php/Home/Menu/contractload?numtext=%E5%90%88%E5%90%8C%E7%BC%96%E5%8F%B7%EF%BC%9A&csttext=1&pledgeteltext=1&upperpricetext=&durationtext=1&houseaddresstext=1&pledgeidnotext=1&_=1451468567249
INFO: [ app_init ] --START--
INFO: Run Behavior\BuildLiteBehavior [ RunTime:0.000000s ]
INFO: [ app_init ] --END-- [ RunTime:0.001000s ]
INFO: [ app_begin ] --START--
INFO: Run Behavior\ReadHtmlCacheBehavior [ RunTime:0.001000s ]
INFO: [ app_begin ] --END-- [ RunTime:0.001000s ]
NOTIC: [8] Use of undefined constant PNAME - assumed 'PNAME' D:\WWW\ouba\Application\Home\Controller\MenuController.class.php 第 15 行.
NOTIC: [8] Use of undefined constant SECRET_KEY - assumed 'SECRET_KEY' D:\WWW\ouba\Application\Home\Controller\MenuController.class.php 第 16 行.
NOTIC: [8] Use of undefined constant API_URL - assumed 'API_URL' D:\WWW\ouba\Application\Home\Controller\MenuController.class.php 第 17 行.
NOTIC: [8] Undefined index: areatext D:\WWW\ouba\Application\Home\Controller\MenuController.class.php 第 844 行.
INFO: [ app_end ] --START--
INFO: Run Behavior\ShowPageTraceBehavior [ RunTime:0.000000s ]
INFO: [ app_end ] --END-- [ RunTime:0.000000s ]

[ 2015-12-30T17:42:50+08:00 ] 127.0.0.1 /index.php/Home/Menu/printer
INFO: [ app_init ] --START--
INFO: Run Behavior\BuildLiteBehavior [ RunTime:0.000000s ]
INFO: [ app_init ] --END-- [ RunTime:0.001000s ]
INFO: [ app_begin ] --START--
INFO: Run Behavior\ReadHtmlCacheBehavior [ RunTime:0.001000s ]
INFO: [ app_begin ] --END-- [ RunTime:0.001000s ]
NOTIC: [8] Use of undefined constant PNAME - assumed 'PNAME' D:\WWW\ouba\Application\Home\Controller\MenuController.class.php 第 15 行.
NOTIC: [8] Use of undefined constant SECRET_KEY - assumed 'SECRET_KEY' D:\WWW\ouba\Application\Home\Controller\MenuController.class.php 第 16 行.
NOTIC: [8] Use of undefined constant API_URL - assumed 'API_URL' D:\WWW\ouba\Application\Home\Controller\MenuController.class.php 第 17 行.
SQL: SHOW COLUMNS FROM `onethink_house` [ RunTime:0.0110s ]
SQL: SELECT COUNT(h.id) AS tp_count FROM onethink_house as h left JOIN onethink_ucenter_member as oum on h.respid=oum.id  WHERE h.status = '2' AND `capitalsource` = 4 LIMIT 1   [ RunTime:0.0080s ]
SQL: SELECT h.*,os.status as ostatus,oum.id as oumid,oum.username FROM onethink_house as h left JOIN onethink_ucenter_member as oum on h.respid=oum.id INNER JOIN onethink_status as os on h.status=os.id  WHERE h.status <= '4' AND `capitalsource` = 4 ORDER BY h.add_time desc LIMIT 0,10   [ RunTime:0.0170s ]
INFO: [ view_parse ] --START--
INFO: [ template_filter ] --START--
INFO: Run Behavior\ContentReplaceBehavior [ RunTime:0.001000s ]
INFO: [ template_filter ] --END-- [ RunTime:0.001000s ]
INFO: Run Behavior\ParseTemplateBehavior [ RunTime:0.016001s ]
INFO: [ view_parse ] --END-- [ RunTime:0.017001s ]
INFO: [ view_filter ] --START--
INFO: Run Behavior\WriteHtmlCacheBehavior [ RunTime:0.001000s ]
INFO: [ view_filter ] --END-- [ RunTime:0.001000s ]
INFO: [ app_end ] --START--
INFO: Run Behavior\ShowPageTraceBehavior [ RunTime:0.001000s ]
INFO: [ app_end ] --END-- [ RunTime:0.001000s ]

[ 2015-12-30T17:43:32+08:00 ] 127.0.0.1 /index.php/Home/Index/cl_login_in
INFO: [ app_init ] --START--
INFO: Run Behavior\BuildLiteBehavior [ RunTime:0.000000s ]
INFO: [ app_init ] --END-- [ RunTime:0.000000s ]
INFO: [ app_begin ] --START--
INFO: Run Behavior\ReadHtmlCacheBehavior [ RunTime:0.002000s ]
INFO: [ app_begin ] --END-- [ RunTime:0.002000s ]
NOTIC: [8] Use of undefined constant SALT - assumed 'SALT' D:\WWW\ouba\Application\Home\Controller\IndexController.class.php 第 12 行.
INFO: [ view_parse ] --START--
INFO: [ template_filter ] --START--
INFO: Run Behavior\ContentReplaceBehavior [ RunTime:0.000000s ]
INFO: [ template_filter ] --END-- [ RunTime:0.000000s ]
INFO: Run Behavior\ParseTemplateBehavior [ RunTime:0.018001s ]
INFO: [ view_parse ] --END-- [ RunTime:0.018001s ]
INFO: [ view_filter ] --START--
INFO: Run Behavior\WriteHtmlCacheBehavior [ RunTime:0.001000s ]
INFO: [ view_filter ] --END-- [ RunTime:0.001000s ]
INFO: [ app_end ] --START--
INFO: Run Behavior\ShowPageTraceBehavior [ RunTime:0.001000s ]
INFO: [ app_end ] --END-- [ RunTime:0.001000s ]

[ 2015-12-30T17:43:36+08:00 ] 127.0.0.1 /index.php/Home/Index/cl_login_out
INFO: [ app_init ] --START--
INFO: Run Behavior\BuildLiteBehavior [ RunTime:0.000000s ]
INFO: [ app_init ] --END-- [ RunTime:0.001000s ]
INFO: [ app_begin ] --START--
INFO: Run Behavior\ReadHtmlCacheBehavior [ RunTime:0.001000s ]
INFO: [ app_begin ] --END-- [ RunTime:0.001000s ]
NOTIC: [8] Use of undefined constant SALT - assumed 'SALT' D:\WWW\ouba\Application\Home\Controller\IndexController.class.php 第 12 行.
INFO: [ view_parse ] --START--
INFO: [ template_filter ] --START--
INFO: Run Behavior\ContentReplaceBehavior [ RunTime:0.000000s ]
INFO: [ template_filter ] --END-- [ RunTime:0.000000s ]
INFO: Run Behavior\ParseTemplateBehavior [ RunTime:0.036002s ]
INFO: [ view_parse ] --END-- [ RunTime:0.036002s ]
INFO: [ view_filter ] --START--
INFO: Run Behavior\WriteHtmlCacheBehavior [ RunTime:0.001000s ]
INFO: [ view_filter ] --END-- [ RunTime:0.001000s ]
INFO: [ app_end ] --START--
INFO: Run Behavior\ShowPageTraceBehavior [ RunTime:0.001000s ]
INFO: [ app_end ] --END-- [ RunTime:0.001000s ]

[ 2015-12-30T17:43:37+08:00 ] 127.0.0.1 /index.php/Home/index/index.html
INFO: [ app_init ] --START--
INFO: Run Behavior\BuildLiteBehavior [ RunTime:0.000000s ]
INFO: [ app_init ] --END-- [ RunTime:0.000000s ]
INFO: [ app_begin ] --START--
INFO: Run Behavior\ReadHtmlCacheBehavior [ RunTime:0.000000s ]
INFO: [ app_begin ] --END-- [ RunTime:0.000000s ]
NOTIC: [8] Use of undefined constant SALT - assumed 'SALT' D:\WWW\ouba\Application\Home\Controller\IndexController.class.php 第 12 行.
INFO: [ view_parse ] --START--
INFO: [ template_filter ] --START--
INFO: Run Behavior\ContentReplaceBehavior [ RunTime:0.000000s ]
INFO: [ template_filter ] --END-- [ RunTime:0.000000s ]
INFO: Run Behavior\ParseTemplateBehavior [ RunTime:0.024002s ]
INFO: [ view_parse ] --END-- [ RunTime:0.024002s ]
INFO: [ view_filter ] --START--
INFO: Run Behavior\WriteHtmlCacheBehavior [ RunTime:0.001000s ]
INFO: [ view_filter ] --END-- [ RunTime:0.001000s ]
INFO: [ app_end ] --START--
INFO: Run Behavior\ShowPageTraceBehavior [ RunTime:0.001000s ]
INFO: [ app_end ] --END-- [ RunTime:0.001000s ]

[ 2015-12-30T17:43:43+08:00 ] 127.0.0.1 /index.php/Home/Index/cl_login
INFO: [ app_init ] --START--
INFO: Run Behavior\BuildLiteBehavior [ RunTime:0.000000s ]
INFO: [ app_init ] --END-- [ RunTime:0.001000s ]
INFO: [ app_begin ] --START--
INFO: Run Behavior\ReadHtmlCacheBehavior [ RunTime:0.001000s ]
INFO: [ app_begin ] --END-- [ RunTime:0.001000s ]
NOTIC: [8] Use of undefined constant SALT - assumed 'SALT' D:\WWW\ouba\Application\Home\Controller\IndexController.class.php 第 12 行.
SQL: SHOW COLUMNS FROM `onethink_ucenter_member` [ RunTime:0.0090s ]
SQL: SELECT `password`,`status`,`pid` FROM `onethink_ucenter_member` WHERE ( username='admin' ) LIMIT 1   [ RunTime:0.0100s ]

[ 2015-12-30T17:43:43+08:00 ] 127.0.0.1 /index.php/Home/Index/cl_login_in
INFO: [ app_init ] --START--
INFO: Run Behavior\BuildLiteBehavior [ RunTime:0.000000s ]
INFO: [ app_init ] --END-- [ RunTime:0.001000s ]
INFO: [ app_begin ] --START--
INFO: Run Behavior\ReadHtmlCacheBehavior [ RunTime:0.001000s ]
INFO: [ app_begin ] --END-- [ RunTime:0.001000s ]
NOTIC: [8] Use of undefined constant SALT - assumed 'SALT' D:\WWW\ouba\Application\Home\Controller\IndexController.class.php 第 12 行.
INFO: [ view_parse ] --START--
INFO: [ template_filter ] --START--
INFO: Run Behavior\ContentReplaceBehavior [ RunTime:0.000000s ]
INFO: [ template_filter ] --END-- [ RunTime:0.000000s ]
INFO: Run Behavior\ParseTemplateBehavior [ RunTime:0.010000s ]
INFO: [ view_parse ] --END-- [ RunTime:0.010000s ]
INFO: [ view_filter ] --START--
INFO: Run Behavior\WriteHtmlCacheBehavior [ RunTime:0.000000s ]
INFO: [ view_filter ] --END-- [ RunTime:0.000000s ]
INFO: [ app_end ] --START--
INFO: Run Behavior\ShowPageTraceBehavior [ RunTime:0.001000s ]
INFO: [ app_end ] --END-- [ RunTime:0.001000s ]

[ 2015-12-30T17:43:47+08:00 ] 127.0.0.1 /index.php/Home/Menu/printer
INFO: [ app_init ] --START--
INFO: Run Behavior\BuildLiteBehavior [ RunTime:0.000000s ]
INFO: [ app_init ] --END-- [ RunTime:0.000000s ]
INFO: [ app_begin ] --START--
INFO: Run Behavior\ReadHtmlCacheBehavior [ RunTime:0.000000s ]
INFO: [ app_begin ] --END-- [ RunTime:0.000000s ]
NOTIC: [8] Use of undefined constant PNAME - assumed 'PNAME' D:\WWW\ouba\Application\Home\Controller\MenuController.class.php 第 15 行.
NOTIC: [8] Use of undefined constant SECRET_KEY - assumed 'SECRET_KEY' D:\WWW\ouba\Application\Home\Controller\MenuController.class.php 第 16 行.
NOTIC: [8] Use of undefined constant API_URL - assumed 'API_URL' D:\WWW\ouba\Application\Home\Controller\MenuController.class.php 第 17 行.
SQL: SHOW COLUMNS FROM `onethink_house` [ RunTime:0.0230s ]
SQL: SELECT COUNT(h.id) AS tp_count FROM onethink_house as h left JOIN onethink_ucenter_member as oum on h.respid=oum.id  WHERE h.status = '2' AND `capitalsource` = 4 LIMIT 1   [ RunTime:0.0220s ]
SQL: SELECT h.*,os.status as ostatus,oum.id as oumid,oum.username FROM onethink_house as h left JOIN onethink_ucenter_member as oum on h.respid=oum.id INNER JOIN onethink_status as os on h.status=os.id  WHERE h.status <= '4' AND `capitalsource` = 4 ORDER BY h.add_time desc LIMIT 0,10   [ RunTime:0.0110s ]
INFO: [ view_parse ] --START--
INFO: [ template_filter ] --START--
INFO: Run Behavior\ContentReplaceBehavior [ RunTime:0.000000s ]
INFO: [ template_filter ] --END-- [ RunTime:0.000000s ]
INFO: Run Behavior\ParseTemplateBehavior [ RunTime:0.010001s ]
INFO: [ view_parse ] --END-- [ RunTime:0.010001s ]
INFO: [ view_filter ] --START--
INFO: Run Behavior\WriteHtmlCacheBehavior [ RunTime:0.000000s ]
INFO: [ view_filter ] --END-- [ RunTime:0.000000s ]
INFO: [ app_end ] --START--
INFO: Run Behavior\ShowPageTraceBehavior [ RunTime:0.000000s ]
INFO: [ app_end ] --END-- [ RunTime:0.000000s ]

[ 2015-12-30T17:43:48+08:00 ] 127.0.0.1 /index.php/Home/Menu/contract?id=463
INFO: [ app_init ] --START--
INFO: Run Behavior\BuildLiteBehavior [ RunTime:0.000000s ]
INFO: [ app_init ] --END-- [ RunTime:0.000000s ]
INFO: [ app_begin ] --START--
INFO: Run Behavior\ReadHtmlCacheBehavior [ RunTime:0.001001s ]
INFO: [ app_begin ] --END-- [ RunTime:0.001001s ]
NOTIC: [8] Use of undefined constant PNAME - assumed 'PNAME' D:\WWW\ouba\Application\Home\Controller\MenuController.class.php 第 15 行.
NOTIC: [8] Use of undefined constant SECRET_KEY - assumed 'SECRET_KEY' D:\WWW\ouba\Application\Home\Controller\MenuController.class.php 第 16 行.
NOTIC: [8] Use of undefined constant API_URL - assumed 'API_URL' D:\WWW\ouba\Application\Home\Controller\MenuController.class.php 第 17 行.
SQL: SHOW COLUMNS FROM `onethink_house` [ RunTime:0.0090s ]
SQL: SELECT * FROM `onethink_house` WHERE `id` = 463 LIMIT 1   [ RunTime:0.0520s ]
INFO: [ view_parse ] --START--
INFO: [ template_filter ] --START--
INFO: Run Behavior\ContentReplaceBehavior [ RunTime:0.002001s ]
INFO: [ template_filter ] --END-- [ RunTime:0.002001s ]
NOTIC: [8] Undefined index: rate/360 D:\WWW\ouba\Application\Runtime\Cache\Home\9dc306b09e873e7cb3cb5f251a76acc4.php 第 5573 行.
INFO: Run Behavior\ParseTemplateBehavior [ RunTime:0.072004s ]
INFO: [ view_parse ] --END-- [ RunTime:0.072004s ]
INFO: [ view_filter ] --START--
INFO: Run Behavior\WriteHtmlCacheBehavior [ RunTime:0.000000s ]
INFO: [ view_filter ] --END-- [ RunTime:0.000000s ]
INFO: [ app_end ] --START--
INFO: Run Behavior\ShowPageTraceBehavior [ RunTime:0.000000s ]
INFO: [ app_end ] --END-- [ RunTime:0.000000s ]

[ 2015-12-30T17:43:48+08:00 ] 127.0.0.1 /index.php/Home/Menu/contractload?numtext=%E5%90%88%E5%90%8C%E7%BC%96%E5%8F%B7%EF%BC%9A&csttext=11&pledgeteltext=1&upperpricetext=&durationtext=11&houseaddresstext=1&pledgeidnotext=1&_=1451468628544
INFO: [ app_init ] --START--
INFO: Run Behavior\BuildLiteBehavior [ RunTime:0.000000s ]
INFO: [ app_init ] --END-- [ RunTime:0.001000s ]
INFO: [ app_begin ] --START--
INFO: Run Behavior\ReadHtmlCacheBehavior [ RunTime:0.001000s ]
INFO: [ app_begin ] --END-- [ RunTime:0.001000s ]
NOTIC: [8] Use of undefined constant PNAME - assumed 'PNAME' D:\WWW\ouba\Application\Home\Controller\MenuController.class.php 第 15 行.
NOTIC: [8] Use of undefined constant SECRET_KEY - assumed 'SECRET_KEY' D:\WWW\ouba\Application\Home\Controller\MenuController.class.php 第 16 行.
NOTIC: [8] Use of undefined constant API_URL - assumed 'API_URL' D:\WWW\ouba\Application\Home\Controller\MenuController.class.php 第 17 行.
NOTIC: [8] Undefined index: areatext D:\WWW\ouba\Application\Home\Controller\MenuController.class.php 第 844 行.
INFO: [ app_end ] --START--
INFO: Run Behavior\ShowPageTraceBehavior [ RunTime:0.001000s ]
INFO: [ app_end ] --END-- [ RunTime:0.001000s ]

[ 2015-12-30T17:43:50+08:00 ] 127.0.0.1 /index.php/Home/Menu/printer
INFO: [ app_init ] --START--
INFO: Run Behavior\BuildLiteBehavior [ RunTime:0.000000s ]
INFO: [ app_init ] --END-- [ RunTime:0.000000s ]
INFO: [ app_begin ] --START--
INFO: Run Behavior\ReadHtmlCacheBehavior [ RunTime:0.001000s ]
INFO: [ app_begin ] --END-- [ RunTime:0.001000s ]
NOTIC: [8] Use of undefined constant PNAME - assumed 'PNAME' D:\WWW\ouba\Application\Home\Controller\MenuController.class.php 第 15 行.
NOTIC: [8] Use of undefined constant SECRET_KEY - assumed 'SECRET_KEY' D:\WWW\ouba\Application\Home\Controller\MenuController.class.php 第 16 行.
NOTIC: [8] Use of undefined constant API_URL - assumed 'API_URL' D:\WWW\ouba\Application\Home\Controller\MenuController.class.php 第 17 行.
SQL: SHOW COLUMNS FROM `onethink_house` [ RunTime:0.0150s ]
SQL: SELECT COUNT(h.id) AS tp_count FROM onethink_house as h left JOIN onethink_ucenter_member as oum on h.respid=oum.id  WHERE h.status = '2' AND `capitalsource` = 4 LIMIT 1   [ RunTime:0.0120s ]
SQL: SELECT h.*,os.status as ostatus,oum.id as oumid,oum.username FROM onethink_house as h left JOIN onethink_ucenter_member as oum on h.respid=oum.id INNER JOIN onethink_status as os on h.status=os.id  WHERE h.status <= '4' AND `capitalsource` = 4 ORDER BY h.add_time desc LIMIT 0,10   [ RunTime:0.0140s ]
INFO: [ view_parse ] --START--
INFO: [ template_filter ] --START--
INFO: Run Behavior\ContentReplaceBehavior [ RunTime:0.000000s ]
INFO: [ template_filter ] --END-- [ RunTime:0.000000s ]
INFO: Run Behavior\ParseTemplateBehavior [ RunTime:0.009000s ]
INFO: [ view_parse ] --END-- [ RunTime:0.009000s ]
INFO: [ view_filter ] --START--
INFO: Run Behavior\WriteHtmlCacheBehavior [ RunTime:0.001000s ]
INFO: [ view_filter ] --END-- [ RunTime:0.001000s ]
INFO: [ app_end ] --START--
INFO: Run Behavior\ShowPageTraceBehavior [ RunTime:0.001000s ]
INFO: [ app_end ] --END-- [ RunTime:0.001000s ]

