[ 2016-01-11T09:13:14+08:00 ] 127.0.0.1 /
INFO: [ app_init ] --START--
INFO: Run Behavior\BuildLiteBehavior [ RunTime:0.000000s ]
INFO: [ app_init ] --END-- [ RunTime:0.001000s ]
INFO: [ app_begin ] --START--
INFO: Run Behavior\ReadHtmlCacheBehavior [ RunTime:0.001000s ]
INFO: [ app_begin ] --END-- [ RunTime:0.001000s ]
NOTIC: [8] Use of undefined constant SALT - assumed 'SALT' D:\WWW\ouba\Application\Home\Controller\IndexController.class.php 第 12 行.
INFO: [ view_parse ] --START--
INFO: [ template_filter ] --START--
INFO: Run Behavior\ContentReplaceBehavior [ RunTime:0.000000s ]
INFO: [ template_filter ] --END-- [ RunTime:0.000000s ]
INFO: Run Behavior\ParseTemplateBehavior [ RunTime:0.008001s ]
INFO: [ view_parse ] --END-- [ RunTime:0.008001s ]
INFO: [ view_filter ] --START--
INFO: Run Behavior\WriteHtmlCacheBehavior [ RunTime:0.001000s ]
INFO: [ view_filter ] --END-- [ RunTime:0.001000s ]
INFO: [ app_end ] --START--
INFO: Run Behavior\ShowPageTraceBehavior [ RunTime:0.001000s ]
INFO: [ app_end ] --END-- [ RunTime:0.001000s ]

[ 2016-01-11T09:13:03+08:00 ] 127.0.0.1 /index.php/Home/Index/cl_login
INFO: [ app_init ] --START--
INFO: Run Behavior\BuildLiteBehavior [ RunTime:0.000000s ]
INFO: [ app_init ] --END-- [ RunTime:0.001000s ]
INFO: [ app_begin ] --START--
INFO: Run Behavior\ReadHtmlCacheBehavior [ RunTime:0.001000s ]
INFO: [ app_begin ] --END-- [ RunTime:0.001000s ]
NOTIC: [8] Use of undefined constant SALT - assumed 'SALT' D:\WWW\ouba\Application\Home\Controller\IndexController.class.php 第 12 行.
SQL: SHOW COLUMNS FROM `onethink_ucenter_member` [ RunTime:0.0140s ]
SQL: SELECT `password`,`status`,`pid` FROM `onethink_ucenter_member` WHERE ( username='admin' ) LIMIT 1   [ RunTime:0.0130s ]

[ 2016-01-11T09:13:03+08:00 ] 127.0.0.1 /index.php/Home/Index/cl_login_in
INFO: [ app_init ] --START--
INFO: Run Behavior\BuildLiteBehavior [ RunTime:0.000000s ]
INFO: [ app_init ] --END-- [ RunTime:0.001000s ]
INFO: [ app_begin ] --START--
INFO: Run Behavior\ReadHtmlCacheBehavior [ RunTime:0.001000s ]
INFO: [ app_begin ] --END-- [ RunTime:0.001000s ]
NOTIC: [8] Use of undefined constant SALT - assumed 'SALT' D:\WWW\ouba\Application\Home\Controller\IndexController.class.php 第 12 行.
INFO: [ view_parse ] --START--
INFO: [ template_filter ] --START--
INFO: Run Behavior\ContentReplaceBehavior [ RunTime:0.000000s ]
INFO: [ template_filter ] --END-- [ RunTime:0.001000s ]
INFO: Run Behavior\ParseTemplateBehavior [ RunTime:0.010000s ]
INFO: [ view_parse ] --END-- [ RunTime:0.010000s ]
INFO: [ view_filter ] --START--
INFO: Run Behavior\WriteHtmlCacheBehavior [ RunTime:0.001001s ]
INFO: [ view_filter ] --END-- [ RunTime:0.001001s ]
INFO: [ app_end ] --START--
INFO: Run Behavior\ShowPageTraceBehavior [ RunTime:0.001000s ]
INFO: [ app_end ] --END-- [ RunTime:0.001000s ]

[ 2016-01-11T09:13:11+08:00 ] 127.0.0.1 /index.php/Home/Role/indexlist
INFO: [ app_init ] --START--
INFO: Run Behavior\BuildLiteBehavior [ RunTime:0.001000s ]
INFO: [ app_init ] --END-- [ RunTime:0.001000s ]
INFO: [ app_begin ] --START--
INFO: Run Behavior\ReadHtmlCacheBehavior [ RunTime:0.001000s ]
INFO: [ app_begin ] --END-- [ RunTime:0.001000s ]
NOTIC: [8] Use of undefined constant SALT - assumed 'SALT' D:\WWW\ouba\Application\Home\Controller\RoleController.class.php 第 13 行.
NOTIC: [8] Use of undefined constant SURL - assumed 'SURL' D:\WWW\ouba\Application\Home\Controller\RoleController.class.php 第 14 行.
NOTIC: [8] Use of undefined constant PNAME - assumed 'PNAME' D:\WWW\ouba\Application\Home\Controller\RoleController.class.php 第 15 行.
NOTIC: [8] Use of undefined constant SECRET_KEY - assumed 'SECRET_KEY' D:\WWW\ouba\Application\Home\Controller\RoleController.class.php 第 16 行.
SQL: SHOW COLUMNS FROM `onethink_ucenter_member` [ RunTime:0.0090s ]
SQL: SELECT um.*,ou.status as ocstatus FROM onethink_ucenter_member um left JOIN onethink_ucstatus as ou on um.status=ou.id   [ RunTime:0.0080s ]
INFO: [ view_parse ] --START--
INFO: [ template_filter ] --START--
INFO: Run Behavior\ContentReplaceBehavior [ RunTime:0.000000s ]
INFO: [ template_filter ] --END-- [ RunTime:0.000000s ]
NOTIC: [8] Undefined variable: page D:\WWW\ouba\Application\Runtime\Cache\Home\e08766b67344b3fa9dc4dc902f4dfdcc.php 第 276 行.
INFO: Run Behavior\ParseTemplateBehavior [ RunTime:0.011001s ]
INFO: [ view_parse ] --END-- [ RunTime:0.011001s ]
INFO: [ view_filter ] --START--
INFO: Run Behavior\WriteHtmlCacheBehavior [ RunTime:0.001000s ]
INFO: [ view_filter ] --END-- [ RunTime:0.001000s ]
INFO: [ app_end ] --START--
INFO: Run Behavior\ShowPageTraceBehavior [ RunTime:0.001000s ]
INFO: [ app_end ] --END-- [ RunTime:0.001000s ]

[ 2016-01-11T09:13:16+08:00 ] 127.0.0.1 /index.php/Home/Role/managelist
INFO: [ app_init ] --START--
INFO: Run Behavior\BuildLiteBehavior [ RunTime:0.000000s ]
INFO: [ app_init ] --END-- [ RunTime:0.000000s ]
INFO: [ app_begin ] --START--
INFO: Run Behavior\ReadHtmlCacheBehavior [ RunTime:0.001000s ]
INFO: [ app_begin ] --END-- [ RunTime:0.001000s ]
NOTIC: [8] Use of undefined constant SALT - assumed 'SALT' D:\WWW\ouba\Application\Home\Controller\RoleController.class.php 第 13 行.
NOTIC: [8] Use of undefined constant SURL - assumed 'SURL' D:\WWW\ouba\Application\Home\Controller\RoleController.class.php 第 14 行.
NOTIC: [8] Use of undefined constant PNAME - assumed 'PNAME' D:\WWW\ouba\Application\Home\Controller\RoleController.class.php 第 15 行.
NOTIC: [8] Use of undefined constant SECRET_KEY - assumed 'SECRET_KEY' D:\WWW\ouba\Application\Home\Controller\RoleController.class.php 第 16 行.
SQL: SHOW COLUMNS FROM `onethink_organization` [ RunTime:0.0090s ]
SQL: SELECT o.*,orz.oxz FROM onethink_organization o INNER JOIN onethink_orxz as orz on o.xingzhi=orz.id   [ RunTime:0.0120s ]
INFO: [ view_parse ] --START--
INFO: [ template_filter ] --START--
INFO: Run Behavior\ContentReplaceBehavior [ RunTime:0.000000s ]
INFO: [ template_filter ] --END-- [ RunTime:0.000000s ]
NOTIC: [8] Undefined variable: page D:\WWW\ouba\Application\Runtime\Cache\Home\dc03fe1a7ef6b53e9b063c6f491c294e.php 第 273 行.
INFO: Run Behavior\ParseTemplateBehavior [ RunTime:0.020002s ]
INFO: [ view_parse ] --END-- [ RunTime:0.020002s ]
INFO: [ view_filter ] --START--
INFO: Run Behavior\WriteHtmlCacheBehavior [ RunTime:0.001000s ]
INFO: [ view_filter ] --END-- [ RunTime:0.001000s ]
INFO: [ app_end ] --START--
INFO: Run Behavior\ShowPageTraceBehavior [ RunTime:0.001000s ]
INFO: [ app_end ] --END-- [ RunTime:0.001000s ]

[ 2016-01-11T09:13:16+08:00 ] 127.0.0.1 /index.php/Home/Role/indexlist
INFO: [ app_init ] --START--
INFO: Run Behavior\BuildLiteBehavior [ RunTime:0.000000s ]
INFO: [ app_init ] --END-- [ RunTime:0.001000s ]
INFO: [ app_begin ] --START--
INFO: Run Behavior\ReadHtmlCacheBehavior [ RunTime:0.001000s ]
INFO: [ app_begin ] --END-- [ RunTime:0.001000s ]
NOTIC: [8] Use of undefined constant SALT - assumed 'SALT' D:\WWW\ouba\Application\Home\Controller\RoleController.class.php 第 13 行.
NOTIC: [8] Use of undefined constant SURL - assumed 'SURL' D:\WWW\ouba\Application\Home\Controller\RoleController.class.php 第 14 行.
NOTIC: [8] Use of undefined constant PNAME - assumed 'PNAME' D:\WWW\ouba\Application\Home\Controller\RoleController.class.php 第 15 行.
NOTIC: [8] Use of undefined constant SECRET_KEY - assumed 'SECRET_KEY' D:\WWW\ouba\Application\Home\Controller\RoleController.class.php 第 16 行.
SQL: SHOW COLUMNS FROM `onethink_ucenter_member` [ RunTime:0.0160s ]
SQL: SELECT um.*,ou.status as ocstatus FROM onethink_ucenter_member um left JOIN onethink_ucstatus as ou on um.status=ou.id   [ RunTime:0.0150s ]
INFO: [ view_parse ] --START--
INFO: [ template_filter ] --START--
INFO: Run Behavior\ContentReplaceBehavior [ RunTime:0.000000s ]
INFO: [ template_filter ] --END-- [ RunTime:0.000000s ]
NOTIC: [8] Undefined variable: page D:\WWW\ouba\Application\Runtime\Cache\Home\e08766b67344b3fa9dc4dc902f4dfdcc.php 第 276 行.
INFO: Run Behavior\ParseTemplateBehavior [ RunTime:0.018001s ]
INFO: [ view_parse ] --END-- [ RunTime:0.018001s ]
INFO: [ view_filter ] --START--
INFO: Run Behavior\WriteHtmlCacheBehavior [ RunTime:0.001000s ]
INFO: [ view_filter ] --END-- [ RunTime:0.001000s ]
INFO: [ app_end ] --START--
INFO: Run Behavior\ShowPageTraceBehavior [ RunTime:0.002000s ]
INFO: [ app_end ] --END-- [ RunTime:0.002000s ]

[ 2016-01-11T09:22:46+08:00 ] 127.0.0.1 /index.php/Home/Index/cl_login_in
INFO: [ app_init ] --START--
INFO: Run Behavior\BuildLiteBehavior [ RunTime:0.000000s ]
INFO: [ app_init ] --END-- [ RunTime:0.001000s ]
INFO: [ app_begin ] --START--
INFO: Run Behavior\ReadHtmlCacheBehavior [ RunTime:0.001000s ]
INFO: [ app_begin ] --END-- [ RunTime:0.001000s ]
NOTIC: [8] Use of undefined constant SALT - assumed 'SALT' D:\WWW\ouba\Application\Home\Controller\IndexController.class.php 第 12 行.
INFO: [ view_parse ] --START--
INFO: [ template_filter ] --START--
INFO: Run Behavior\ContentReplaceBehavior [ RunTime:0.000000s ]
INFO: [ template_filter ] --END-- [ RunTime:0.000000s ]
INFO: Run Behavior\ParseTemplateBehavior [ RunTime:0.009001s ]
INFO: [ view_parse ] --END-- [ RunTime:0.009001s ]
INFO: [ view_filter ] --START--
INFO: Run Behavior\WriteHtmlCacheBehavior [ RunTime:0.001000s ]
INFO: [ view_filter ] --END-- [ RunTime:0.001000s ]
INFO: [ app_end ] --START--
INFO: Run Behavior\ShowPageTraceBehavior [ RunTime:0.001000s ]
INFO: [ app_end ] --END-- [ RunTime:0.001000s ]

[ 2016-01-11T09:22:50+08:00 ] 127.0.0.1 /index.php/Home/Role/indexlist
INFO: [ app_init ] --START--
INFO: Run Behavior\BuildLiteBehavior [ RunTime:0.000000s ]
INFO: [ app_init ] --END-- [ RunTime:0.000000s ]
INFO: [ app_begin ] --START--
INFO: Run Behavior\ReadHtmlCacheBehavior [ RunTime:0.000000s ]
INFO: [ app_begin ] --END-- [ RunTime:0.000000s ]
NOTIC: [8] Use of undefined constant SALT - assumed 'SALT' D:\WWW\ouba\Application\Home\Controller\RoleController.class.php 第 13 行.
NOTIC: [8] Use of undefined constant SURL - assumed 'SURL' D:\WWW\ouba\Application\Home\Controller\RoleController.class.php 第 14 行.
NOTIC: [8] Use of undefined constant PNAME - assumed 'PNAME' D:\WWW\ouba\Application\Home\Controller\RoleController.class.php 第 15 行.
NOTIC: [8] Use of undefined constant SECRET_KEY - assumed 'SECRET_KEY' D:\WWW\ouba\Application\Home\Controller\RoleController.class.php 第 16 行.
SQL: SHOW COLUMNS FROM `onethink_ucenter_member` [ RunTime:0.4990s ]
SQL: SELECT COUNT(*) AS tp_count FROM onethink_ucenter_member um left JOIN onethink_ucstatus as ou on um.status=ou.id  LIMIT 1   [ RunTime:0.4490s ]

[ 2016-01-11T09:23:09+08:00 ] 127.0.0.1 /index.php/Home/Index/cl_login_in
INFO: [ app_init ] --START--
INFO: Run Behavior\BuildLiteBehavior [ RunTime:0.000000s ]
INFO: [ app_init ] --END-- [ RunTime:0.001000s ]
INFO: [ app_begin ] --START--
INFO: Run Behavior\ReadHtmlCacheBehavior [ RunTime:0.001000s ]
INFO: [ app_begin ] --END-- [ RunTime:0.001000s ]
NOTIC: [8] Use of undefined constant SALT - assumed 'SALT' D:\WWW\ouba\Application\Home\Controller\IndexController.class.php 第 12 行.
INFO: [ view_parse ] --START--
INFO: [ template_filter ] --START--
INFO: Run Behavior\ContentReplaceBehavior [ RunTime:0.000000s ]
INFO: [ template_filter ] --END-- [ RunTime:0.000000s ]
INFO: Run Behavior\ParseTemplateBehavior [ RunTime:0.010001s ]
INFO: [ view_parse ] --END-- [ RunTime:0.010001s ]
INFO: [ view_filter ] --START--
INFO: Run Behavior\WriteHtmlCacheBehavior [ RunTime:0.001000s ]
INFO: [ view_filter ] --END-- [ RunTime:0.001000s ]
INFO: [ app_end ] --START--
INFO: Run Behavior\ShowPageTraceBehavior [ RunTime:0.000000s ]
INFO: [ app_end ] --END-- [ RunTime:0.000000s ]

[ 2016-01-11T09:23:12+08:00 ] 127.0.0.1 /index.php/Home/Role/indexlist
INFO: [ app_init ] --START--
INFO: Run Behavior\BuildLiteBehavior [ RunTime:0.000000s ]
INFO: [ app_init ] --END-- [ RunTime:0.001000s ]
INFO: [ app_begin ] --START--
INFO: Run Behavior\ReadHtmlCacheBehavior [ RunTime:0.001000s ]
INFO: [ app_begin ] --END-- [ RunTime:0.002000s ]
NOTIC: [8] Use of undefined constant SALT - assumed 'SALT' D:\WWW\ouba\Application\Home\Controller\RoleController.class.php 第 13 行.
NOTIC: [8] Use of undefined constant SURL - assumed 'SURL' D:\WWW\ouba\Application\Home\Controller\RoleController.class.php 第 14 行.
NOTIC: [8] Use of undefined constant PNAME - assumed 'PNAME' D:\WWW\ouba\Application\Home\Controller\RoleController.class.php 第 15 行.
NOTIC: [8] Use of undefined constant SECRET_KEY - assumed 'SECRET_KEY' D:\WWW\ouba\Application\Home\Controller\RoleController.class.php 第 16 行.
SQL: SHOW COLUMNS FROM `onethink_ucenter_member` [ RunTime:0.5000s ]
SQL: SELECT COUNT(*) AS tp_count FROM onethink_ucenter_member um left JOIN onethink_ucstatus as ou on um.status=ou.id  LIMIT 1   [ RunTime:0.4500s ]

[ 2016-01-11T09:23:20+08:00 ] 127.0.0.1 /index.php/Home/Index/cl_login_in
INFO: [ app_init ] --START--
INFO: Run Behavior\BuildLiteBehavior [ RunTime:0.000000s ]
INFO: [ app_init ] --END-- [ RunTime:0.001000s ]
INFO: [ app_begin ] --START--
INFO: Run Behavior\ReadHtmlCacheBehavior [ RunTime:0.001000s ]
INFO: [ app_begin ] --END-- [ RunTime:0.001000s ]
NOTIC: [8] Use of undefined constant SALT - assumed 'SALT' D:\WWW\ouba\Application\Home\Controller\IndexController.class.php 第 12 行.
INFO: [ view_parse ] --START--
INFO: [ template_filter ] --START--
INFO: Run Behavior\ContentReplaceBehavior [ RunTime:0.000000s ]
INFO: [ template_filter ] --END-- [ RunTime:0.000000s ]
INFO: Run Behavior\ParseTemplateBehavior [ RunTime:0.009001s ]
INFO: [ view_parse ] --END-- [ RunTime:0.009001s ]
INFO: [ view_filter ] --START--
INFO: Run Behavior\WriteHtmlCacheBehavior [ RunTime:0.001000s ]
INFO: [ view_filter ] --END-- [ RunTime:0.001000s ]
INFO: [ app_end ] --START--
INFO: Run Behavior\ShowPageTraceBehavior [ RunTime:0.001000s ]
INFO: [ app_end ] --END-- [ RunTime:0.001000s ]

[ 2016-01-11T09:23:23+08:00 ] 127.0.0.1 /index.php/Home/Role/indexlist
INFO: [ app_init ] --START--
INFO: Run Behavior\BuildLiteBehavior [ RunTime:0.000000s ]
INFO: [ app_init ] --END-- [ RunTime:0.000000s ]
INFO: [ app_begin ] --START--
INFO: Run Behavior\ReadHtmlCacheBehavior [ RunTime:0.000000s ]
INFO: [ app_begin ] --END-- [ RunTime:0.000000s ]
NOTIC: [8] Use of undefined constant SALT - assumed 'SALT' D:\WWW\ouba\Application\Home\Controller\RoleController.class.php 第 13 行.
NOTIC: [8] Use of undefined constant SURL - assumed 'SURL' D:\WWW\ouba\Application\Home\Controller\RoleController.class.php 第 14 行.
NOTIC: [8] Use of undefined constant PNAME - assumed 'PNAME' D:\WWW\ouba\Application\Home\Controller\RoleController.class.php 第 15 行.
NOTIC: [8] Use of undefined constant SECRET_KEY - assumed 'SECRET_KEY' D:\WWW\ouba\Application\Home\Controller\RoleController.class.php 第 16 行.
SQL: SHOW COLUMNS FROM `onethink_ucenter_member` [ RunTime:0.5010s ]
SQL: SELECT COUNT(*) AS tp_count FROM onethink_ucenter_member um left JOIN onethink_ucstatus as ou on um.status=ou.id  LIMIT 1   [ RunTime:0.4980s ]
SQL: SELECT um.*,ou.status as ocstatus FROM onethink_ucenter_member um left JOIN onethink_ucstatus as ou on um.status=ou.id  LIMIT 0,30   [ RunTime:0.4960s ]
INFO: [ view_parse ] --START--
INFO: [ template_filter ] --START--
INFO: Run Behavior\ContentReplaceBehavior [ RunTime:0.000000s ]
INFO: [ template_filter ] --END-- [ RunTime:0.000000s ]
INFO: Run Behavior\ParseTemplateBehavior [ RunTime:0.029002s ]
INFO: [ view_parse ] --END-- [ RunTime:0.029002s ]
INFO: [ view_filter ] --START--
INFO: Run Behavior\WriteHtmlCacheBehavior [ RunTime:0.001000s ]
INFO: [ view_filter ] --END-- [ RunTime:0.001000s ]
INFO: [ app_end ] --START--
INFO: Run Behavior\ShowPageTraceBehavior [ RunTime:0.001000s ]
INFO: [ app_end ] --END-- [ RunTime:0.001000s ]

[ 2016-01-11T09:24:01+08:00 ] 127.0.0.1 /index.php/Home/Index/cl_login_in
INFO: [ app_init ] --START--
INFO: Run Behavior\BuildLiteBehavior [ RunTime:0.000000s ]
INFO: [ app_init ] --END-- [ RunTime:0.001000s ]
INFO: [ app_begin ] --START--
INFO: Run Behavior\ReadHtmlCacheBehavior [ RunTime:0.000000s ]
INFO: [ app_begin ] --END-- [ RunTime:0.001000s ]
NOTIC: [8] Use of undefined constant SALT - assumed 'SALT' D:\WWW\ouba\Application\Home\Controller\IndexController.class.php 第 12 行.
INFO: [ view_parse ] --START--
INFO: [ template_filter ] --START--
INFO: Run Behavior\ContentReplaceBehavior [ RunTime:0.000000s ]
INFO: [ template_filter ] --END-- [ RunTime:0.000000s ]
INFO: Run Behavior\ParseTemplateBehavior [ RunTime:0.008001s ]
INFO: [ view_parse ] --END-- [ RunTime:0.008001s ]
INFO: [ view_filter ] --START--
INFO: Run Behavior\WriteHtmlCacheBehavior [ RunTime:0.001000s ]
INFO: [ view_filter ] --END-- [ RunTime:0.001000s ]
INFO: [ app_end ] --START--
INFO: Run Behavior\ShowPageTraceBehavior [ RunTime:0.001000s ]
INFO: [ app_end ] --END-- [ RunTime:0.001000s ]

[ 2016-01-11T09:24:05+08:00 ] 127.0.0.1 /index.php/Home/Role/indexlist
INFO: [ app_init ] --START--
INFO: Run Behavior\BuildLiteBehavior [ RunTime:0.000000s ]
INFO: [ app_init ] --END-- [ RunTime:0.001000s ]
INFO: [ app_begin ] --START--
INFO: Run Behavior\ReadHtmlCacheBehavior [ RunTime:0.001000s ]
INFO: [ app_begin ] --END-- [ RunTime:0.001000s ]
NOTIC: [8] Use of undefined constant SALT - assumed 'SALT' D:\WWW\ouba\Application\Home\Controller\RoleController.class.php 第 13 行.
NOTIC: [8] Use of undefined constant SURL - assumed 'SURL' D:\WWW\ouba\Application\Home\Controller\RoleController.class.php 第 14 行.
NOTIC: [8] Use of undefined constant PNAME - assumed 'PNAME' D:\WWW\ouba\Application\Home\Controller\RoleController.class.php 第 15 行.
NOTIC: [8] Use of undefined constant SECRET_KEY - assumed 'SECRET_KEY' D:\WWW\ouba\Application\Home\Controller\RoleController.class.php 第 16 行.
SQL: SHOW COLUMNS FROM `onethink_ucenter_member` [ RunTime:0.5010s ]
SQL: SELECT COUNT(*) AS tp_count FROM onethink_ucenter_member um left JOIN onethink_ucstatus as ou on um.status=ou.id  LIMIT 1   [ RunTime:0.5000s ]
SQL: SELECT um.*,ou.status as ocstatus FROM onethink_ucenter_member um left JOIN onethink_ucstatus as ou on um.status=ou.id  LIMIT 0,10   [ RunTime:0.4930s ]
INFO: [ view_parse ] --START--
INFO: [ template_filter ] --START--
INFO: Run Behavior\ContentReplaceBehavior [ RunTime:0.000000s ]
INFO: [ template_filter ] --END-- [ RunTime:0.000000s ]
INFO: Run Behavior\ParseTemplateBehavior [ RunTime:0.011000s ]
INFO: [ view_parse ] --END-- [ RunTime:0.011000s ]
INFO: [ view_filter ] --START--
INFO: Run Behavior\WriteHtmlCacheBehavior [ RunTime:0.001000s ]
INFO: [ view_filter ] --END-- [ RunTime:0.001000s ]
INFO: [ app_end ] --START--
INFO: Run Behavior\ShowPageTraceBehavior [ RunTime:0.001001s ]
INFO: [ app_end ] --END-- [ RunTime:0.001001s ]

[ 2016-01-11T09:24:29+08:00 ] 127.0.0.1 /index.php/Home/Role/managelist
INFO: [ app_init ] --START--
INFO: Run Behavior\BuildLiteBehavior [ RunTime:0.000000s ]
INFO: [ app_init ] --END-- [ RunTime:0.000000s ]
INFO: [ app_begin ] --START--
INFO: Run Behavior\ReadHtmlCacheBehavior [ RunTime:0.001000s ]
INFO: [ app_begin ] --END-- [ RunTime:0.001000s ]
NOTIC: [8] Use of undefined constant SALT - assumed 'SALT' D:\WWW\ouba\Application\Home\Controller\RoleController.class.php 第 13 行.
NOTIC: [8] Use of undefined constant SURL - assumed 'SURL' D:\WWW\ouba\Application\Home\Controller\RoleController.class.php 第 14 行.
NOTIC: [8] Use of undefined constant PNAME - assumed 'PNAME' D:\WWW\ouba\Application\Home\Controller\RoleController.class.php 第 15 行.
NOTIC: [8] Use of undefined constant SECRET_KEY - assumed 'SECRET_KEY' D:\WWW\ouba\Application\Home\Controller\RoleController.class.php 第 16 行.
SQL: SHOW COLUMNS FROM `onethink_organization` [ RunTime:0.0130s ]
SQL: SELECT o.*,orz.oxz FROM onethink_organization o INNER JOIN onethink_orxz as orz on o.xingzhi=orz.id   [ RunTime:0.0120s ]
INFO: [ view_parse ] --START--
INFO: [ template_filter ] --START--
INFO: Run Behavior\ContentReplaceBehavior [ RunTime:0.000000s ]
INFO: [ template_filter ] --END-- [ RunTime:0.000000s ]
NOTIC: [8] Undefined variable: page D:\WWW\ouba\Application\Runtime\Cache\Home\dc03fe1a7ef6b53e9b063c6f491c294e.php 第 273 行.
INFO: Run Behavior\ParseTemplateBehavior [ RunTime:0.012001s ]
INFO: [ view_parse ] --END-- [ RunTime:0.012001s ]
INFO: [ view_filter ] --START--
INFO: Run Behavior\WriteHtmlCacheBehavior [ RunTime:0.001000s ]
INFO: [ view_filter ] --END-- [ RunTime:0.001000s ]
INFO: [ app_end ] --START--
INFO: Run Behavior\ShowPageTraceBehavior [ RunTime:0.001000s ]
INFO: [ app_end ] --END-- [ RunTime:0.001000s ]

[ 2016-01-11T09:24:31+08:00 ] 127.0.0.1 /index.php/Home/User/logop
INFO: [ app_init ] --START--
INFO: Run Behavior\BuildLiteBehavior [ RunTime:0.000000s ]
INFO: [ app_init ] --END-- [ RunTime:0.000000s ]
INFO: [ app_begin ] --START--
INFO: Run Behavior\ReadHtmlCacheBehavior [ RunTime:0.000000s ]
INFO: [ app_begin ] --END-- [ RunTime:0.001000s ]
SQL: SHOW COLUMNS FROM `onethink_dts` [ RunTime:0.0110s ]
SQL: SELECT COUNT(*) AS tp_count FROM `onethink_dts` WHERE ( 1=1 ) LIMIT 1   [ RunTime:0.0090s ]
SQL: SELECT * FROM `onethink_dts` WHERE ( 1=1 ) ORDER BY optime desc LIMIT 0,10   [ RunTime:0.0910s ]
INFO: [ view_parse ] --START--
INFO: [ template_filter ] --START--
INFO: Run Behavior\ContentReplaceBehavior [ RunTime:0.000000s ]
INFO: [ template_filter ] --END-- [ RunTime:0.000000s ]
INFO: Run Behavior\ParseTemplateBehavior [ RunTime:0.018001s ]
INFO: [ view_parse ] --END-- [ RunTime:0.019001s ]
INFO: [ view_filter ] --START--
INFO: Run Behavior\WriteHtmlCacheBehavior [ RunTime:0.001001s ]
INFO: [ view_filter ] --END-- [ RunTime:0.001001s ]
INFO: [ app_end ] --START--
INFO: Run Behavior\ShowPageTraceBehavior [ RunTime:0.001000s ]
INFO: [ app_end ] --END-- [ RunTime:0.001000s ]

[ 2016-01-11T09:25:44+08:00 ] 127.0.0.1 /index.php/Home/Index/cl_login_in
INFO: [ app_init ] --START--
INFO: Run Behavior\BuildLiteBehavior [ RunTime:0.000000s ]
INFO: [ app_init ] --END-- [ RunTime:0.001000s ]
INFO: [ app_begin ] --START--
INFO: Run Behavior\ReadHtmlCacheBehavior [ RunTime:0.001000s ]
INFO: [ app_begin ] --END-- [ RunTime:0.001000s ]
NOTIC: [8] Use of undefined constant SALT - assumed 'SALT' D:\WWW\ouba\Application\Home\Controller\IndexController.class.php 第 12 行.
INFO: [ view_parse ] --START--
INFO: [ template_filter ] --START--
INFO: Run Behavior\ContentReplaceBehavior [ RunTime:0.001001s ]
INFO: [ template_filter ] --END-- [ RunTime:0.001001s ]
INFO: Run Behavior\ParseTemplateBehavior [ RunTime:0.009001s ]
INFO: [ view_parse ] --END-- [ RunTime:0.009001s ]
INFO: [ view_filter ] --START--
INFO: Run Behavior\WriteHtmlCacheBehavior [ RunTime:0.000000s ]
INFO: [ view_filter ] --END-- [ RunTime:0.000000s ]
INFO: [ app_end ] --START--
INFO: Run Behavior\ShowPageTraceBehavior [ RunTime:0.001000s ]
INFO: [ app_end ] --END-- [ RunTime:0.001000s ]

[ 2016-01-11T09:25:45+08:00 ] 127.0.0.1 /index.php/Home/User/logop
INFO: [ app_init ] --START--
INFO: Run Behavior\BuildLiteBehavior [ RunTime:0.000000s ]
INFO: [ app_init ] --END-- [ RunTime:0.000000s ]
INFO: [ app_begin ] --START--
INFO: Run Behavior\ReadHtmlCacheBehavior [ RunTime:0.001000s ]
INFO: [ app_begin ] --END-- [ RunTime:0.001000s ]
SQL: SHOW COLUMNS FROM `onethink_dts` [ RunTime:0.0090s ]
SQL: SELECT COUNT(*) AS tp_count FROM `onethink_dts` WHERE ( 1=1 ) LIMIT 1   [ RunTime:0.0080s ]
SQL: SELECT * FROM `onethink_dts` WHERE ( 1=1 ) ORDER BY optime desc LIMIT 0,30   [ RunTime:0.2590s ]
INFO: [ view_parse ] --START--
INFO: [ template_filter ] --START--
INFO: Run Behavior\ContentReplaceBehavior [ RunTime:0.000000s ]
INFO: [ template_filter ] --END-- [ RunTime:0.000000s ]
INFO: Run Behavior\ParseTemplateBehavior [ RunTime:0.012001s ]
INFO: [ view_parse ] --END-- [ RunTime:0.012001s ]
INFO: [ view_filter ] --START--
INFO: Run Behavior\WriteHtmlCacheBehavior [ RunTime:0.001000s ]
INFO: [ view_filter ] --END-- [ RunTime:0.001000s ]
INFO: [ app_end ] --START--
INFO: Run Behavior\ShowPageTraceBehavior [ RunTime:0.001000s ]
INFO: [ app_end ] --END-- [ RunTime:0.001000s ]

[ 2016-01-11T09:25:48+08:00 ] 127.0.0.1 /index.php/Home/Role/managelist
INFO: [ app_init ] --START--
INFO: Run Behavior\BuildLiteBehavior [ RunTime:0.000000s ]
INFO: [ app_init ] --END-- [ RunTime:0.001000s ]
INFO: [ app_begin ] --START--
INFO: Run Behavior\ReadHtmlCacheBehavior [ RunTime:0.001000s ]
INFO: [ app_begin ] --END-- [ RunTime:0.001000s ]
NOTIC: [8] Use of undefined constant SALT - assumed 'SALT' D:\WWW\ouba\Application\Home\Controller\RoleController.class.php 第 13 行.
NOTIC: [8] Use of undefined constant SURL - assumed 'SURL' D:\WWW\ouba\Application\Home\Controller\RoleController.class.php 第 14 行.
NOTIC: [8] Use of undefined constant PNAME - assumed 'PNAME' D:\WWW\ouba\Application\Home\Controller\RoleController.class.php 第 15 行.
NOTIC: [8] Use of undefined constant SECRET_KEY - assumed 'SECRET_KEY' D:\WWW\ouba\Application\Home\Controller\RoleController.class.php 第 16 行.
SQL: SHOW COLUMNS FROM `onethink_organization` [ RunTime:0.0100s ]
SQL: SELECT o.*,orz.oxz FROM onethink_organization o INNER JOIN onethink_orxz as orz on o.xingzhi=orz.id   [ RunTime:0.0110s ]
INFO: [ view_parse ] --START--
INFO: [ template_filter ] --START--
INFO: Run Behavior\ContentReplaceBehavior [ RunTime:0.000000s ]
INFO: [ template_filter ] --END-- [ RunTime:0.000000s ]
NOTIC: [8] Undefined variable: page D:\WWW\ouba\Application\Runtime\Cache\Home\dc03fe1a7ef6b53e9b063c6f491c294e.php 第 273 行.
INFO: Run Behavior\ParseTemplateBehavior [ RunTime:0.008000s ]
INFO: [ view_parse ] --END-- [ RunTime:0.008000s ]
INFO: [ view_filter ] --START--
INFO: Run Behavior\WriteHtmlCacheBehavior [ RunTime:0.001001s ]
INFO: [ view_filter ] --END-- [ RunTime:0.001001s ]
INFO: [ app_end ] --START--
INFO: Run Behavior\ShowPageTraceBehavior [ RunTime:0.001000s ]
INFO: [ app_end ] --END-- [ RunTime:0.001000s ]

[ 2016-01-11T09:29:09+08:00 ] 127.0.0.1 /index.php/Home/Index/cl_login_in
INFO: [ app_init ] --START--
INFO: Run Behavior\BuildLiteBehavior [ RunTime:0.000000s ]
INFO: [ app_init ] --END-- [ RunTime:0.001000s ]
INFO: [ app_begin ] --START--
INFO: Run Behavior\ReadHtmlCacheBehavior [ RunTime:0.001000s ]
INFO: [ app_begin ] --END-- [ RunTime:0.001000s ]
NOTIC: [8] Use of undefined constant SALT - assumed 'SALT' D:\WWW\ouba\Application\Home\Controller\IndexController.class.php 第 12 行.
INFO: [ view_parse ] --START--
INFO: [ template_filter ] --START--
INFO: Run Behavior\ContentReplaceBehavior [ RunTime:0.000000s ]
INFO: [ template_filter ] --END-- [ RunTime:0.000000s ]
INFO: Run Behavior\ParseTemplateBehavior [ RunTime:0.009000s ]
INFO: [ view_parse ] --END-- [ RunTime:0.009000s ]
INFO: [ view_filter ] --START--
INFO: Run Behavior\WriteHtmlCacheBehavior [ RunTime:0.001000s ]
INFO: [ view_filter ] --END-- [ RunTime:0.001000s ]
INFO: [ app_end ] --START--
INFO: Run Behavior\ShowPageTraceBehavior [ RunTime:0.001000s ]
INFO: [ app_end ] --END-- [ RunTime:0.001000s ]

[ 2016-01-11T09:29:09+08:00 ] 127.0.0.1 /index.php/Home/Role/managelist
INFO: [ app_init ] --START--
INFO: Run Behavior\BuildLiteBehavior [ RunTime:0.000000s ]
INFO: [ app_init ] --END-- [ RunTime:0.001000s ]
INFO: [ app_begin ] --START--
INFO: Run Behavior\ReadHtmlCacheBehavior [ RunTime:0.001000s ]
INFO: [ app_begin ] --END-- [ RunTime:0.001000s ]
NOTIC: [8] Use of undefined constant SALT - assumed 'SALT' D:\WWW\ouba\Application\Home\Controller\RoleController.class.php 第 13 行.
NOTIC: [8] Use of undefined constant SURL - assumed 'SURL' D:\WWW\ouba\Application\Home\Controller\RoleController.class.php 第 14 行.
NOTIC: [8] Use of undefined constant PNAME - assumed 'PNAME' D:\WWW\ouba\Application\Home\Controller\RoleController.class.php 第 15 行.
NOTIC: [8] Use of undefined constant SECRET_KEY - assumed 'SECRET_KEY' D:\WWW\ouba\Application\Home\Controller\RoleController.class.php 第 16 行.
SQL: SHOW COLUMNS FROM `onethink_organization` [ RunTime:0.0110s ]
SQL: SELECT COUNT(*) AS tp_count FROM onethink_organization o INNER JOIN onethink_orxz as orz on o.xingzhi=orz.id  LIMIT 1   [ RunTime:0.0080s ]
NOTIC: [8] Undefined variable: firstRow D:\WWW\ouba\Application\Home\Controller\RoleController.class.php 第 471 行.
NOTIC: [8] Undefined variable: listRows D:\WWW\ouba\Application\Home\Controller\RoleController.class.php 第 471 行.
SQL: SELECT o.*,orz.oxz FROM onethink_organization o INNER JOIN onethink_orxz as orz on o.xingzhi=orz.id   [ RunTime:0.0080s ]
INFO: [ view_parse ] --START--
INFO: [ template_filter ] --START--
INFO: Run Behavior\ContentReplaceBehavior [ RunTime:0.000000s ]
INFO: [ template_filter ] --END-- [ RunTime:0.000000s ]
INFO: Run Behavior\ParseTemplateBehavior [ RunTime:0.011000s ]
INFO: [ view_parse ] --END-- [ RunTime:0.011000s ]
INFO: [ view_filter ] --START--
INFO: Run Behavior\WriteHtmlCacheBehavior [ RunTime:0.001000s ]
INFO: [ view_filter ] --END-- [ RunTime:0.001000s ]
INFO: [ app_end ] --START--
INFO: Run Behavior\ShowPageTraceBehavior [ RunTime:0.001000s ]
INFO: [ app_end ] --END-- [ RunTime:0.001000s ]

[ 2016-01-11T09:29:21+08:00 ] 127.0.0.1 /index.php/Home/Index/cl_login_in
INFO: [ app_init ] --START--
INFO: Run Behavior\BuildLiteBehavior [ RunTime:0.000000s ]
INFO: [ app_init ] --END-- [ RunTime:0.001000s ]
INFO: [ app_begin ] --START--
INFO: Run Behavior\ReadHtmlCacheBehavior [ RunTime:0.001000s ]
INFO: [ app_begin ] --END-- [ RunTime:0.001000s ]
NOTIC: [8] Use of undefined constant SALT - assumed 'SALT' D:\WWW\ouba\Application\Home\Controller\IndexController.class.php 第 12 行.
INFO: [ view_parse ] --START--
INFO: [ template_filter ] --START--
INFO: Run Behavior\ContentReplaceBehavior [ RunTime:0.000000s ]
INFO: [ template_filter ] --END-- [ RunTime:0.000000s ]
INFO: Run Behavior\ParseTemplateBehavior [ RunTime:0.006001s ]
INFO: [ view_parse ] --END-- [ RunTime:0.006001s ]
INFO: [ view_filter ] --START--
INFO: Run Behavior\WriteHtmlCacheBehavior [ RunTime:0.001000s ]
INFO: [ view_filter ] --END-- [ RunTime:0.001000s ]
INFO: [ app_end ] --START--
INFO: Run Behavior\ShowPageTraceBehavior [ RunTime:0.001000s ]
INFO: [ app_end ] --END-- [ RunTime:0.001000s ]

[ 2016-01-11T09:29:21+08:00 ] 127.0.0.1 /index.php/Home/Role/managelist
INFO: [ app_init ] --START--
INFO: Run Behavior\BuildLiteBehavior [ RunTime:0.000000s ]
INFO: [ app_init ] --END-- [ RunTime:0.001000s ]
INFO: [ app_begin ] --START--
INFO: Run Behavior\ReadHtmlCacheBehavior [ RunTime:0.001000s ]
INFO: [ app_begin ] --END-- [ RunTime:0.001000s ]
NOTIC: [8] Use of undefined constant SALT - assumed 'SALT' D:\WWW\ouba\Application\Home\Controller\RoleController.class.php 第 13 行.
NOTIC: [8] Use of undefined constant SURL - assumed 'SURL' D:\WWW\ouba\Application\Home\Controller\RoleController.class.php 第 14 行.
NOTIC: [8] Use of undefined constant PNAME - assumed 'PNAME' D:\WWW\ouba\Application\Home\Controller\RoleController.class.php 第 15 行.
NOTIC: [8] Use of undefined constant SECRET_KEY - assumed 'SECRET_KEY' D:\WWW\ouba\Application\Home\Controller\RoleController.class.php 第 16 行.
SQL: SHOW COLUMNS FROM `onethink_organization` [ RunTime:0.0080s ]
SQL: SELECT COUNT(*) AS tp_count FROM onethink_organization o INNER JOIN onethink_orxz as orz on o.xingzhi=orz.id  LIMIT 1   [ RunTime:0.0070s ]
NOTIC: [8] Undefined variable: firstRow D:\WWW\ouba\Application\Home\Controller\RoleController.class.php 第 471 行.
NOTIC: [8] Undefined variable: listRows D:\WWW\ouba\Application\Home\Controller\RoleController.class.php 第 471 行.
SQL: SELECT o.*,orz.oxz FROM onethink_organization o INNER JOIN onethink_orxz as orz on o.xingzhi=orz.id   [ RunTime:0.0080s ]
INFO: [ view_parse ] --START--
INFO: [ template_filter ] --START--
INFO: Run Behavior\ContentReplaceBehavior [ RunTime:0.000000s ]
INFO: [ template_filter ] --END-- [ RunTime:0.000000s ]
INFO: Run Behavior\ParseTemplateBehavior [ RunTime:0.010000s ]
INFO: [ view_parse ] --END-- [ RunTime:0.011000s ]
INFO: [ view_filter ] --START--
INFO: Run Behavior\WriteHtmlCacheBehavior [ RunTime:0.000000s ]
INFO: [ view_filter ] --END-- [ RunTime:0.000000s ]
INFO: [ app_end ] --START--
INFO: Run Behavior\ShowPageTraceBehavior [ RunTime:0.001000s ]
INFO: [ app_end ] --END-- [ RunTime:0.001000s ]

[ 2016-01-11T09:29:25+08:00 ] 127.0.0.1 /index.php/Home/Role/managelist/p/2.html
INFO: [ app_init ] --START--
INFO: Run Behavior\BuildLiteBehavior [ RunTime:0.000000s ]
INFO: [ app_init ] --END-- [ RunTime:0.001000s ]
INFO: [ app_begin ] --START--
INFO: Run Behavior\ReadHtmlCacheBehavior [ RunTime:0.001000s ]
INFO: [ app_begin ] --END-- [ RunTime:0.001000s ]
NOTIC: [8] Use of undefined constant SALT - assumed 'SALT' D:\WWW\ouba\Application\Home\Controller\RoleController.class.php 第 13 行.
NOTIC: [8] Use of undefined constant SURL - assumed 'SURL' D:\WWW\ouba\Application\Home\Controller\RoleController.class.php 第 14 行.
NOTIC: [8] Use of undefined constant PNAME - assumed 'PNAME' D:\WWW\ouba\Application\Home\Controller\RoleController.class.php 第 15 行.
NOTIC: [8] Use of undefined constant SECRET_KEY - assumed 'SECRET_KEY' D:\WWW\ouba\Application\Home\Controller\RoleController.class.php 第 16 行.
SQL: SHOW COLUMNS FROM `onethink_organization` [ RunTime:0.0100s ]
SQL: SELECT COUNT(*) AS tp_count FROM onethink_organization o INNER JOIN onethink_orxz as orz on o.xingzhi=orz.id  LIMIT 1   [ RunTime:0.0080s ]
NOTIC: [8] Undefined variable: firstRow D:\WWW\ouba\Application\Home\Controller\RoleController.class.php 第 471 行.
NOTIC: [8] Undefined variable: listRows D:\WWW\ouba\Application\Home\Controller\RoleController.class.php 第 471 行.
SQL: SELECT o.*,orz.oxz FROM onethink_organization o INNER JOIN onethink_orxz as orz on o.xingzhi=orz.id   [ RunTime:0.0090s ]
INFO: [ view_parse ] --START--
INFO: [ template_filter ] --START--
INFO: Run Behavior\ContentReplaceBehavior [ RunTime:0.001000s ]
INFO: [ template_filter ] --END-- [ RunTime:0.001000s ]
INFO: Run Behavior\ParseTemplateBehavior [ RunTime:0.020001s ]
INFO: [ view_parse ] --END-- [ RunTime:0.020001s ]
INFO: [ view_filter ] --START--
INFO: Run Behavior\WriteHtmlCacheBehavior [ RunTime:0.001000s ]
INFO: [ view_filter ] --END-- [ RunTime:0.001000s ]
INFO: [ app_end ] --START--
INFO: Run Behavior\ShowPageTraceBehavior [ RunTime:0.001000s ]
INFO: [ app_end ] --END-- [ RunTime:0.001000s ]

[ 2016-01-11T09:29:27+08:00 ] 127.0.0.1 /index.php/Home/Role/managelist/p/1.html
INFO: [ app_init ] --START--
INFO: Run Behavior\BuildLiteBehavior [ RunTime:0.000000s ]
INFO: [ app_init ] --END-- [ RunTime:0.001000s ]
INFO: [ app_begin ] --START--
INFO: Run Behavior\ReadHtmlCacheBehavior [ RunTime:0.001000s ]
INFO: [ app_begin ] --END-- [ RunTime:0.001000s ]
NOTIC: [8] Use of undefined constant SALT - assumed 'SALT' D:\WWW\ouba\Application\Home\Controller\RoleController.class.php 第 13 行.
NOTIC: [8] Use of undefined constant SURL - assumed 'SURL' D:\WWW\ouba\Application\Home\Controller\RoleController.class.php 第 14 行.
NOTIC: [8] Use of undefined constant PNAME - assumed 'PNAME' D:\WWW\ouba\Application\Home\Controller\RoleController.class.php 第 15 行.
NOTIC: [8] Use of undefined constant SECRET_KEY - assumed 'SECRET_KEY' D:\WWW\ouba\Application\Home\Controller\RoleController.class.php 第 16 行.
SQL: SHOW COLUMNS FROM `onethink_organization` [ RunTime:0.0090s ]
SQL: SELECT COUNT(*) AS tp_count FROM onethink_organization o INNER JOIN onethink_orxz as orz on o.xingzhi=orz.id  LIMIT 1   [ RunTime:0.0090s ]
NOTIC: [8] Undefined variable: firstRow D:\WWW\ouba\Application\Home\Controller\RoleController.class.php 第 471 行.
NOTIC: [8] Undefined variable: listRows D:\WWW\ouba\Application\Home\Controller\RoleController.class.php 第 471 行.
SQL: SELECT o.*,orz.oxz FROM onethink_organization o INNER JOIN onethink_orxz as orz on o.xingzhi=orz.id   [ RunTime:0.0090s ]
INFO: [ view_parse ] --START--
INFO: [ template_filter ] --START--
INFO: Run Behavior\ContentReplaceBehavior [ RunTime:0.000000s ]
INFO: [ template_filter ] --END-- [ RunTime:0.001000s ]
INFO: Run Behavior\ParseTemplateBehavior [ RunTime:0.025001s ]
INFO: [ view_parse ] --END-- [ RunTime:0.025001s ]
INFO: [ view_filter ] --START--
INFO: Run Behavior\WriteHtmlCacheBehavior [ RunTime:0.000000s ]
INFO: [ view_filter ] --END-- [ RunTime:0.001000s ]
INFO: [ app_end ] --START--
INFO: Run Behavior\ShowPageTraceBehavior [ RunTime:0.001000s ]
INFO: [ app_end ] --END-- [ RunTime:0.001000s ]

[ 2016-01-11T09:29:29+08:00 ] 127.0.0.1 /index.php/Home/Role/managelist/p/2.html
INFO: [ app_init ] --START--
INFO: Run Behavior\BuildLiteBehavior [ RunTime:0.000000s ]
INFO: [ app_init ] --END-- [ RunTime:0.001000s ]
INFO: [ app_begin ] --START--
INFO: Run Behavior\ReadHtmlCacheBehavior [ RunTime:0.001000s ]
INFO: [ app_begin ] --END-- [ RunTime:0.001000s ]
NOTIC: [8] Use of undefined constant SALT - assumed 'SALT' D:\WWW\ouba\Application\Home\Controller\RoleController.class.php 第 13 行.
NOTIC: [8] Use of undefined constant SURL - assumed 'SURL' D:\WWW\ouba\Application\Home\Controller\RoleController.class.php 第 14 行.
NOTIC: [8] Use of undefined constant PNAME - assumed 'PNAME' D:\WWW\ouba\Application\Home\Controller\RoleController.class.php 第 15 行.
NOTIC: [8] Use of undefined constant SECRET_KEY - assumed 'SECRET_KEY' D:\WWW\ouba\Application\Home\Controller\RoleController.class.php 第 16 行.
SQL: SHOW COLUMNS FROM `onethink_organization` [ RunTime:0.0140s ]
SQL: SELECT COUNT(*) AS tp_count FROM onethink_organization o INNER JOIN onethink_orxz as orz on o.xingzhi=orz.id  LIMIT 1   [ RunTime:0.0110s ]
NOTIC: [8] Undefined variable: firstRow D:\WWW\ouba\Application\Home\Controller\RoleController.class.php 第 471 行.
NOTIC: [8] Undefined variable: listRows D:\WWW\ouba\Application\Home\Controller\RoleController.class.php 第 471 行.
SQL: SELECT o.*,orz.oxz FROM onethink_organization o INNER JOIN onethink_orxz as orz on o.xingzhi=orz.id   [ RunTime:0.0120s ]
INFO: [ view_parse ] --START--
INFO: [ template_filter ] --START--
INFO: Run Behavior\ContentReplaceBehavior [ RunTime:0.000000s ]
INFO: [ template_filter ] --END-- [ RunTime:0.001000s ]
INFO: Run Behavior\ParseTemplateBehavior [ RunTime:0.020002s ]
INFO: [ view_parse ] --END-- [ RunTime:0.020002s ]
INFO: [ view_filter ] --START--
INFO: Run Behavior\WriteHtmlCacheBehavior [ RunTime:0.001000s ]
INFO: [ view_filter ] --END-- [ RunTime:0.001000s ]
INFO: [ app_end ] --START--
INFO: Run Behavior\ShowPageTraceBehavior [ RunTime:0.001000s ]
INFO: [ app_end ] --END-- [ RunTime:0.001000s ]

[ 2016-01-11T09:29:30+08:00 ] 127.0.0.1 /index.php/Home/Role/managelist/p/1.html
INFO: [ app_init ] --START--
INFO: Run Behavior\BuildLiteBehavior [ RunTime:0.000000s ]
INFO: [ app_init ] --END-- [ RunTime:0.001000s ]
INFO: [ app_begin ] --START--
INFO: Run Behavior\ReadHtmlCacheBehavior [ RunTime:0.001000s ]
INFO: [ app_begin ] --END-- [ RunTime:0.001000s ]
NOTIC: [8] Use of undefined constant SALT - assumed 'SALT' D:\WWW\ouba\Application\Home\Controller\RoleController.class.php 第 13 行.
NOTIC: [8] Use of undefined constant SURL - assumed 'SURL' D:\WWW\ouba\Application\Home\Controller\RoleController.class.php 第 14 行.
NOTIC: [8] Use of undefined constant PNAME - assumed 'PNAME' D:\WWW\ouba\Application\Home\Controller\RoleController.class.php 第 15 行.
NOTIC: [8] Use of undefined constant SECRET_KEY - assumed 'SECRET_KEY' D:\WWW\ouba\Application\Home\Controller\RoleController.class.php 第 16 行.
SQL: SHOW COLUMNS FROM `onethink_organization` [ RunTime:0.0100s ]
SQL: SELECT COUNT(*) AS tp_count FROM onethink_organization o INNER JOIN onethink_orxz as orz on o.xingzhi=orz.id  LIMIT 1   [ RunTime:0.0090s ]
NOTIC: [8] Undefined variable: firstRow D:\WWW\ouba\Application\Home\Controller\RoleController.class.php 第 471 行.
NOTIC: [8] Undefined variable: listRows D:\WWW\ouba\Application\Home\Controller\RoleController.class.php 第 471 行.
SQL: SELECT o.*,orz.oxz FROM onethink_organization o INNER JOIN onethink_orxz as orz on o.xingzhi=orz.id   [ RunTime:0.0090s ]
INFO: [ view_parse ] --START--
INFO: [ template_filter ] --START--
INFO: Run Behavior\ContentReplaceBehavior [ RunTime:0.000000s ]
INFO: [ template_filter ] --END-- [ RunTime:0.000000s ]
INFO: Run Behavior\ParseTemplateBehavior [ RunTime:0.013000s ]
INFO: [ view_parse ] --END-- [ RunTime:0.013000s ]
INFO: [ view_filter ] --START--
INFO: Run Behavior\WriteHtmlCacheBehavior [ RunTime:0.001000s ]
INFO: [ view_filter ] --END-- [ RunTime:0.001000s ]
INFO: [ app_end ] --START--
INFO: Run Behavior\ShowPageTraceBehavior [ RunTime:0.001000s ]
INFO: [ app_end ] --END-- [ RunTime:0.001000s ]

[ 2016-01-11T09:33:13+08:00 ] 127.0.0.1 /index.php/Home/Index/cl_login_in
INFO: [ app_init ] --START--
INFO: Run Behavior\BuildLiteBehavior [ RunTime:0.000000s ]
INFO: [ app_init ] --END-- [ RunTime:0.001000s ]
INFO: [ app_begin ] --START--
INFO: Run Behavior\ReadHtmlCacheBehavior [ RunTime:0.001000s ]
INFO: [ app_begin ] --END-- [ RunTime:0.001000s ]
NOTIC: [8] Use of undefined constant SALT - assumed 'SALT' D:\WWW\ouba\Application\Home\Controller\IndexController.class.php 第 12 行.
INFO: [ view_parse ] --START--
INFO: [ template_filter ] --START--
INFO: Run Behavior\ContentReplaceBehavior [ RunTime:0.000000s ]
INFO: [ template_filter ] --END-- [ RunTime:0.000000s ]
INFO: Run Behavior\ParseTemplateBehavior [ RunTime:0.008000s ]
INFO: [ view_parse ] --END-- [ RunTime:0.008000s ]
INFO: [ view_filter ] --START--
INFO: Run Behavior\WriteHtmlCacheBehavior [ RunTime:0.001000s ]
INFO: [ view_filter ] --END-- [ RunTime:0.001000s ]
INFO: [ app_end ] --START--
INFO: Run Behavior\ShowPageTraceBehavior [ RunTime:0.001000s ]
INFO: [ app_end ] --END-- [ RunTime:0.001000s ]

[ 2016-01-11T09:33:14+08:00 ] 127.0.0.1 /index.php/Home/Role/managelist
INFO: [ app_init ] --START--
INFO: Run Behavior\BuildLiteBehavior [ RunTime:0.000000s ]
INFO: [ app_init ] --END-- [ RunTime:0.000000s ]
INFO: [ app_begin ] --START--
INFO: Run Behavior\ReadHtmlCacheBehavior [ RunTime:0.001000s ]
INFO: [ app_begin ] --END-- [ RunTime:0.001000s ]
NOTIC: [8] Use of undefined constant SALT - assumed 'SALT' D:\WWW\ouba\Application\Home\Controller\RoleController.class.php 第 13 行.
NOTIC: [8] Use of undefined constant SURL - assumed 'SURL' D:\WWW\ouba\Application\Home\Controller\RoleController.class.php 第 14 行.
NOTIC: [8] Use of undefined constant PNAME - assumed 'PNAME' D:\WWW\ouba\Application\Home\Controller\RoleController.class.php 第 15 行.
NOTIC: [8] Use of undefined constant SECRET_KEY - assumed 'SECRET_KEY' D:\WWW\ouba\Application\Home\Controller\RoleController.class.php 第 16 行.
SQL: SHOW COLUMNS FROM `onethink_organization` [ RunTime:0.0100s ]
SQL: SELECT COUNT(*) AS tp_count FROM onethink_organization o INNER JOIN onethink_orxz as orz on o.xingzhi=orz.id  LIMIT 1   [ RunTime:0.0110s ]
NOTIC: [8] Undefined variable: listRows D:\WWW\ouba\Application\Home\Controller\RoleController.class.php 第 471 行.

[ 2016-01-11T09:33:30+08:00 ] 127.0.0.1 /index.php/Home/Index/cl_login_in
INFO: [ app_init ] --START--
INFO: Run Behavior\BuildLiteBehavior [ RunTime:0.000000s ]
INFO: [ app_init ] --END-- [ RunTime:0.001000s ]
INFO: [ app_begin ] --START--
INFO: Run Behavior\ReadHtmlCacheBehavior [ RunTime:0.000000s ]
INFO: [ app_begin ] --END-- [ RunTime:0.000000s ]
NOTIC: [8] Use of undefined constant SALT - assumed 'SALT' D:\WWW\ouba\Application\Home\Controller\IndexController.class.php 第 12 行.
INFO: [ view_parse ] --START--
INFO: [ template_filter ] --START--
INFO: Run Behavior\ContentReplaceBehavior [ RunTime:0.000000s ]
INFO: [ template_filter ] --END-- [ RunTime:0.000000s ]
INFO: Run Behavior\ParseTemplateBehavior [ RunTime:0.012001s ]
INFO: [ view_parse ] --END-- [ RunTime:0.012001s ]
INFO: [ view_filter ] --START--
INFO: Run Behavior\WriteHtmlCacheBehavior [ RunTime:0.001000s ]
INFO: [ view_filter ] --END-- [ RunTime:0.001000s ]
INFO: [ app_end ] --START--
INFO: Run Behavior\ShowPageTraceBehavior [ RunTime:0.001000s ]
INFO: [ app_end ] --END-- [ RunTime:0.001000s ]

[ 2016-01-11T09:33:31+08:00 ] 127.0.0.1 /index.php/Home/Role/managelist
INFO: [ app_init ] --START--
INFO: Run Behavior\BuildLiteBehavior [ RunTime:0.000000s ]
INFO: [ app_init ] --END-- [ RunTime:0.001000s ]
INFO: [ app_begin ] --START--
INFO: Run Behavior\ReadHtmlCacheBehavior [ RunTime:0.001000s ]
INFO: [ app_begin ] --END-- [ RunTime:0.001000s ]
NOTIC: [8] Use of undefined constant SALT - assumed 'SALT' D:\WWW\ouba\Application\Home\Controller\RoleController.class.php 第 13 行.
NOTIC: [8] Use of undefined constant SURL - assumed 'SURL' D:\WWW\ouba\Application\Home\Controller\RoleController.class.php 第 14 行.
NOTIC: [8] Use of undefined constant PNAME - assumed 'PNAME' D:\WWW\ouba\Application\Home\Controller\RoleController.class.php 第 15 行.
NOTIC: [8] Use of undefined constant SECRET_KEY - assumed 'SECRET_KEY' D:\WWW\ouba\Application\Home\Controller\RoleController.class.php 第 16 行.
SQL: SHOW COLUMNS FROM `onethink_organization` [ RunTime:0.0130s ]
SQL: SELECT COUNT(*) AS tp_count FROM onethink_organization o INNER JOIN onethink_orxz as orz on o.xingzhi=orz.id  LIMIT 1   [ RunTime:0.0160s ]
SQL: SELECT o.*,orz.oxz FROM onethink_organization o INNER JOIN onethink_orxz as orz on o.xingzhi=orz.id  LIMIT 0,30   [ RunTime:0.0110s ]
INFO: [ view_parse ] --START--
INFO: [ template_filter ] --START--
INFO: Run Behavior\ContentReplaceBehavior [ RunTime:0.000000s ]
INFO: [ template_filter ] --END-- [ RunTime:0.000000s ]
INFO: Run Behavior\ParseTemplateBehavior [ RunTime:0.009001s ]
INFO: [ view_parse ] --END-- [ RunTime:0.009001s ]
INFO: [ view_filter ] --START--
INFO: Run Behavior\WriteHtmlCacheBehavior [ RunTime:0.001000s ]
INFO: [ view_filter ] --END-- [ RunTime:0.001000s ]
INFO: [ app_end ] --START--
INFO: Run Behavior\ShowPageTraceBehavior [ RunTime:0.001000s ]
INFO: [ app_end ] --END-- [ RunTime:0.001000s ]

[ 2016-01-11T09:33:36+08:00 ] 127.0.0.1 /index.php/Home/Index/cl_login_in
INFO: [ app_init ] --START--
INFO: Run Behavior\BuildLiteBehavior [ RunTime:0.000000s ]
INFO: [ app_init ] --END-- [ RunTime:0.001000s ]
INFO: [ app_begin ] --START--
INFO: Run Behavior\ReadHtmlCacheBehavior [ RunTime:0.001000s ]
INFO: [ app_begin ] --END-- [ RunTime:0.001000s ]
NOTIC: [8] Use of undefined constant SALT - assumed 'SALT' D:\WWW\ouba\Application\Home\Controller\IndexController.class.php 第 12 行.
INFO: [ view_parse ] --START--
INFO: [ template_filter ] --START--
INFO: Run Behavior\ContentReplaceBehavior [ RunTime:0.000000s ]
INFO: [ template_filter ] --END-- [ RunTime:0.000000s ]
INFO: Run Behavior\ParseTemplateBehavior [ RunTime:0.009000s ]
INFO: [ view_parse ] --END-- [ RunTime:0.009000s ]
INFO: [ view_filter ] --START--
INFO: Run Behavior\WriteHtmlCacheBehavior [ RunTime:0.001000s ]
INFO: [ view_filter ] --END-- [ RunTime:0.001000s ]
INFO: [ app_end ] --START--
INFO: Run Behavior\ShowPageTraceBehavior [ RunTime:0.001001s ]
INFO: [ app_end ] --END-- [ RunTime:0.001001s ]

[ 2016-01-11T09:33:36+08:00 ] 127.0.0.1 /index.php/Home/Role/managelist
INFO: [ app_init ] --START--
INFO: Run Behavior\BuildLiteBehavior [ RunTime:0.000000s ]
INFO: [ app_init ] --END-- [ RunTime:0.000000s ]
INFO: [ app_begin ] --START--
INFO: Run Behavior\ReadHtmlCacheBehavior [ RunTime:0.001000s ]
INFO: [ app_begin ] --END-- [ RunTime:0.001000s ]
NOTIC: [8] Use of undefined constant SALT - assumed 'SALT' D:\WWW\ouba\Application\Home\Controller\RoleController.class.php 第 13 行.
NOTIC: [8] Use of undefined constant SURL - assumed 'SURL' D:\WWW\ouba\Application\Home\Controller\RoleController.class.php 第 14 行.
NOTIC: [8] Use of undefined constant PNAME - assumed 'PNAME' D:\WWW\ouba\Application\Home\Controller\RoleController.class.php 第 15 行.
NOTIC: [8] Use of undefined constant SECRET_KEY - assumed 'SECRET_KEY' D:\WWW\ouba\Application\Home\Controller\RoleController.class.php 第 16 行.
SQL: SHOW COLUMNS FROM `onethink_organization` [ RunTime:0.0100s ]
SQL: SELECT COUNT(*) AS tp_count FROM onethink_organization o INNER JOIN onethink_orxz as orz on o.xingzhi=orz.id  LIMIT 1   [ RunTime:0.0070s ]
SQL: SELECT o.*,orz.oxz FROM onethink_organization o INNER JOIN onethink_orxz as orz on o.xingzhi=orz.id  LIMIT 0,3   [ RunTime:0.0090s ]
INFO: [ view_parse ] --START--
INFO: [ template_filter ] --START--
INFO: Run Behavior\ContentReplaceBehavior [ RunTime:0.000000s ]
INFO: [ template_filter ] --END-- [ RunTime:0.000000s ]
INFO: Run Behavior\ParseTemplateBehavior [ RunTime:0.008001s ]
INFO: [ view_parse ] --END-- [ RunTime:0.008001s ]
INFO: [ view_filter ] --START--
INFO: Run Behavior\WriteHtmlCacheBehavior [ RunTime:0.001000s ]
INFO: [ view_filter ] --END-- [ RunTime:0.001000s ]
INFO: [ app_end ] --START--
INFO: Run Behavior\ShowPageTraceBehavior [ RunTime:0.001000s ]
INFO: [ app_end ] --END-- [ RunTime:0.001000s ]

[ 2016-01-11T09:33:41+08:00 ] 127.0.0.1 /index.php/Home/Index/cl_login_in
INFO: [ app_init ] --START--
INFO: Run Behavior\BuildLiteBehavior [ RunTime:0.000000s ]
INFO: [ app_init ] --END-- [ RunTime:0.001000s ]
INFO: [ app_begin ] --START--
INFO: Run Behavior\ReadHtmlCacheBehavior [ RunTime:0.002000s ]
INFO: [ app_begin ] --END-- [ RunTime:0.002000s ]
NOTIC: [8] Use of undefined constant SALT - assumed 'SALT' D:\WWW\ouba\Application\Home\Controller\IndexController.class.php 第 12 行.
INFO: [ view_parse ] --START--
INFO: [ template_filter ] --START--
INFO: Run Behavior\ContentReplaceBehavior [ RunTime:0.000000s ]
INFO: [ template_filter ] --END-- [ RunTime:0.000000s ]
INFO: Run Behavior\ParseTemplateBehavior [ RunTime:0.007000s ]
INFO: [ view_parse ] --END-- [ RunTime:0.007000s ]
INFO: [ view_filter ] --START--
INFO: Run Behavior\WriteHtmlCacheBehavior [ RunTime:0.000000s ]
INFO: [ view_filter ] --END-- [ RunTime:0.000000s ]
INFO: [ app_end ] --START--
INFO: Run Behavior\ShowPageTraceBehavior [ RunTime:0.001000s ]
INFO: [ app_end ] --END-- [ RunTime:0.001000s ]

[ 2016-01-11T09:33:41+08:00 ] 127.0.0.1 /index.php/Home/Role/managelist
INFO: [ app_init ] --START--
INFO: Run Behavior\BuildLiteBehavior [ RunTime:0.000000s ]
INFO: [ app_init ] --END-- [ RunTime:0.001000s ]
INFO: [ app_begin ] --START--
INFO: Run Behavior\ReadHtmlCacheBehavior [ RunTime:0.001000s ]
INFO: [ app_begin ] --END-- [ RunTime:0.001000s ]
NOTIC: [8] Use of undefined constant SALT - assumed 'SALT' D:\WWW\ouba\Application\Home\Controller\RoleController.class.php 第 13 行.
NOTIC: [8] Use of undefined constant SURL - assumed 'SURL' D:\WWW\ouba\Application\Home\Controller\RoleController.class.php 第 14 行.
NOTIC: [8] Use of undefined constant PNAME - assumed 'PNAME' D:\WWW\ouba\Application\Home\Controller\RoleController.class.php 第 15 行.
NOTIC: [8] Use of undefined constant SECRET_KEY - assumed 'SECRET_KEY' D:\WWW\ouba\Application\Home\Controller\RoleController.class.php 第 16 行.
SQL: SHOW COLUMNS FROM `onethink_organization` [ RunTime:0.0090s ]
SQL: SELECT COUNT(*) AS tp_count FROM onethink_organization o INNER JOIN onethink_orxz as orz on o.xingzhi=orz.id  LIMIT 1   [ RunTime:0.0090s ]
SQL: SELECT o.*,orz.oxz FROM onethink_organization o INNER JOIN onethink_orxz as orz on o.xingzhi=orz.id  LIMIT 0,30   [ RunTime:0.0100s ]
INFO: [ view_parse ] --START--
INFO: [ template_filter ] --START--
INFO: Run Behavior\ContentReplaceBehavior [ RunTime:0.000000s ]
INFO: [ template_filter ] --END-- [ RunTime:0.000000s ]
INFO: Run Behavior\ParseTemplateBehavior [ RunTime:0.008000s ]
INFO: [ view_parse ] --END-- [ RunTime:0.008000s ]
INFO: [ view_filter ] --START--
INFO: Run Behavior\WriteHtmlCacheBehavior [ RunTime:0.001000s ]
INFO: [ view_filter ] --END-- [ RunTime:0.001000s ]
INFO: [ app_end ] --START--
INFO: Run Behavior\ShowPageTraceBehavior [ RunTime:0.001000s ]
INFO: [ app_end ] --END-- [ RunTime:0.001000s ]

[ 2016-01-11T09:34:22+08:00 ] 127.0.0.1 /index.php/Home/Index/cl_login_in
INFO: [ app_init ] --START--
INFO: Run Behavior\BuildLiteBehavior [ RunTime:0.000000s ]
INFO: [ app_init ] --END-- [ RunTime:0.000000s ]
INFO: [ app_begin ] --START--
INFO: Run Behavior\ReadHtmlCacheBehavior [ RunTime:0.001000s ]
INFO: [ app_begin ] --END-- [ RunTime:0.001000s ]
NOTIC: [8] Use of undefined constant SALT - assumed 'SALT' D:\WWW\ouba\Application\Home\Controller\IndexController.class.php 第 12 行.
INFO: [ view_parse ] --START--
INFO: [ template_filter ] --START--
INFO: Run Behavior\ContentReplaceBehavior [ RunTime:0.000000s ]
INFO: [ template_filter ] --END-- [ RunTime:0.000000s ]
INFO: Run Behavior\ParseTemplateBehavior [ RunTime:0.009000s ]
INFO: [ view_parse ] --END-- [ RunTime:0.009000s ]
INFO: [ view_filter ] --START--
INFO: Run Behavior\WriteHtmlCacheBehavior [ RunTime:0.000000s ]
INFO: [ view_filter ] --END-- [ RunTime:0.000000s ]
INFO: [ app_end ] --START--
INFO: Run Behavior\ShowPageTraceBehavior [ RunTime:0.000000s ]
INFO: [ app_end ] --END-- [ RunTime:0.000000s ]

[ 2016-01-11T09:34:23+08:00 ] 127.0.0.1 /index.php/Home/Role/managelist
INFO: [ app_init ] --START--
INFO: Run Behavior\BuildLiteBehavior [ RunTime:0.000000s ]
INFO: [ app_init ] --END-- [ RunTime:0.000000s ]
INFO: [ app_begin ] --START--
INFO: Run Behavior\ReadHtmlCacheBehavior [ RunTime:0.000000s ]
INFO: [ app_begin ] --END-- [ RunTime:0.000000s ]
NOTIC: [8] Use of undefined constant SALT - assumed 'SALT' D:\WWW\ouba\Application\Home\Controller\RoleController.class.php 第 13 行.
NOTIC: [8] Use of undefined constant SURL - assumed 'SURL' D:\WWW\ouba\Application\Home\Controller\RoleController.class.php 第 14 行.
NOTIC: [8] Use of undefined constant PNAME - assumed 'PNAME' D:\WWW\ouba\Application\Home\Controller\RoleController.class.php 第 15 行.
NOTIC: [8] Use of undefined constant SECRET_KEY - assumed 'SECRET_KEY' D:\WWW\ouba\Application\Home\Controller\RoleController.class.php 第 16 行.
SQL: SHOW COLUMNS FROM `onethink_organization` [ RunTime:0.0090s ]
SQL: SELECT COUNT(*) AS tp_count FROM onethink_organization o INNER JOIN onethink_orxz as orz on o.xingzhi=orz.id  LIMIT 1   [ RunTime:0.0130s ]
SQL: SELECT o.*,orz.oxz FROM onethink_organization o INNER JOIN onethink_orxz as orz on o.xingzhi=orz.id  LIMIT 0,30   [ RunTime:0.0090s ]
INFO: [ view_parse ] --START--
INFO: [ template_filter ] --START--
INFO: Run Behavior\ContentReplaceBehavior [ RunTime:0.000000s ]
INFO: [ template_filter ] --END-- [ RunTime:0.000000s ]
INFO: Run Behavior\ParseTemplateBehavior [ RunTime:0.009000s ]
INFO: [ view_parse ] --END-- [ RunTime:0.009000s ]
INFO: [ view_filter ] --START--
INFO: Run Behavior\WriteHtmlCacheBehavior [ RunTime:0.001000s ]
INFO: [ view_filter ] --END-- [ RunTime:0.001000s ]
INFO: [ app_end ] --START--
INFO: Run Behavior\ShowPageTraceBehavior [ RunTime:0.000000s ]
INFO: [ app_end ] --END-- [ RunTime:0.001000s ]

