[ 2016-01-04T09:18:36+08:00 ] 127.0.0.1 /
INFO: [ app_init ] --START--
INFO: Run Behavior\BuildLiteBehavior [ RunTime:0.000000s ]
INFO: [ app_init ] --END-- [ RunTime:0.012001s ]
INFO: [ app_begin ] --START--
INFO: Run Behavior\ReadHtmlCacheBehavior [ RunTime:0.005001s ]
INFO: [ app_begin ] --END-- [ RunTime:0.005001s ]
NOTIC: [8] Use of undefined constant SALT - assumed 'SALT' D:\WWW\ouba\Application\Home\Controller\IndexController.class.php 第 12 行.
INFO: [ view_parse ] --START--
INFO: [ template_filter ] --START--
INFO: Run Behavior\ContentReplaceBehavior [ RunTime:0.000000s ]
INFO: [ template_filter ] --END-- [ RunTime:0.000000s ]
INFO: Run Behavior\ParseTemplateBehavior [ RunTime:0.091005s ]
INFO: [ view_parse ] --END-- [ RunTime:0.091005s ]
INFO: [ view_filter ] --START--
INFO: Run Behavior\WriteHtmlCacheBehavior [ RunTime:0.009001s ]
INFO: [ view_filter ] --END-- [ RunTime:0.009001s ]
INFO: [ app_end ] --START--
INFO: Run Behavior\ShowPageTraceBehavior [ RunTime:0.007000s ]
INFO: [ app_end ] --END-- [ RunTime:0.007000s ]

[ 2016-01-04T09:18:46+08:00 ] 127.0.0.1 /index.php/Home/Index/cl_login
INFO: [ app_init ] --START--
INFO: Run Behavior\BuildLiteBehavior [ RunTime:0.000000s ]
INFO: [ app_init ] --END-- [ RunTime:0.001000s ]
INFO: [ app_begin ] --START--
INFO: Run Behavior\ReadHtmlCacheBehavior [ RunTime:0.002000s ]
INFO: [ app_begin ] --END-- [ RunTime:0.002000s ]
NOTIC: [8] Use of undefined constant SALT - assumed 'SALT' D:\WWW\ouba\Application\Home\Controller\IndexController.class.php 第 12 行.
SQL: SHOW COLUMNS FROM `onethink_ucenter_member` [ RunTime:0.0130s ]
SQL: SELECT `password`,`status`,`pid` FROM `onethink_ucenter_member` WHERE ( username='admin' ) LIMIT 1   [ RunTime:0.0090s ]

[ 2016-01-04T09:18:46+08:00 ] 127.0.0.1 /index.php/Home/Index/cl_login_in
INFO: [ app_init ] --START--
INFO: Run Behavior\BuildLiteBehavior [ RunTime:0.000000s ]
INFO: [ app_init ] --END-- [ RunTime:0.002000s ]
INFO: [ app_begin ] --START--
INFO: Run Behavior\ReadHtmlCacheBehavior [ RunTime:0.001000s ]
INFO: [ app_begin ] --END-- [ RunTime:0.001000s ]
NOTIC: [8] Use of undefined constant SALT - assumed 'SALT' D:\WWW\ouba\Application\Home\Controller\IndexController.class.php 第 12 行.
INFO: [ view_parse ] --START--
INFO: [ template_filter ] --START--
INFO: Run Behavior\ContentReplaceBehavior [ RunTime:0.000000s ]
INFO: [ template_filter ] --END-- [ RunTime:0.000000s ]
INFO: Run Behavior\ParseTemplateBehavior [ RunTime:0.045003s ]
INFO: [ view_parse ] --END-- [ RunTime:0.045003s ]
INFO: [ view_filter ] --START--
INFO: Run Behavior\WriteHtmlCacheBehavior [ RunTime:0.002000s ]
INFO: [ view_filter ] --END-- [ RunTime:0.002000s ]
INFO: [ app_end ] --START--
INFO: Run Behavior\ShowPageTraceBehavior [ RunTime:0.002000s ]
INFO: [ app_end ] --END-- [ RunTime:0.002000s ]

[ 2016-01-04T10:40:34+08:00 ] 127.0.0.1 /index.php/Home/Menu/showlist
INFO: [ app_init ] --START--
INFO: Run Behavior\BuildLiteBehavior [ RunTime:0.000000s ]
INFO: [ app_init ] --END-- [ RunTime:0.001000s ]
INFO: [ app_begin ] --START--
INFO: Run Behavior\ReadHtmlCacheBehavior [ RunTime:0.001000s ]
INFO: [ app_begin ] --END-- [ RunTime:0.001000s ]
NOTIC: [8] Use of undefined constant PNAME - assumed 'PNAME' D:\WWW\ouba\Application\Home\Controller\MenuController.class.php 第 15 行.
NOTIC: [8] Use of undefined constant SECRET_KEY - assumed 'SECRET_KEY' D:\WWW\ouba\Application\Home\Controller\MenuController.class.php 第 16 行.
NOTIC: [8] Use of undefined constant API_URL - assumed 'API_URL' D:\WWW\ouba\Application\Home\Controller\MenuController.class.php 第 17 行.
SQL: SHOW COLUMNS FROM `onethink_house` [ RunTime:0.0130s ]
SQL: SELECT COUNT(*) AS tp_count FROM onethink_house as h WHERE ( status<=9 ) LIMIT 1   [ RunTime:0.0110s ]
SQL: SELECT h.*,os.id as oid,os.status as ostatus FROM onethink_house as h left JOIN onethink_status as os on h.status=os.id  WHERE ( h.status<=9 ) ORDER BY h.add_time desc LIMIT 0,10   [ RunTime:0.0610s ]
INFO: [ view_parse ] --START--
INFO: [ template_filter ] --START--
INFO: Run Behavior\ContentReplaceBehavior [ RunTime:0.000000s ]
INFO: [ template_filter ] --END-- [ RunTime:0.000000s ]
INFO: Run Behavior\ParseTemplateBehavior [ RunTime:0.039002s ]
INFO: [ view_parse ] --END-- [ RunTime:0.040002s ]
INFO: [ view_filter ] --START--
INFO: Run Behavior\WriteHtmlCacheBehavior [ RunTime:0.000000s ]
INFO: [ view_filter ] --END-- [ RunTime:0.000000s ]
INFO: [ app_end ] --START--
INFO: Run Behavior\ShowPageTraceBehavior [ RunTime:0.001000s ]
INFO: [ app_end ] --END-- [ RunTime:0.001000s ]

[ 2016-01-04T10:40:34+08:00 ] 127.0.0.1 /index.php/Home/Menu/admitshow
INFO: [ app_init ] --START--
INFO: Run Behavior\BuildLiteBehavior [ RunTime:0.000000s ]
INFO: [ app_init ] --END-- [ RunTime:0.001000s ]
INFO: [ app_begin ] --START--
INFO: Run Behavior\ReadHtmlCacheBehavior [ RunTime:0.001000s ]
INFO: [ app_begin ] --END-- [ RunTime:0.001000s ]
NOTIC: [8] Use of undefined constant PNAME - assumed 'PNAME' D:\WWW\ouba\Application\Home\Controller\MenuController.class.php 第 15 行.
NOTIC: [8] Use of undefined constant SECRET_KEY - assumed 'SECRET_KEY' D:\WWW\ouba\Application\Home\Controller\MenuController.class.php 第 16 行.
NOTIC: [8] Use of undefined constant API_URL - assumed 'API_URL' D:\WWW\ouba\Application\Home\Controller\MenuController.class.php 第 17 行.
SQL: SHOW COLUMNS FROM `onethink_house` [ RunTime:0.0100s ]
SQL: SELECT COUNT(*) AS tp_count FROM onethink_house as h INNER JOIN onethink_organization as o on h.source=o.id  WHERE ( h.status=1 ) LIMIT 1   [ RunTime:0.0080s ]
SQL: SELECT h.*,o.organization,os.status as status FROM onethink_house as h INNER JOIN onethink_organization as o on h.source=o.id INNER JOIN onethink_status as os on os.id=h.status  WHERE ( h.status in (1,3) ) ORDER BY h.add_time desc LIMIT 0,10   [ RunTime:0.0380s ]
INFO: [ view_parse ] --START--
INFO: [ template_filter ] --START--
INFO: Run Behavior\ContentReplaceBehavior [ RunTime:0.000000s ]
INFO: [ template_filter ] --END-- [ RunTime:0.000000s ]
INFO: Run Behavior\ParseTemplateBehavior [ RunTime:0.034002s ]
INFO: [ view_parse ] --END-- [ RunTime:0.034002s ]
INFO: [ view_filter ] --START--
INFO: Run Behavior\WriteHtmlCacheBehavior [ RunTime:0.002000s ]
INFO: [ view_filter ] --END-- [ RunTime:0.002000s ]
INFO: [ app_end ] --START--
INFO: Run Behavior\ShowPageTraceBehavior [ RunTime:0.002000s ]
INFO: [ app_end ] --END-- [ RunTime:0.002000s ]

[ 2016-01-04T10:40:37+08:00 ] 127.0.0.1 /index.php/Home/Menu/allotlist
INFO: [ app_init ] --START--
INFO: Run Behavior\BuildLiteBehavior [ RunTime:0.000000s ]
INFO: [ app_init ] --END-- [ RunTime:0.000000s ]
INFO: [ app_begin ] --START--
INFO: Run Behavior\ReadHtmlCacheBehavior [ RunTime:0.001000s ]
INFO: [ app_begin ] --END-- [ RunTime:0.001000s ]
NOTIC: [8] Use of undefined constant PNAME - assumed 'PNAME' D:\WWW\ouba\Application\Home\Controller\MenuController.class.php 第 15 行.
NOTIC: [8] Use of undefined constant SECRET_KEY - assumed 'SECRET_KEY' D:\WWW\ouba\Application\Home\Controller\MenuController.class.php 第 16 行.
NOTIC: [8] Use of undefined constant API_URL - assumed 'API_URL' D:\WWW\ouba\Application\Home\Controller\MenuController.class.php 第 17 行.
SQL: SHOW COLUMNS FROM `onethink_house` [ RunTime:0.0110s ]
SQL: SELECT COUNT(h.id) AS tp_count FROM onethink_house as h left JOIN onethink_ucenter_member as oum on h.respid=oum.id  WHERE h.status IN ('2','3','4') LIMIT 1   [ RunTime:0.0090s ]
SQL: SELECT h.*,os.status as ostatus,oum.id as oumid,oum.username FROM onethink_house as h left JOIN onethink_ucenter_member as oum on h.respid=oum.id INNER JOIN onethink_status as os on h.status=os.id  WHERE h.status IN ('2','3','4') ORDER BY h.add_time desc LIMIT 0,10   [ RunTime:0.0380s ]
SQL: SHOW COLUMNS FROM `onethink_ucenter_member` [ RunTime:0.0110s ]
SQL: SELECT um.id,um.username FROM onethink_ucenter_member um WHERE ( um.status=8 or um.part_time )  [ RunTime:0.0090s ]
INFO: [ view_parse ] --START--
INFO: [ template_filter ] --START--
INFO: Run Behavior\ContentReplaceBehavior [ RunTime:0.000000s ]
INFO: [ template_filter ] --END-- [ RunTime:0.001000s ]
INFO: Run Behavior\ParseTemplateBehavior [ RunTime:0.018001s ]
INFO: [ view_parse ] --END-- [ RunTime:0.018001s ]
INFO: [ view_filter ] --START--
INFO: Run Behavior\WriteHtmlCacheBehavior [ RunTime:0.001000s ]
INFO: [ view_filter ] --END-- [ RunTime:0.001000s ]
INFO: [ app_end ] --START--
INFO: Run Behavior\ShowPageTraceBehavior [ RunTime:0.001000s ]
INFO: [ app_end ] --END-- [ RunTime:0.001000s ]

[ 2016-01-04T10:51:35+08:00 ] 127.0.0.1 /index.php/Home/Index/cl_login_in
INFO: [ app_init ] --START--
INFO: Run Behavior\BuildLiteBehavior [ RunTime:0.000000s ]
INFO: [ app_init ] --END-- [ RunTime:0.000000s ]
INFO: [ app_begin ] --START--
INFO: Run Behavior\ReadHtmlCacheBehavior [ RunTime:0.001000s ]
INFO: [ app_begin ] --END-- [ RunTime:0.001000s ]
NOTIC: [8] Use of undefined constant SALT - assumed 'SALT' D:\WWW\ouba\Application\Home\Controller\IndexController.class.php 第 12 行.
INFO: [ view_parse ] --START--
INFO: [ template_filter ] --START--
INFO: Run Behavior\ContentReplaceBehavior [ RunTime:0.000000s ]
INFO: [ template_filter ] --END-- [ RunTime:0.000000s ]
INFO: Run Behavior\ParseTemplateBehavior [ RunTime:0.009000s ]
INFO: [ view_parse ] --END-- [ RunTime:0.009000s ]
INFO: [ view_filter ] --START--
INFO: Run Behavior\WriteHtmlCacheBehavior [ RunTime:0.001000s ]
INFO: [ view_filter ] --END-- [ RunTime:0.001000s ]
INFO: [ app_end ] --START--
INFO: Run Behavior\ShowPageTraceBehavior [ RunTime:0.001000s ]
INFO: [ app_end ] --END-- [ RunTime:0.001000s ]

[ 2016-01-04T10:51:36+08:00 ] 127.0.0.1 /index.php/Home/Menu/allotlist
INFO: [ app_init ] --START--
INFO: Run Behavior\BuildLiteBehavior [ RunTime:0.000000s ]
INFO: [ app_init ] --END-- [ RunTime:0.001000s ]
INFO: [ app_begin ] --START--
INFO: Run Behavior\ReadHtmlCacheBehavior [ RunTime:0.001000s ]
INFO: [ app_begin ] --END-- [ RunTime:0.001000s ]
NOTIC: [8] Use of undefined constant PNAME - assumed 'PNAME' D:\WWW\ouba\Application\Home\Controller\MenuController.class.php 第 15 行.
NOTIC: [8] Use of undefined constant SECRET_KEY - assumed 'SECRET_KEY' D:\WWW\ouba\Application\Home\Controller\MenuController.class.php 第 16 行.
NOTIC: [8] Use of undefined constant API_URL - assumed 'API_URL' D:\WWW\ouba\Application\Home\Controller\MenuController.class.php 第 17 行.
SQL: SHOW COLUMNS FROM `onethink_house` [ RunTime:0.0180s ]
SQL: SELECT COUNT(h.id) AS tp_count FROM onethink_house as h left JOIN onethink_ucenter_member as oum on h.respid=oum.id  WHERE h.status IN ('2','3','4') LIMIT 1   [ RunTime:0.0170s ]
SQL: SELECT h.*,os.status as ostatus,oum.id as oumid,oum.username FROM onethink_house as h left JOIN onethink_ucenter_member as oum on h.respid=oum.id INNER JOIN onethink_status as os on h.status=os.id  WHERE h.status IN ('2','3','4') ORDER BY h.add_time desc LIMIT 0,10   [ RunTime:0.0220s ]
SQL: SHOW COLUMNS FROM `onethink_ucenter_member` [ RunTime:0.0080s ]
SQL: SELECT um.id,um.username FROM onethink_ucenter_member um WHERE ( um.status=8 or um.part_time )  [ RunTime:0.0080s ]
INFO: [ view_parse ] --START--
INFO: [ template_filter ] --START--
INFO: Run Behavior\ContentReplaceBehavior [ RunTime:0.000000s ]
INFO: [ template_filter ] --END-- [ RunTime:0.000000s ]
INFO: Run Behavior\ParseTemplateBehavior [ RunTime:0.013000s ]
INFO: [ view_parse ] --END-- [ RunTime:0.013000s ]
INFO: [ view_filter ] --START--
INFO: Run Behavior\WriteHtmlCacheBehavior [ RunTime:0.001000s ]
INFO: [ view_filter ] --END-- [ RunTime:0.001000s ]
INFO: [ app_end ] --START--
INFO: Run Behavior\ShowPageTraceBehavior [ RunTime:0.001001s ]
INFO: [ app_end ] --END-- [ RunTime:0.001001s ]

[ 2016-01-04T10:51:44+08:00 ] 127.0.0.1 /index.php/Home/Index/cl_login_in
INFO: [ app_init ] --START--
INFO: Run Behavior\BuildLiteBehavior [ RunTime:0.000000s ]
INFO: [ app_init ] --END-- [ RunTime:0.001000s ]
INFO: [ app_begin ] --START--
INFO: Run Behavior\ReadHtmlCacheBehavior [ RunTime:0.001000s ]
INFO: [ app_begin ] --END-- [ RunTime:0.001000s ]
NOTIC: [8] Use of undefined constant SALT - assumed 'SALT' D:\WWW\ouba\Application\Home\Controller\IndexController.class.php 第 12 行.
INFO: [ view_parse ] --START--
INFO: [ template_filter ] --START--
INFO: Run Behavior\ContentReplaceBehavior [ RunTime:0.000000s ]
INFO: [ template_filter ] --END-- [ RunTime:0.000000s ]
INFO: Run Behavior\ParseTemplateBehavior [ RunTime:0.008000s ]
INFO: [ view_parse ] --END-- [ RunTime:0.008000s ]
INFO: [ view_filter ] --START--
INFO: Run Behavior\WriteHtmlCacheBehavior [ RunTime:0.000000s ]
INFO: [ view_filter ] --END-- [ RunTime:0.000000s ]
INFO: [ app_end ] --START--
INFO: Run Behavior\ShowPageTraceBehavior [ RunTime:0.001000s ]
INFO: [ app_end ] --END-- [ RunTime:0.001000s ]

[ 2016-01-04T10:51:45+08:00 ] 127.0.0.1 /index.php/Home/Menu/allotlist
INFO: [ app_init ] --START--
INFO: Run Behavior\BuildLiteBehavior [ RunTime:0.000000s ]
INFO: [ app_init ] --END-- [ RunTime:0.000000s ]
INFO: [ app_begin ] --START--
INFO: Run Behavior\ReadHtmlCacheBehavior [ RunTime:0.001000s ]
INFO: [ app_begin ] --END-- [ RunTime:0.001000s ]
NOTIC: [8] Use of undefined constant PNAME - assumed 'PNAME' D:\WWW\ouba\Application\Home\Controller\MenuController.class.php 第 15 行.
NOTIC: [8] Use of undefined constant SECRET_KEY - assumed 'SECRET_KEY' D:\WWW\ouba\Application\Home\Controller\MenuController.class.php 第 16 行.
NOTIC: [8] Use of undefined constant API_URL - assumed 'API_URL' D:\WWW\ouba\Application\Home\Controller\MenuController.class.php 第 17 行.
SQL: SHOW COLUMNS FROM `onethink_house` [ RunTime:0.0100s ]
SQL: SELECT COUNT(h.id) AS tp_count FROM onethink_house as h left JOIN onethink_ucenter_member as oum on h.respid=oum.id  WHERE h.status IN ('2','3','4') LIMIT 1   [ RunTime:0.0080s ]
SQL: SELECT h.*,os.status as ostatus,oum.id as oumid,oum.username FROM onethink_house as h left JOIN onethink_ucenter_member as oum on h.respid=oum.id INNER JOIN onethink_status as os on h.status=os.id  WHERE h.status IN ('2','3','4') ORDER BY h.add_time desc LIMIT 0,10   [ RunTime:0.0400s ]
SQL: SHOW COLUMNS FROM `onethink_ucenter_member` [ RunTime:0.0090s ]
SQL: SELECT um.id,um.username FROM onethink_ucenter_member um WHERE ( um.status=8 or um.part_time )  [ RunTime:0.0090s ]
INFO: [ view_parse ] --START--
INFO: [ template_filter ] --START--
INFO: Run Behavior\ContentReplaceBehavior [ RunTime:0.000000s ]
INFO: [ template_filter ] --END-- [ RunTime:0.000000s ]
INFO: Run Behavior\ParseTemplateBehavior [ RunTime:0.011001s ]
INFO: [ view_parse ] --END-- [ RunTime:0.011001s ]
INFO: [ view_filter ] --START--
INFO: Run Behavior\WriteHtmlCacheBehavior [ RunTime:0.001000s ]
INFO: [ view_filter ] --END-- [ RunTime:0.001000s ]
INFO: [ app_end ] --START--
INFO: Run Behavior\ShowPageTraceBehavior [ RunTime:0.001000s ]
INFO: [ app_end ] --END-- [ RunTime:0.001000s ]

[ 2016-01-04T10:51:58+08:00 ] 127.0.0.1 /index.php/Home/Index/cl_login_in
INFO: [ app_init ] --START--
INFO: Run Behavior\BuildLiteBehavior [ RunTime:0.000000s ]
INFO: [ app_init ] --END-- [ RunTime:0.001000s ]
INFO: [ app_begin ] --START--
INFO: Run Behavior\ReadHtmlCacheBehavior [ RunTime:0.001000s ]
INFO: [ app_begin ] --END-- [ RunTime:0.001000s ]
NOTIC: [8] Use of undefined constant SALT - assumed 'SALT' D:\WWW\ouba\Application\Home\Controller\IndexController.class.php 第 12 行.
INFO: [ view_parse ] --START--
INFO: [ template_filter ] --START--
INFO: Run Behavior\ContentReplaceBehavior [ RunTime:0.000000s ]
INFO: [ template_filter ] --END-- [ RunTime:0.000000s ]
INFO: Run Behavior\ParseTemplateBehavior [ RunTime:0.010001s ]
INFO: [ view_parse ] --END-- [ RunTime:0.010001s ]
INFO: [ view_filter ] --START--
INFO: Run Behavior\WriteHtmlCacheBehavior [ RunTime:0.000000s ]
INFO: [ view_filter ] --END-- [ RunTime:0.000000s ]
INFO: [ app_end ] --START--
INFO: Run Behavior\ShowPageTraceBehavior [ RunTime:0.000000s ]
INFO: [ app_end ] --END-- [ RunTime:0.001000s ]

[ 2016-01-04T10:51:58+08:00 ] 127.0.0.1 /index.php/Home/Menu/allotlist
INFO: [ app_init ] --START--
INFO: Run Behavior\BuildLiteBehavior [ RunTime:0.000000s ]
INFO: [ app_init ] --END-- [ RunTime:0.001000s ]
INFO: [ app_begin ] --START--
INFO: Run Behavior\ReadHtmlCacheBehavior [ RunTime:0.001000s ]
INFO: [ app_begin ] --END-- [ RunTime:0.001000s ]
NOTIC: [8] Use of undefined constant PNAME - assumed 'PNAME' D:\WWW\ouba\Application\Home\Controller\MenuController.class.php 第 15 行.
NOTIC: [8] Use of undefined constant SECRET_KEY - assumed 'SECRET_KEY' D:\WWW\ouba\Application\Home\Controller\MenuController.class.php 第 16 行.
NOTIC: [8] Use of undefined constant API_URL - assumed 'API_URL' D:\WWW\ouba\Application\Home\Controller\MenuController.class.php 第 17 行.
SQL: SHOW COLUMNS FROM `onethink_house` [ RunTime:0.0090s ]
SQL: SELECT COUNT(h.id) AS tp_count FROM onethink_house as h left JOIN onethink_ucenter_member as oum on h.respid=oum.id  WHERE h.status IN ('2','3','4') LIMIT 1   [ RunTime:0.0080s ]
SQL: SELECT h.*,os.status as ostatus,oum.id as oumid,oum.username FROM onethink_house as h left JOIN onethink_ucenter_member as oum on h.respid=oum.id INNER JOIN onethink_status as os on h.status=os.id  WHERE h.status IN ('2','3','4') ORDER BY h.add_time desc LIMIT 0,10   [ RunTime:0.0090s ]
SQL: SHOW COLUMNS FROM `onethink_ucenter_member` [ RunTime:0.0090s ]
SQL: SELECT um.id,um.username FROM onethink_ucenter_member um WHERE ( um.status=8 or um.part_time )  [ RunTime:0.0390s ]
INFO: [ view_parse ] --START--
INFO: [ template_filter ] --START--
INFO: Run Behavior\ContentReplaceBehavior [ RunTime:0.000000s ]
INFO: [ template_filter ] --END-- [ RunTime:0.000000s ]
INFO: Run Behavior\ParseTemplateBehavior [ RunTime:0.013001s ]
INFO: [ view_parse ] --END-- [ RunTime:0.013001s ]
INFO: [ view_filter ] --START--
INFO: Run Behavior\WriteHtmlCacheBehavior [ RunTime:0.001000s ]
INFO: [ view_filter ] --END-- [ RunTime:0.001000s ]
INFO: [ app_end ] --START--
INFO: Run Behavior\ShowPageTraceBehavior [ RunTime:0.001000s ]
INFO: [ app_end ] --END-- [ RunTime:0.001000s ]

[ 2016-01-04T10:54:28+08:00 ] 127.0.0.1 /index.php/Home/Index/cl_login_in
INFO: [ app_init ] --START--
INFO: Run Behavior\BuildLiteBehavior [ RunTime:0.000000s ]
INFO: [ app_init ] --END-- [ RunTime:0.000000s ]
INFO: [ app_begin ] --START--
INFO: Run Behavior\ReadHtmlCacheBehavior [ RunTime:0.002000s ]
INFO: [ app_begin ] --END-- [ RunTime:0.002000s ]
NOTIC: [8] Use of undefined constant SALT - assumed 'SALT' D:\WWW\ouba\Application\Home\Controller\IndexController.class.php 第 12 行.
INFO: [ view_parse ] --START--
INFO: [ template_filter ] --START--
INFO: Run Behavior\ContentReplaceBehavior [ RunTime:0.000000s ]
INFO: [ template_filter ] --END-- [ RunTime:0.000000s ]
INFO: Run Behavior\ParseTemplateBehavior [ RunTime:0.009001s ]
INFO: [ view_parse ] --END-- [ RunTime:0.009001s ]
INFO: [ view_filter ] --START--
INFO: Run Behavior\WriteHtmlCacheBehavior [ RunTime:0.000000s ]
INFO: [ view_filter ] --END-- [ RunTime:0.001000s ]
INFO: [ app_end ] --START--
INFO: Run Behavior\ShowPageTraceBehavior [ RunTime:0.001000s ]
INFO: [ app_end ] --END-- [ RunTime:0.001000s ]

[ 2016-01-04T10:54:29+08:00 ] 127.0.0.1 /index.php/Home/Menu/allotlist
INFO: [ app_init ] --START--
INFO: Run Behavior\BuildLiteBehavior [ RunTime:0.000000s ]
INFO: [ app_init ] --END-- [ RunTime:0.001000s ]
INFO: [ app_begin ] --START--
INFO: Run Behavior\ReadHtmlCacheBehavior [ RunTime:0.001000s ]
INFO: [ app_begin ] --END-- [ RunTime:0.001000s ]
NOTIC: [8] Use of undefined constant PNAME - assumed 'PNAME' D:\WWW\ouba\Application\Home\Controller\MenuController.class.php 第 15 行.
NOTIC: [8] Use of undefined constant SECRET_KEY - assumed 'SECRET_KEY' D:\WWW\ouba\Application\Home\Controller\MenuController.class.php 第 16 行.
NOTIC: [8] Use of undefined constant API_URL - assumed 'API_URL' D:\WWW\ouba\Application\Home\Controller\MenuController.class.php 第 17 行.
SQL: SHOW COLUMNS FROM `onethink_house` [ RunTime:0.0140s ]
SQL: SELECT COUNT(h.id) AS tp_count FROM onethink_house as h left JOIN onethink_ucenter_member as oum on h.respid=oum.id  WHERE h.status IN ('2','3','4') LIMIT 1   [ RunTime:0.0110s ]
SQL: SELECT h.*,os.status as ostatus,oum.id as oumid,oum.username FROM onethink_house as h left JOIN onethink_ucenter_member as oum on h.respid=oum.id INNER JOIN onethink_status as os on h.status=os.id  WHERE h.status IN ('2','3','4') ORDER BY h.add_time desc LIMIT 0,10   [ RunTime:0.0140s ]
SQL: SHOW COLUMNS FROM `onethink_ucenter_member` [ RunTime:0.0120s ]
SQL: SELECT um.id,um.username FROM onethink_ucenter_member um WHERE ( um.status=8 or um.part_time )  [ RunTime:0.0350s ]
INFO: [ view_parse ] --START--
INFO: [ template_filter ] --START--
INFO: Run Behavior\ContentReplaceBehavior [ RunTime:0.001000s ]
INFO: [ template_filter ] --END-- [ RunTime:0.001000s ]
INFO: Run Behavior\ParseTemplateBehavior [ RunTime:0.012001s ]
INFO: [ view_parse ] --END-- [ RunTime:0.012001s ]
INFO: [ view_filter ] --START--
INFO: Run Behavior\WriteHtmlCacheBehavior [ RunTime:0.001000s ]
INFO: [ view_filter ] --END-- [ RunTime:0.001000s ]
INFO: [ app_end ] --START--
INFO: Run Behavior\ShowPageTraceBehavior [ RunTime:0.001000s ]
INFO: [ app_end ] --END-- [ RunTime:0.001000s ]

[ 2016-01-04T10:54:56+08:00 ] 127.0.0.1 /index.php/Home/Index/cl_login_in
INFO: [ app_init ] --START--
INFO: Run Behavior\BuildLiteBehavior [ RunTime:0.000000s ]
INFO: [ app_init ] --END-- [ RunTime:0.001000s ]
INFO: [ app_begin ] --START--
INFO: Run Behavior\ReadHtmlCacheBehavior [ RunTime:0.001000s ]
INFO: [ app_begin ] --END-- [ RunTime:0.001000s ]
NOTIC: [8] Use of undefined constant SALT - assumed 'SALT' D:\WWW\ouba\Application\Home\Controller\IndexController.class.php 第 12 行.
INFO: [ view_parse ] --START--
INFO: [ template_filter ] --START--
INFO: Run Behavior\ContentReplaceBehavior [ RunTime:0.000000s ]
INFO: [ template_filter ] --END-- [ RunTime:0.000000s ]
INFO: Run Behavior\ParseTemplateBehavior [ RunTime:0.009001s ]
INFO: [ view_parse ] --END-- [ RunTime:0.009001s ]
INFO: [ view_filter ] --START--
INFO: Run Behavior\WriteHtmlCacheBehavior [ RunTime:0.001000s ]
INFO: [ view_filter ] --END-- [ RunTime:0.001000s ]
INFO: [ app_end ] --START--
INFO: Run Behavior\ShowPageTraceBehavior [ RunTime:0.000000s ]
INFO: [ app_end ] --END-- [ RunTime:0.001000s ]

[ 2016-01-04T10:54:57+08:00 ] 127.0.0.1 /index.php/Home/Menu/allotlist
INFO: [ app_init ] --START--
INFO: Run Behavior\BuildLiteBehavior [ RunTime:0.000000s ]
INFO: [ app_init ] --END-- [ RunTime:0.000000s ]
INFO: [ app_begin ] --START--
INFO: Run Behavior\ReadHtmlCacheBehavior [ RunTime:0.000000s ]
INFO: [ app_begin ] --END-- [ RunTime:0.000000s ]
NOTIC: [8] Use of undefined constant PNAME - assumed 'PNAME' D:\WWW\ouba\Application\Home\Controller\MenuController.class.php 第 15 行.
NOTIC: [8] Use of undefined constant SECRET_KEY - assumed 'SECRET_KEY' D:\WWW\ouba\Application\Home\Controller\MenuController.class.php 第 16 行.
NOTIC: [8] Use of undefined constant API_URL - assumed 'API_URL' D:\WWW\ouba\Application\Home\Controller\MenuController.class.php 第 17 行.
SQL: SHOW COLUMNS FROM `onethink_house` [ RunTime:0.0120s ]
SQL: SELECT COUNT(h.id) AS tp_count FROM onethink_house as h left JOIN onethink_ucenter_member as oum on h.respid=oum.id  WHERE h.status IN ('2','3','4') LIMIT 1   [ RunTime:0.0090s ]
SQL: SELECT h.*,os.status as ostatus,oum.id as oumid,oum.username FROM onethink_house as h left JOIN onethink_ucenter_member as oum on h.respid=oum.id INNER JOIN onethink_status as os on h.status=os.id  WHERE h.status IN ('2','3','4') ORDER BY h.add_time desc LIMIT 0,10   [ RunTime:0.0400s ]
SQL: SHOW COLUMNS FROM `onethink_ucenter_member` [ RunTime:0.0100s ]
SQL: SELECT um.id,um.username FROM onethink_ucenter_member um WHERE ( um.status=8 or um.part_time )  [ RunTime:0.0100s ]
INFO: [ view_parse ] --START--
INFO: [ template_filter ] --START--
INFO: Run Behavior\ContentReplaceBehavior [ RunTime:0.000000s ]
INFO: [ template_filter ] --END-- [ RunTime:0.000000s ]
INFO: Run Behavior\ParseTemplateBehavior [ RunTime:0.009001s ]
INFO: [ view_parse ] --END-- [ RunTime:0.009001s ]
INFO: [ view_filter ] --START--
INFO: Run Behavior\WriteHtmlCacheBehavior [ RunTime:0.000000s ]
INFO: [ view_filter ] --END-- [ RunTime:0.000000s ]
INFO: [ app_end ] --START--
INFO: Run Behavior\ShowPageTraceBehavior [ RunTime:0.001000s ]
INFO: [ app_end ] --END-- [ RunTime:0.001000s ]

[ 2016-01-04T11:08:13+08:00 ] 127.0.0.1 /index.php/Home/Index/cl_login_in
INFO: [ app_init ] --START--
INFO: Run Behavior\BuildLiteBehavior [ RunTime:0.000000s ]
INFO: [ app_init ] --END-- [ RunTime:0.001000s ]
INFO: [ app_begin ] --START--
INFO: Run Behavior\ReadHtmlCacheBehavior [ RunTime:0.002000s ]
INFO: [ app_begin ] --END-- [ RunTime:0.002000s ]
NOTIC: [8] Use of undefined constant SALT - assumed 'SALT' D:\WWW\ouba\Application\Home\Controller\IndexController.class.php 第 12 行.
INFO: [ view_parse ] --START--
INFO: [ template_filter ] --START--
INFO: Run Behavior\ContentReplaceBehavior [ RunTime:0.000000s ]
INFO: [ template_filter ] --END-- [ RunTime:0.000000s ]
INFO: Run Behavior\ParseTemplateBehavior [ RunTime:0.012000s ]
INFO: [ view_parse ] --END-- [ RunTime:0.012000s ]
INFO: [ view_filter ] --START--
INFO: Run Behavior\WriteHtmlCacheBehavior [ RunTime:0.000000s ]
INFO: [ view_filter ] --END-- [ RunTime:0.001000s ]
INFO: [ app_end ] --START--
INFO: Run Behavior\ShowPageTraceBehavior [ RunTime:0.001000s ]
INFO: [ app_end ] --END-- [ RunTime:0.001000s ]

[ 2016-01-04T11:08:13+08:00 ] 127.0.0.1 /index.php/Home/Menu/allotlist
INFO: [ app_init ] --START--
INFO: Run Behavior\BuildLiteBehavior [ RunTime:0.000000s ]
INFO: [ app_init ] --END-- [ RunTime:0.000000s ]
INFO: [ app_begin ] --START--
INFO: Run Behavior\ReadHtmlCacheBehavior [ RunTime:0.000000s ]
INFO: [ app_begin ] --END-- [ RunTime:0.000000s ]
NOTIC: [8] Use of undefined constant PNAME - assumed 'PNAME' D:\WWW\ouba\Application\Home\Controller\MenuController.class.php 第 15 行.
NOTIC: [8] Use of undefined constant SECRET_KEY - assumed 'SECRET_KEY' D:\WWW\ouba\Application\Home\Controller\MenuController.class.php 第 16 行.
NOTIC: [8] Use of undefined constant API_URL - assumed 'API_URL' D:\WWW\ouba\Application\Home\Controller\MenuController.class.php 第 17 行.
SQL: SHOW COLUMNS FROM `onethink_house` [ RunTime:0.0110s ]
SQL: SELECT COUNT(h.id) AS tp_count FROM onethink_house as h left JOIN onethink_ucenter_member as oum on h.respid=oum.id  WHERE h.status IN ('2','3','4') LIMIT 1   [ RunTime:0.0100s ]
SQL: SELECT h.*,os.status as ostatus,oum.id as oumid,oum.username FROM onethink_house as h left JOIN onethink_ucenter_member as oum on h.respid=oum.id INNER JOIN onethink_status as os on h.status=os.id  WHERE h.status IN ('2','3','4') ORDER BY h.add_time desc LIMIT 0,10   [ RunTime:0.0440s ]
SQL: SHOW COLUMNS FROM `onethink_ucenter_member` [ RunTime:0.0100s ]
SQL: SELECT um.id,um.username FROM onethink_ucenter_member um WHERE ( um.status=8 or um.part_time )  [ RunTime:0.0080s ]
INFO: [ view_parse ] --START--
INFO: [ template_filter ] --START--
INFO: Run Behavior\ContentReplaceBehavior [ RunTime:0.000000s ]
INFO: [ template_filter ] --END-- [ RunTime:0.000000s ]
INFO: Run Behavior\ParseTemplateBehavior [ RunTime:0.011000s ]
INFO: [ view_parse ] --END-- [ RunTime:0.011000s ]
INFO: [ view_filter ] --START--
INFO: Run Behavior\WriteHtmlCacheBehavior [ RunTime:0.000000s ]
INFO: [ view_filter ] --END-- [ RunTime:0.000000s ]
INFO: [ app_end ] --START--
INFO: Run Behavior\ShowPageTraceBehavior [ RunTime:0.000000s ]
INFO: [ app_end ] --END-- [ RunTime:0.000000s ]

[ 2016-01-04T11:17:19+08:00 ] 127.0.0.1 /index.php/Home/Index/cl_login_in
INFO: [ app_init ] --START--
INFO: Run Behavior\BuildLiteBehavior [ RunTime:0.000000s ]
INFO: [ app_init ] --END-- [ RunTime:0.001000s ]
INFO: [ app_begin ] --START--
INFO: Run Behavior\ReadHtmlCacheBehavior [ RunTime:0.002000s ]
INFO: [ app_begin ] --END-- [ RunTime:0.002000s ]
NOTIC: [8] Use of undefined constant SALT - assumed 'SALT' D:\WWW\ouba\Application\Home\Controller\IndexController.class.php 第 12 行.
INFO: [ view_parse ] --START--
INFO: [ template_filter ] --START--
INFO: Run Behavior\ContentReplaceBehavior [ RunTime:0.000000s ]
INFO: [ template_filter ] --END-- [ RunTime:0.000000s ]
INFO: Run Behavior\ParseTemplateBehavior [ RunTime:0.009001s ]
INFO: [ view_parse ] --END-- [ RunTime:0.009001s ]
INFO: [ view_filter ] --START--
INFO: Run Behavior\WriteHtmlCacheBehavior [ RunTime:0.001000s ]
INFO: [ view_filter ] --END-- [ RunTime:0.001000s ]
INFO: [ app_end ] --START--
INFO: Run Behavior\ShowPageTraceBehavior [ RunTime:0.001000s ]
INFO: [ app_end ] --END-- [ RunTime:0.001000s ]

[ 2016-01-04T11:17:19+08:00 ] 127.0.0.1 /index.php/Home/Menu/allotlist
INFO: [ app_init ] --START--
INFO: Run Behavior\BuildLiteBehavior [ RunTime:0.000000s ]
INFO: [ app_init ] --END-- [ RunTime:0.000000s ]
INFO: [ app_begin ] --START--
INFO: Run Behavior\ReadHtmlCacheBehavior [ RunTime:0.001000s ]
INFO: [ app_begin ] --END-- [ RunTime:0.001000s ]
NOTIC: [8] Use of undefined constant PNAME - assumed 'PNAME' D:\WWW\ouba\Application\Home\Controller\MenuController.class.php 第 15 行.
NOTIC: [8] Use of undefined constant SECRET_KEY - assumed 'SECRET_KEY' D:\WWW\ouba\Application\Home\Controller\MenuController.class.php 第 16 行.
NOTIC: [8] Use of undefined constant API_URL - assumed 'API_URL' D:\WWW\ouba\Application\Home\Controller\MenuController.class.php 第 17 行.
SQL: SHOW COLUMNS FROM `onethink_house` [ RunTime:0.0090s ]
SQL: SELECT COUNT(h.id) AS tp_count FROM onethink_house as h left JOIN onethink_ucenter_member as oum on h.respid=oum.id  WHERE h.status IN ('2','3','4') LIMIT 1   [ RunTime:0.0090s ]
SQL: SELECT h.*,os.status as ostatus,oum.id as oumid,oum.username FROM onethink_house as h left JOIN onethink_ucenter_member as oum on h.respid=oum.id INNER JOIN onethink_status as os on h.status=os.id  WHERE h.status IN ('2','3','4') ORDER BY h.add_time desc LIMIT 0,10   [ RunTime:0.0400s ]
SQL: SHOW COLUMNS FROM `onethink_ucenter_member` [ RunTime:0.0100s ]
SQL: SELECT um.id,um.username FROM onethink_ucenter_member um WHERE ( um.status=8 or um.part_time )  [ RunTime:0.0080s ]
INFO: [ view_parse ] --START--
INFO: [ template_filter ] --START--
INFO: Run Behavior\ContentReplaceBehavior [ RunTime:0.000000s ]
INFO: [ template_filter ] --END-- [ RunTime:0.000000s ]
INFO: Run Behavior\ParseTemplateBehavior [ RunTime:0.012001s ]
INFO: [ view_parse ] --END-- [ RunTime:0.012001s ]
INFO: [ view_filter ] --START--
INFO: Run Behavior\WriteHtmlCacheBehavior [ RunTime:0.001000s ]
INFO: [ view_filter ] --END-- [ RunTime:0.001000s ]
INFO: [ app_end ] --START--
INFO: Run Behavior\ShowPageTraceBehavior [ RunTime:0.002000s ]
INFO: [ app_end ] --END-- [ RunTime:0.002000s ]

[ 2016-01-04T11:17:22+08:00 ] 127.0.0.1 /index.php/Home/Menu/allocated?respid=2&propid=512
INFO: [ app_init ] --START--
INFO: Run Behavior\BuildLiteBehavior [ RunTime:0.000000s ]
INFO: [ app_init ] --END-- [ RunTime:0.000000s ]
INFO: [ app_begin ] --START--
INFO: Run Behavior\ReadHtmlCacheBehavior [ RunTime:0.001001s ]
INFO: [ app_begin ] --END-- [ RunTime:0.001001s ]
NOTIC: [8] Use of undefined constant PNAME - assumed 'PNAME' D:\WWW\ouba\Application\Home\Controller\MenuController.class.php 第 15 行.
NOTIC: [8] Use of undefined constant SECRET_KEY - assumed 'SECRET_KEY' D:\WWW\ouba\Application\Home\Controller\MenuController.class.php 第 16 行.
NOTIC: [8] Use of undefined constant API_URL - assumed 'API_URL' D:\WWW\ouba\Application\Home\Controller\MenuController.class.php 第 17 行.
SQL: SHOW COLUMNS FROM `onethink_house` [ RunTime:0.0120s ]
SQL: UPDATE `onethink_house` SET `respid`='2',`status`='4',`fptime`='1451877442' WHERE ( id=512 ) [ RunTime:0.0090s ]
NOTIC: [8] Undefined variable: first D:\WWW\ouba\Application\Home\Controller\MenuController.class.php 第 648 行.
SQL: SHOW COLUMNS FROM `onethink_dts` [ RunTime:0.0100s ]
SQL: INSERT INTO `onethink_dts` (`opname`,`optime`,`opdata`,`opip`,`optip`,`optbname`,`opthatid`,`oprespid`) VALUES ('admin','1451877442','a:3:{s:6:\"respid\";s:1:\"2\";s:6:\"status\";i:4;s:6:\"fptime\";i:1451877442;}','2130706433','admin分配一个项目给负责人id为：2','house','512','2') [ RunTime:0.3300s ]
INFO: [ app_end ] --START--
INFO: Run Behavior\ShowPageTraceBehavior [ RunTime:0.003000s ]
INFO: [ app_end ] --END-- [ RunTime:0.003000s ]

[ 2016-01-04T11:17:22+08:00 ] 127.0.0.1 /index.php/Home/Menu/allotlist
INFO: [ app_init ] --START--
INFO: Run Behavior\BuildLiteBehavior [ RunTime:0.000000s ]
INFO: [ app_init ] --END-- [ RunTime:0.001000s ]
INFO: [ app_begin ] --START--
INFO: Run Behavior\ReadHtmlCacheBehavior [ RunTime:0.001000s ]
INFO: [ app_begin ] --END-- [ RunTime:0.001000s ]
NOTIC: [8] Use of undefined constant PNAME - assumed 'PNAME' D:\WWW\ouba\Application\Home\Controller\MenuController.class.php 第 15 行.
NOTIC: [8] Use of undefined constant SECRET_KEY - assumed 'SECRET_KEY' D:\WWW\ouba\Application\Home\Controller\MenuController.class.php 第 16 行.
NOTIC: [8] Use of undefined constant API_URL - assumed 'API_URL' D:\WWW\ouba\Application\Home\Controller\MenuController.class.php 第 17 行.
SQL: SHOW COLUMNS FROM `onethink_house` [ RunTime:0.0120s ]
SQL: SELECT COUNT(h.id) AS tp_count FROM onethink_house as h left JOIN onethink_ucenter_member as oum on h.respid=oum.id  WHERE h.status IN ('2','3','4') LIMIT 1   [ RunTime:0.0080s ]
SQL: SELECT h.*,os.status as ostatus,oum.id as oumid,oum.username FROM onethink_house as h left JOIN onethink_ucenter_member as oum on h.respid=oum.id INNER JOIN onethink_status as os on h.status=os.id  WHERE h.status IN ('2','3','4') ORDER BY h.add_time desc LIMIT 0,10   [ RunTime:0.0090s ]
SQL: SHOW COLUMNS FROM `onethink_ucenter_member` [ RunTime:0.0070s ]
SQL: SELECT um.id,um.username FROM onethink_ucenter_member um WHERE ( um.status=8 or um.part_time )  [ RunTime:0.0390s ]
INFO: [ view_parse ] --START--
INFO: [ template_filter ] --START--
INFO: Run Behavior\ContentReplaceBehavior [ RunTime:0.000000s ]
INFO: [ template_filter ] --END-- [ RunTime:0.001000s ]
INFO: Run Behavior\ParseTemplateBehavior [ RunTime:0.026001s ]
INFO: [ view_parse ] --END-- [ RunTime:0.026001s ]
INFO: [ view_filter ] --START--
INFO: Run Behavior\WriteHtmlCacheBehavior [ RunTime:0.001000s ]
INFO: [ view_filter ] --END-- [ RunTime:0.002000s ]
INFO: [ app_end ] --START--
INFO: Run Behavior\ShowPageTraceBehavior [ RunTime:0.001000s ]
INFO: [ app_end ] --END-- [ RunTime:0.001000s ]

[ 2016-01-04T11:17:32+08:00 ] 127.0.0.1 /index.php/Home/Menu/allocated?respid=3&propid=512
INFO: [ app_init ] --START--
INFO: Run Behavior\BuildLiteBehavior [ RunTime:0.000000s ]
INFO: [ app_init ] --END-- [ RunTime:0.001000s ]
INFO: [ app_begin ] --START--
INFO: Run Behavior\ReadHtmlCacheBehavior [ RunTime:0.001000s ]
INFO: [ app_begin ] --END-- [ RunTime:0.001000s ]
NOTIC: [8] Use of undefined constant PNAME - assumed 'PNAME' D:\WWW\ouba\Application\Home\Controller\MenuController.class.php 第 15 行.
NOTIC: [8] Use of undefined constant SECRET_KEY - assumed 'SECRET_KEY' D:\WWW\ouba\Application\Home\Controller\MenuController.class.php 第 16 行.
NOTIC: [8] Use of undefined constant API_URL - assumed 'API_URL' D:\WWW\ouba\Application\Home\Controller\MenuController.class.php 第 17 行.
SQL: SHOW COLUMNS FROM `onethink_house` [ RunTime:0.0100s ]
SQL: UPDATE `onethink_house` SET `respid`='3',`status`='4',`fptime`='1451877452' WHERE ( id=512 ) [ RunTime:0.0070s ]
NOTIC: [8] Undefined variable: first D:\WWW\ouba\Application\Home\Controller\MenuController.class.php 第 648 行.
SQL: SHOW COLUMNS FROM `onethink_dts` [ RunTime:0.0090s ]
SQL: INSERT INTO `onethink_dts` (`opname`,`optime`,`opdata`,`opip`,`optip`,`optbname`,`opthatid`,`oprespid`) VALUES ('admin','1451877452','a:3:{s:6:\"respid\";s:1:\"3\";s:6:\"status\";i:4;s:6:\"fptime\";i:1451877452;}','2130706433','admin分配一个项目给负责人id为：3','house','512','3') [ RunTime:0.0080s ]
INFO: [ app_end ] --START--
INFO: Run Behavior\ShowPageTraceBehavior [ RunTime:0.005000s ]
INFO: [ app_end ] --END-- [ RunTime:0.005000s ]

[ 2016-01-04T11:17:32+08:00 ] 127.0.0.1 /index.php/Home/Menu/allotlist
INFO: [ app_init ] --START--
INFO: Run Behavior\BuildLiteBehavior [ RunTime:0.000000s ]
INFO: [ app_init ] --END-- [ RunTime:0.001000s ]
INFO: [ app_begin ] --START--
INFO: Run Behavior\ReadHtmlCacheBehavior [ RunTime:0.001000s ]
INFO: [ app_begin ] --END-- [ RunTime:0.001000s ]
NOTIC: [8] Use of undefined constant PNAME - assumed 'PNAME' D:\WWW\ouba\Application\Home\Controller\MenuController.class.php 第 15 行.
NOTIC: [8] Use of undefined constant SECRET_KEY - assumed 'SECRET_KEY' D:\WWW\ouba\Application\Home\Controller\MenuController.class.php 第 16 行.
NOTIC: [8] Use of undefined constant API_URL - assumed 'API_URL' D:\WWW\ouba\Application\Home\Controller\MenuController.class.php 第 17 行.
SQL: SHOW COLUMNS FROM `onethink_house` [ RunTime:0.0120s ]
SQL: SELECT COUNT(h.id) AS tp_count FROM onethink_house as h left JOIN onethink_ucenter_member as oum on h.respid=oum.id  WHERE h.status IN ('2','3','4') LIMIT 1   [ RunTime:0.0110s ]
SQL: SELECT h.*,os.status as ostatus,oum.id as oumid,oum.username FROM onethink_house as h left JOIN onethink_ucenter_member as oum on h.respid=oum.id INNER JOIN onethink_status as os on h.status=os.id  WHERE h.status IN ('2','3','4') ORDER BY h.add_time desc LIMIT 0,10   [ RunTime:0.0120s ]
SQL: SHOW COLUMNS FROM `onethink_ucenter_member` [ RunTime:0.0100s ]
SQL: SELECT um.id,um.username FROM onethink_ucenter_member um WHERE ( um.status=8 or um.part_time )  [ RunTime:0.0390s ]
INFO: [ view_parse ] --START--
INFO: [ template_filter ] --START--
INFO: Run Behavior\ContentReplaceBehavior [ RunTime:0.000000s ]
INFO: [ template_filter ] --END-- [ RunTime:0.000000s ]
INFO: Run Behavior\ParseTemplateBehavior [ RunTime:0.018001s ]
INFO: [ view_parse ] --END-- [ RunTime:0.018001s ]
INFO: [ view_filter ] --START--
INFO: Run Behavior\WriteHtmlCacheBehavior [ RunTime:0.002000s ]
INFO: [ view_filter ] --END-- [ RunTime:0.002000s ]
INFO: [ app_end ] --START--
INFO: Run Behavior\ShowPageTraceBehavior [ RunTime:0.001000s ]
INFO: [ app_end ] --END-- [ RunTime:0.001000s ]

[ 2016-01-04T11:23:52+08:00 ] 127.0.0.1 /index.php/Home/Index/cl_login_in
INFO: [ app_init ] --START--
INFO: Run Behavior\BuildLiteBehavior [ RunTime:0.000000s ]
INFO: [ app_init ] --END-- [ RunTime:0.001000s ]
INFO: [ app_begin ] --START--
INFO: Run Behavior\ReadHtmlCacheBehavior [ RunTime:0.001000s ]
INFO: [ app_begin ] --END-- [ RunTime:0.001000s ]
NOTIC: [8] Use of undefined constant SALT - assumed 'SALT' D:\WWW\ouba\Application\Home\Controller\IndexController.class.php 第 12 行.
INFO: [ view_parse ] --START--
INFO: [ template_filter ] --START--
INFO: Run Behavior\ContentReplaceBehavior [ RunTime:0.000000s ]
INFO: [ template_filter ] --END-- [ RunTime:0.000000s ]
INFO: Run Behavior\ParseTemplateBehavior [ RunTime:0.009000s ]
INFO: [ view_parse ] --END-- [ RunTime:0.009000s ]
INFO: [ view_filter ] --START--
INFO: Run Behavior\WriteHtmlCacheBehavior [ RunTime:0.000000s ]
INFO: [ view_filter ] --END-- [ RunTime:0.000000s ]
INFO: [ app_end ] --START--
INFO: Run Behavior\ShowPageTraceBehavior [ RunTime:0.001000s ]
INFO: [ app_end ] --END-- [ RunTime:0.001000s ]

[ 2016-01-04T11:23:52+08:00 ] 127.0.0.1 /index.php/Home/Menu/allotlist
INFO: [ app_init ] --START--
INFO: Run Behavior\BuildLiteBehavior [ RunTime:0.000000s ]
INFO: [ app_init ] --END-- [ RunTime:0.001000s ]
INFO: [ app_begin ] --START--
INFO: Run Behavior\ReadHtmlCacheBehavior [ RunTime:0.001000s ]
INFO: [ app_begin ] --END-- [ RunTime:0.001000s ]
NOTIC: [8] Use of undefined constant PNAME - assumed 'PNAME' D:\WWW\ouba\Application\Home\Controller\MenuController.class.php 第 15 行.
NOTIC: [8] Use of undefined constant SECRET_KEY - assumed 'SECRET_KEY' D:\WWW\ouba\Application\Home\Controller\MenuController.class.php 第 16 行.
NOTIC: [8] Use of undefined constant API_URL - assumed 'API_URL' D:\WWW\ouba\Application\Home\Controller\MenuController.class.php 第 17 行.
SQL: SHOW COLUMNS FROM `onethink_house` [ RunTime:0.0110s ]
SQL: SELECT COUNT(h.id) AS tp_count FROM onethink_house as h left JOIN onethink_ucenter_member as oum on h.respid=oum.id  WHERE h.status IN ('2','3','4') LIMIT 1   [ RunTime:0.0090s ]
SQL: SELECT h.*,os.status as ostatus,oum.id as oumid,oum.username FROM onethink_house as h left JOIN onethink_ucenter_member as oum on h.respid=oum.id INNER JOIN onethink_status as os on h.status=os.id  WHERE h.status IN ('2','3','4') ORDER BY h.add_time desc LIMIT 0,10   [ RunTime:0.0370s ]
SQL: SHOW COLUMNS FROM `onethink_ucenter_member` [ RunTime:0.0110s ]
SQL: SELECT um.id,um.username FROM onethink_ucenter_member um WHERE ( um.status=8 or um.part_time )  [ RunTime:0.0090s ]
INFO: [ view_parse ] --START--
INFO: [ template_filter ] --START--
INFO: Run Behavior\ContentReplaceBehavior [ RunTime:0.000000s ]
INFO: [ template_filter ] --END-- [ RunTime:0.000000s ]
INFO: Run Behavior\ParseTemplateBehavior [ RunTime:0.016001s ]
INFO: [ view_parse ] --END-- [ RunTime:0.016001s ]
INFO: [ view_filter ] --START--
INFO: Run Behavior\WriteHtmlCacheBehavior [ RunTime:0.001000s ]
INFO: [ view_filter ] --END-- [ RunTime:0.001000s ]
INFO: [ app_end ] --START--
INFO: Run Behavior\ShowPageTraceBehavior [ RunTime:0.001000s ]
INFO: [ app_end ] --END-- [ RunTime:0.001000s ]

[ 2016-01-04T11:24:42+08:00 ] 127.0.0.1 /index.php/Home/Index/cl_login_in
INFO: [ app_init ] --START--
INFO: Run Behavior\BuildLiteBehavior [ RunTime:0.000000s ]
INFO: [ app_init ] --END-- [ RunTime:0.000000s ]
INFO: [ app_begin ] --START--
INFO: Run Behavior\ReadHtmlCacheBehavior [ RunTime:0.001000s ]
INFO: [ app_begin ] --END-- [ RunTime:0.001000s ]
NOTIC: [8] Use of undefined constant SALT - assumed 'SALT' D:\WWW\ouba\Application\Home\Controller\IndexController.class.php 第 12 行.
INFO: [ view_parse ] --START--
INFO: [ template_filter ] --START--
INFO: Run Behavior\ContentReplaceBehavior [ RunTime:0.000000s ]
INFO: [ template_filter ] --END-- [ RunTime:0.000000s ]
INFO: Run Behavior\ParseTemplateBehavior [ RunTime:0.007000s ]
INFO: [ view_parse ] --END-- [ RunTime:0.007000s ]
INFO: [ view_filter ] --START--
INFO: Run Behavior\WriteHtmlCacheBehavior [ RunTime:0.000000s ]
INFO: [ view_filter ] --END-- [ RunTime:0.000000s ]
INFO: [ app_end ] --START--
INFO: Run Behavior\ShowPageTraceBehavior [ RunTime:0.001000s ]
INFO: [ app_end ] --END-- [ RunTime:0.001000s ]

[ 2016-01-04T11:24:43+08:00 ] 127.0.0.1 /index.php/Home/Menu/allotlist
INFO: [ app_init ] --START--
INFO: Run Behavior\BuildLiteBehavior [ RunTime:0.000000s ]
INFO: [ app_init ] --END-- [ RunTime:0.001000s ]
INFO: [ app_begin ] --START--
INFO: Run Behavior\ReadHtmlCacheBehavior [ RunTime:0.001000s ]
INFO: [ app_begin ] --END-- [ RunTime:0.001000s ]
NOTIC: [8] Use of undefined constant PNAME - assumed 'PNAME' D:\WWW\ouba\Application\Home\Controller\MenuController.class.php 第 15 行.
NOTIC: [8] Use of undefined constant SECRET_KEY - assumed 'SECRET_KEY' D:\WWW\ouba\Application\Home\Controller\MenuController.class.php 第 16 行.
NOTIC: [8] Use of undefined constant API_URL - assumed 'API_URL' D:\WWW\ouba\Application\Home\Controller\MenuController.class.php 第 17 行.
SQL: SHOW COLUMNS FROM `onethink_house` [ RunTime:0.0130s ]
SQL: SELECT COUNT(h.id) AS tp_count FROM onethink_house as h left JOIN onethink_ucenter_member as oum on h.respid=oum.id  WHERE h.status IN ('2','3','4') LIMIT 1   [ RunTime:0.0110s ]
SQL: SELECT h.*,os.status as ostatus,oum.id as oumid,oum.username FROM onethink_house as h left JOIN onethink_ucenter_member as oum on h.respid=oum.id INNER JOIN onethink_status as os on h.status=os.id  WHERE h.status IN ('2','3','4') ORDER BY h.add_time desc LIMIT 0,10   [ RunTime:0.0390s ]
SQL: SHOW COLUMNS FROM `onethink_ucenter_member` [ RunTime:0.0080s ]
SQL: SELECT um.id,um.username FROM onethink_ucenter_member um WHERE ( um.status=8 or um.part_time )  [ RunTime:0.0080s ]
INFO: [ view_parse ] --START--
INFO: [ template_filter ] --START--
INFO: Run Behavior\ContentReplaceBehavior [ RunTime:0.000000s ]
INFO: [ template_filter ] --END-- [ RunTime:0.000000s ]
INFO: Run Behavior\ParseTemplateBehavior [ RunTime:0.025001s ]
INFO: [ view_parse ] --END-- [ RunTime:0.025001s ]
INFO: [ view_filter ] --START--
INFO: Run Behavior\WriteHtmlCacheBehavior [ RunTime:0.002001s ]
INFO: [ view_filter ] --END-- [ RunTime:0.002001s ]
INFO: [ app_end ] --START--
INFO: Run Behavior\ShowPageTraceBehavior [ RunTime:0.002000s ]
INFO: [ app_end ] --END-- [ RunTime:0.002000s ]

[ 2016-01-04T11:25:25+08:00 ] 127.0.0.1 /index.php/Home/Index/cl_login_in
INFO: [ app_init ] --START--
INFO: Run Behavior\BuildLiteBehavior [ RunTime:0.000000s ]
INFO: [ app_init ] --END-- [ RunTime:0.001000s ]
INFO: [ app_begin ] --START--
INFO: Run Behavior\ReadHtmlCacheBehavior [ RunTime:0.001000s ]
INFO: [ app_begin ] --END-- [ RunTime:0.001000s ]
NOTIC: [8] Use of undefined constant SALT - assumed 'SALT' D:\WWW\ouba\Application\Home\Controller\IndexController.class.php 第 12 行.
INFO: [ view_parse ] --START--
INFO: [ template_filter ] --START--
INFO: Run Behavior\ContentReplaceBehavior [ RunTime:0.001001s ]
INFO: [ template_filter ] --END-- [ RunTime:0.001001s ]
INFO: Run Behavior\ParseTemplateBehavior [ RunTime:0.006001s ]
INFO: [ view_parse ] --END-- [ RunTime:0.006001s ]
INFO: [ view_filter ] --START--
INFO: Run Behavior\WriteHtmlCacheBehavior [ RunTime:0.001000s ]
INFO: [ view_filter ] --END-- [ RunTime:0.001000s ]
INFO: [ app_end ] --START--
INFO: Run Behavior\ShowPageTraceBehavior [ RunTime:0.001000s ]
INFO: [ app_end ] --END-- [ RunTime:0.001000s ]

[ 2016-01-04T11:25:25+08:00 ] 127.0.0.1 /index.php/Home/Menu/allotlist
INFO: [ app_init ] --START--
INFO: Run Behavior\BuildLiteBehavior [ RunTime:0.000000s ]
INFO: [ app_init ] --END-- [ RunTime:0.001000s ]
INFO: [ app_begin ] --START--
INFO: Run Behavior\ReadHtmlCacheBehavior [ RunTime:0.001000s ]
INFO: [ app_begin ] --END-- [ RunTime:0.001000s ]
NOTIC: [8] Use of undefined constant PNAME - assumed 'PNAME' D:\WWW\ouba\Application\Home\Controller\MenuController.class.php 第 15 行.
NOTIC: [8] Use of undefined constant SECRET_KEY - assumed 'SECRET_KEY' D:\WWW\ouba\Application\Home\Controller\MenuController.class.php 第 16 行.
NOTIC: [8] Use of undefined constant API_URL - assumed 'API_URL' D:\WWW\ouba\Application\Home\Controller\MenuController.class.php 第 17 行.
SQL: SHOW COLUMNS FROM `onethink_house` [ RunTime:0.0100s ]
SQL: SELECT COUNT(h.id) AS tp_count FROM onethink_house as h left JOIN onethink_ucenter_member as oum on h.respid=oum.id  WHERE h.status IN ('2','3','4') LIMIT 1   [ RunTime:0.0100s ]
SQL: SELECT h.*,os.status as ostatus,oum.id as oumid,oum.username FROM onethink_house as h left JOIN onethink_ucenter_member as oum on h.respid=oum.id INNER JOIN onethink_status as os on h.status=os.id  WHERE h.status IN ('2','3','4') ORDER BY h.add_time desc LIMIT 0,10   [ RunTime:0.0100s ]
SQL: SHOW COLUMNS FROM `onethink_ucenter_member` [ RunTime:0.0480s ]
SQL: SELECT um.id,um.username FROM onethink_ucenter_member um WHERE ( um.status=8 or um.part_time )  [ RunTime:0.0090s ]
INFO: [ view_parse ] --START--
INFO: [ template_filter ] --START--
INFO: Run Behavior\ContentReplaceBehavior [ RunTime:0.000000s ]
INFO: [ template_filter ] --END-- [ RunTime:0.000000s ]
INFO: Run Behavior\ParseTemplateBehavior [ RunTime:0.021002s ]
INFO: [ view_parse ] --END-- [ RunTime:0.021002s ]
INFO: [ view_filter ] --START--
INFO: Run Behavior\WriteHtmlCacheBehavior [ RunTime:0.000000s ]
INFO: [ view_filter ] --END-- [ RunTime:0.001000s ]
INFO: [ app_end ] --START--
INFO: Run Behavior\ShowPageTraceBehavior [ RunTime:0.001000s ]
INFO: [ app_end ] --END-- [ RunTime:0.001000s ]

[ 2016-01-04T11:25:34+08:00 ] 127.0.0.1 /index.php/Home/Index/cl_login_in
INFO: [ app_init ] --START--
INFO: Run Behavior\BuildLiteBehavior [ RunTime:0.000000s ]
INFO: [ app_init ] --END-- [ RunTime:0.001000s ]
INFO: [ app_begin ] --START--
INFO: Run Behavior\ReadHtmlCacheBehavior [ RunTime:0.001000s ]
INFO: [ app_begin ] --END-- [ RunTime:0.001000s ]
NOTIC: [8] Use of undefined constant SALT - assumed 'SALT' D:\WWW\ouba\Application\Home\Controller\IndexController.class.php 第 12 行.
INFO: [ view_parse ] --START--
INFO: [ template_filter ] --START--
INFO: Run Behavior\ContentReplaceBehavior [ RunTime:0.000000s ]
INFO: [ template_filter ] --END-- [ RunTime:0.000000s ]
INFO: Run Behavior\ParseTemplateBehavior [ RunTime:0.006001s ]
INFO: [ view_parse ] --END-- [ RunTime:0.007001s ]
INFO: [ view_filter ] --START--
INFO: Run Behavior\WriteHtmlCacheBehavior [ RunTime:0.000000s ]
INFO: [ view_filter ] --END-- [ RunTime:0.000000s ]
INFO: [ app_end ] --START--
INFO: Run Behavior\ShowPageTraceBehavior [ RunTime:0.001000s ]
INFO: [ app_end ] --END-- [ RunTime:0.001000s ]

[ 2016-01-04T11:25:35+08:00 ] 127.0.0.1 /index.php/Home/Menu/allotlist
INFO: [ app_init ] --START--
INFO: Run Behavior\BuildLiteBehavior [ RunTime:0.000000s ]
INFO: [ app_init ] --END-- [ RunTime:0.001001s ]
INFO: [ app_begin ] --START--
INFO: Run Behavior\ReadHtmlCacheBehavior [ RunTime:0.001000s ]
INFO: [ app_begin ] --END-- [ RunTime:0.001000s ]
NOTIC: [8] Use of undefined constant PNAME - assumed 'PNAME' D:\WWW\ouba\Application\Home\Controller\MenuController.class.php 第 15 行.
NOTIC: [8] Use of undefined constant SECRET_KEY - assumed 'SECRET_KEY' D:\WWW\ouba\Application\Home\Controller\MenuController.class.php 第 16 行.
NOTIC: [8] Use of undefined constant API_URL - assumed 'API_URL' D:\WWW\ouba\Application\Home\Controller\MenuController.class.php 第 17 行.
SQL: SHOW COLUMNS FROM `onethink_house` [ RunTime:0.0130s ]
SQL: SELECT COUNT(h.id) AS tp_count FROM onethink_house as h left JOIN onethink_ucenter_member as oum on h.respid=oum.id  WHERE h.status IN ('2','3','4') LIMIT 1   [ RunTime:0.0090s ]
SQL: SELECT h.*,os.status as ostatus,oum.id as oumid,oum.username FROM onethink_house as h left JOIN onethink_ucenter_member as oum on h.respid=oum.id INNER JOIN onethink_status as os on h.status=os.id  WHERE h.status IN ('2','3','4') ORDER BY h.add_time desc LIMIT 0,10   [ RunTime:0.0180s ]
SQL: SHOW COLUMNS FROM `onethink_ucenter_member` [ RunTime:0.0100s ]
SQL: SELECT um.id,um.username FROM onethink_ucenter_member um WHERE ( um.status=8 or um.part_time )  [ RunTime:0.0100s ]
INFO: [ view_parse ] --START--
INFO: [ template_filter ] --START--
INFO: Run Behavior\ContentReplaceBehavior [ RunTime:0.000000s ]
INFO: [ template_filter ] --END-- [ RunTime:0.000000s ]
INFO: Run Behavior\ParseTemplateBehavior [ RunTime:0.010000s ]
INFO: [ view_parse ] --END-- [ RunTime:0.010000s ]
INFO: [ view_filter ] --START--
INFO: Run Behavior\WriteHtmlCacheBehavior [ RunTime:0.001000s ]
INFO: [ view_filter ] --END-- [ RunTime:0.001000s ]
INFO: [ app_end ] --START--
INFO: Run Behavior\ShowPageTraceBehavior [ RunTime:0.001000s ]
INFO: [ app_end ] --END-- [ RunTime:0.001000s ]

[ 2016-01-04T11:25:55+08:00 ] 127.0.0.1 /index.php/Home/Menu/allocated?respid=2&propid=494
INFO: [ app_init ] --START--
INFO: Run Behavior\BuildLiteBehavior [ RunTime:0.000000s ]
INFO: [ app_init ] --END-- [ RunTime:0.000000s ]
INFO: [ app_begin ] --START--
INFO: Run Behavior\ReadHtmlCacheBehavior [ RunTime:0.001000s ]
INFO: [ app_begin ] --END-- [ RunTime:0.001000s ]
NOTIC: [8] Use of undefined constant PNAME - assumed 'PNAME' D:\WWW\ouba\Application\Home\Controller\MenuController.class.php 第 15 行.
NOTIC: [8] Use of undefined constant SECRET_KEY - assumed 'SECRET_KEY' D:\WWW\ouba\Application\Home\Controller\MenuController.class.php 第 16 行.
NOTIC: [8] Use of undefined constant API_URL - assumed 'API_URL' D:\WWW\ouba\Application\Home\Controller\MenuController.class.php 第 17 行.
SQL: SHOW COLUMNS FROM `onethink_house` [ RunTime:0.0156s ]
SQL: UPDATE `onethink_house` SET `respid`='2',`status`='4',`fptime`='1451877955' WHERE ( id=494 ) [ RunTime:0.0186s ]
NOTIC: [8] Undefined variable: first D:\WWW\ouba\Application\Home\Controller\MenuController.class.php 第 648 行.
SQL: SHOW COLUMNS FROM `onethink_dts` [ RunTime:0.0000s ]
SQL: INSERT INTO `onethink_dts` (`opname`,`optime`,`opdata`,`opip`,`optip`,`optbname`,`opthatid`,`oprespid`) VALUES ('admin','1451877955','a:3:{s:6:\"respid\";s:1:\"2\";s:6:\"status\";i:4;s:6:\"fptime\";i:1451877955;}','2130706433','admin分配一个项目给负责人id为：2','house','494','2') [ RunTime:0.0156s ]
INFO: [ app_end ] --START--
INFO: Run Behavior\ShowPageTraceBehavior [ RunTime:0.000000s ]
INFO: [ app_end ] --END-- [ RunTime:0.000000s ]

[ 2016-01-04T11:25:55+08:00 ] 127.0.0.1 /index.php/Home/Menu/allotlist
INFO: [ app_init ] --START--
INFO: Run Behavior\BuildLiteBehavior [ RunTime:0.000000s ]
INFO: [ app_init ] --END-- [ RunTime:0.001000s ]
INFO: [ app_begin ] --START--
INFO: Run Behavior\ReadHtmlCacheBehavior [ RunTime:0.001000s ]
INFO: [ app_begin ] --END-- [ RunTime:0.001000s ]
NOTIC: [8] Use of undefined constant PNAME - assumed 'PNAME' D:\WWW\ouba\Application\Home\Controller\MenuController.class.php 第 15 行.
NOTIC: [8] Use of undefined constant SECRET_KEY - assumed 'SECRET_KEY' D:\WWW\ouba\Application\Home\Controller\MenuController.class.php 第 16 行.
NOTIC: [8] Use of undefined constant API_URL - assumed 'API_URL' D:\WWW\ouba\Application\Home\Controller\MenuController.class.php 第 17 行.
SQL: SHOW COLUMNS FROM `onethink_house` [ RunTime:0.0120s ]
SQL: SELECT COUNT(h.id) AS tp_count FROM onethink_house as h left JOIN onethink_ucenter_member as oum on h.respid=oum.id  WHERE h.status IN ('2','3','4') LIMIT 1   [ RunTime:0.0080s ]
SQL: SELECT h.*,os.status as ostatus,oum.id as oumid,oum.username FROM onethink_house as h left JOIN onethink_ucenter_member as oum on h.respid=oum.id INNER JOIN onethink_status as os on h.status=os.id  WHERE h.status IN ('2','3','4') ORDER BY h.add_time desc LIMIT 0,10   [ RunTime:0.0390s ]
SQL: SHOW COLUMNS FROM `onethink_ucenter_member` [ RunTime:0.0180s ]
SQL: SELECT um.id,um.username FROM onethink_ucenter_member um WHERE ( um.status=8 or um.part_time )  [ RunTime:0.0090s ]
INFO: [ view_parse ] --START--
INFO: [ template_filter ] --START--
INFO: Run Behavior\ContentReplaceBehavior [ RunTime:0.000000s ]
INFO: [ template_filter ] --END-- [ RunTime:0.000000s ]
INFO: Run Behavior\ParseTemplateBehavior [ RunTime:0.012000s ]
INFO: [ view_parse ] --END-- [ RunTime:0.012000s ]
INFO: [ view_filter ] --START--
INFO: Run Behavior\WriteHtmlCacheBehavior [ RunTime:0.001000s ]
INFO: [ view_filter ] --END-- [ RunTime:0.001000s ]
INFO: [ app_end ] --START--
INFO: Run Behavior\ShowPageTraceBehavior [ RunTime:0.001001s ]
INFO: [ app_end ] --END-- [ RunTime:0.001001s ]

[ 2016-01-04T11:26:08+08:00 ] 127.0.0.1 /index.php/Home/Index/cl_login_in
INFO: [ app_init ] --START--
INFO: Run Behavior\BuildLiteBehavior [ RunTime:0.000000s ]
INFO: [ app_init ] --END-- [ RunTime:0.001000s ]
INFO: [ app_begin ] --START--
INFO: Run Behavior\ReadHtmlCacheBehavior [ RunTime:0.001001s ]
INFO: [ app_begin ] --END-- [ RunTime:0.001001s ]
NOTIC: [8] Use of undefined constant SALT - assumed 'SALT' D:\WWW\ouba\Application\Home\Controller\IndexController.class.php 第 12 行.
INFO: [ view_parse ] --START--
INFO: [ template_filter ] --START--
INFO: Run Behavior\ContentReplaceBehavior [ RunTime:0.000000s ]
INFO: [ template_filter ] --END-- [ RunTime:0.000000s ]
INFO: Run Behavior\ParseTemplateBehavior [ RunTime:0.006000s ]
INFO: [ view_parse ] --END-- [ RunTime:0.006000s ]
INFO: [ view_filter ] --START--
INFO: Run Behavior\WriteHtmlCacheBehavior [ RunTime:0.001000s ]
INFO: [ view_filter ] --END-- [ RunTime:0.001000s ]
INFO: [ app_end ] --START--
INFO: Run Behavior\ShowPageTraceBehavior [ RunTime:0.001000s ]
INFO: [ app_end ] --END-- [ RunTime:0.001000s ]

[ 2016-01-04T11:26:09+08:00 ] 127.0.0.1 /index.php/Home/Menu/allotlist
INFO: [ app_init ] --START--
INFO: Run Behavior\BuildLiteBehavior [ RunTime:0.001000s ]
INFO: [ app_init ] --END-- [ RunTime:0.001000s ]
INFO: [ app_begin ] --START--
INFO: Run Behavior\ReadHtmlCacheBehavior [ RunTime:0.001000s ]
INFO: [ app_begin ] --END-- [ RunTime:0.001000s ]
NOTIC: [8] Use of undefined constant PNAME - assumed 'PNAME' D:\WWW\ouba\Application\Home\Controller\MenuController.class.php 第 15 行.
NOTIC: [8] Use of undefined constant SECRET_KEY - assumed 'SECRET_KEY' D:\WWW\ouba\Application\Home\Controller\MenuController.class.php 第 16 行.
NOTIC: [8] Use of undefined constant API_URL - assumed 'API_URL' D:\WWW\ouba\Application\Home\Controller\MenuController.class.php 第 17 行.
SQL: SHOW COLUMNS FROM `onethink_house` [ RunTime:0.0100s ]
SQL: SELECT COUNT(h.id) AS tp_count FROM onethink_house as h left JOIN onethink_ucenter_member as oum on h.respid=oum.id  WHERE h.status IN ('2','3','4') LIMIT 1   [ RunTime:0.0090s ]
SQL: SELECT h.*,os.status as ostatus,oum.id as oumid,oum.username FROM onethink_house as h left JOIN onethink_ucenter_member as oum on h.respid=oum.id INNER JOIN onethink_status as os on h.status=os.id  WHERE h.status IN ('2','3','4') ORDER BY h.add_time desc LIMIT 0,10   [ RunTime:0.0390s ]
SQL: SHOW COLUMNS FROM `onethink_ucenter_member` [ RunTime:0.0100s ]
SQL: SELECT um.id,um.username FROM onethink_ucenter_member um WHERE ( um.status=8 or um.part_time )  [ RunTime:0.0110s ]
INFO: [ view_parse ] --START--
INFO: [ template_filter ] --START--
INFO: Run Behavior\ContentReplaceBehavior [ RunTime:0.000000s ]
INFO: [ template_filter ] --END-- [ RunTime:0.000000s ]
INFO: Run Behavior\ParseTemplateBehavior [ RunTime:0.013000s ]
INFO: [ view_parse ] --END-- [ RunTime:0.013000s ]
INFO: [ view_filter ] --START--
INFO: Run Behavior\WriteHtmlCacheBehavior [ RunTime:0.001000s ]
INFO: [ view_filter ] --END-- [ RunTime:0.001000s ]
INFO: [ app_end ] --START--
INFO: Run Behavior\ShowPageTraceBehavior [ RunTime:0.001000s ]
INFO: [ app_end ] --END-- [ RunTime:0.001000s ]

[ 2016-01-04T17:17:58+08:00 ] 127.0.0.1 /index.php/Home/Index/cl_login_in
INFO: [ app_init ] --START--
INFO: Run Behavior\BuildLiteBehavior [ RunTime:0.000000s ]
INFO: [ app_init ] --END-- [ RunTime:0.042003s ]
INFO: [ app_begin ] --START--
INFO: Run Behavior\ReadHtmlCacheBehavior [ RunTime:0.005000s ]
INFO: [ app_begin ] --END-- [ RunTime:0.005000s ]
NOTIC: [8] Use of undefined constant SALT - assumed 'SALT' D:\WWW\ouba\Application\Home\Controller\IndexController.class.php 第 12 行.
INFO: [ view_parse ] --START--
INFO: [ template_filter ] --START--
INFO: Run Behavior\ContentReplaceBehavior [ RunTime:0.000000s ]
INFO: [ template_filter ] --END-- [ RunTime:0.000000s ]
INFO: Run Behavior\ParseTemplateBehavior [ RunTime:0.138008s ]
INFO: [ view_parse ] --END-- [ RunTime:0.138008s ]
INFO: [ view_filter ] --START--
INFO: Run Behavior\WriteHtmlCacheBehavior [ RunTime:0.037002s ]
INFO: [ view_filter ] --END-- [ RunTime:0.037002s ]
INFO: [ app_end ] --START--
INFO: Run Behavior\ShowPageTraceBehavior [ RunTime:0.008001s ]
INFO: [ app_end ] --END-- [ RunTime:0.008001s ]

[ 2016-01-04T17:32:26+08:00 ] 127.0.0.1 /index.php/Home/Index/cl_login_in
INFO: [ app_init ] --START--
INFO: Run Behavior\BuildLiteBehavior [ RunTime:0.000000s ]
INFO: [ app_init ] --END-- [ RunTime:0.002000s ]
INFO: [ app_begin ] --START--
INFO: Run Behavior\ReadHtmlCacheBehavior [ RunTime:0.003001s ]
INFO: [ app_begin ] --END-- [ RunTime:0.003001s ]
NOTIC: [8] Use of undefined constant SALT - assumed 'SALT' D:\WWW\ouba\Application\Home\Controller\IndexController.class.php 第 12 行.
INFO: [ view_parse ] --START--
INFO: [ template_filter ] --START--
INFO: Run Behavior\ContentReplaceBehavior [ RunTime:0.000000s ]
INFO: [ template_filter ] --END-- [ RunTime:0.000000s ]
INFO: Run Behavior\ParseTemplateBehavior [ RunTime:0.019001s ]
INFO: [ view_parse ] --END-- [ RunTime:0.019001s ]
INFO: [ view_filter ] --START--
INFO: Run Behavior\WriteHtmlCacheBehavior [ RunTime:0.002000s ]
INFO: [ view_filter ] --END-- [ RunTime:0.002000s ]
INFO: [ app_end ] --START--
INFO: Run Behavior\ShowPageTraceBehavior [ RunTime:0.001000s ]
INFO: [ app_end ] --END-- [ RunTime:0.001000s ]

[ 2016-01-04T17:32:27+08:00 ] 127.0.0.1 /index.php/Home/Index/cl_login_out
INFO: [ app_init ] --START--
INFO: Run Behavior\BuildLiteBehavior [ RunTime:0.000000s ]
INFO: [ app_init ] --END-- [ RunTime:0.001000s ]
INFO: [ app_begin ] --START--
INFO: Run Behavior\ReadHtmlCacheBehavior [ RunTime:0.001000s ]
INFO: [ app_begin ] --END-- [ RunTime:0.001000s ]
NOTIC: [8] Use of undefined constant SALT - assumed 'SALT' D:\WWW\ouba\Application\Home\Controller\IndexController.class.php 第 12 行.
INFO: [ view_parse ] --START--
INFO: [ template_filter ] --START--
INFO: Run Behavior\ContentReplaceBehavior [ RunTime:0.000000s ]
INFO: [ template_filter ] --END-- [ RunTime:0.000000s ]
INFO: Run Behavior\ParseTemplateBehavior [ RunTime:0.138008s ]
INFO: [ view_parse ] --END-- [ RunTime:0.138008s ]
INFO: [ view_filter ] --START--
INFO: Run Behavior\WriteHtmlCacheBehavior [ RunTime:0.001000s ]
INFO: [ view_filter ] --END-- [ RunTime:0.001000s ]
INFO: [ app_end ] --START--
INFO: Run Behavior\ShowPageTraceBehavior [ RunTime:0.001000s ]
INFO: [ app_end ] --END-- [ RunTime:0.001000s ]

[ 2016-01-04T17:32:29+08:00 ] 127.0.0.1 /index.php/Home/index/index.html
INFO: [ app_init ] --START--
INFO: Run Behavior\BuildLiteBehavior [ RunTime:0.000000s ]
INFO: [ app_init ] --END-- [ RunTime:0.002000s ]
INFO: [ app_begin ] --START--
INFO: Run Behavior\ReadHtmlCacheBehavior [ RunTime:0.001000s ]
INFO: [ app_begin ] --END-- [ RunTime:0.001000s ]
NOTIC: [8] Use of undefined constant SALT - assumed 'SALT' D:\WWW\ouba\Application\Home\Controller\IndexController.class.php 第 12 行.
INFO: [ view_parse ] --START--
INFO: [ template_filter ] --START--
INFO: Run Behavior\ContentReplaceBehavior [ RunTime:0.000000s ]
INFO: [ template_filter ] --END-- [ RunTime:0.000000s ]
INFO: Run Behavior\ParseTemplateBehavior [ RunTime:0.023001s ]
INFO: [ view_parse ] --END-- [ RunTime:0.023001s ]
INFO: [ view_filter ] --START--
INFO: Run Behavior\WriteHtmlCacheBehavior [ RunTime:0.001000s ]
INFO: [ view_filter ] --END-- [ RunTime:0.001000s ]
INFO: [ app_end ] --START--
INFO: Run Behavior\ShowPageTraceBehavior [ RunTime:0.001001s ]
INFO: [ app_end ] --END-- [ RunTime:0.001001s ]

[ 2016-01-04T17:32:33+08:00 ] 127.0.0.1 /index.php/Home/Index/cl_login
INFO: [ app_init ] --START--
INFO: Run Behavior\BuildLiteBehavior [ RunTime:0.000000s ]
INFO: [ app_init ] --END-- [ RunTime:0.001000s ]
INFO: [ app_begin ] --START--
INFO: Run Behavior\ReadHtmlCacheBehavior [ RunTime:0.001000s ]
INFO: [ app_begin ] --END-- [ RunTime:0.001000s ]
NOTIC: [8] Use of undefined constant SALT - assumed 'SALT' D:\WWW\ouba\Application\Home\Controller\IndexController.class.php 第 12 行.
SQL: SHOW COLUMNS FROM `onethink_ucenter_member` [ RunTime:0.0230s ]
SQL: SELECT `password`,`status`,`pid` FROM `onethink_ucenter_member` WHERE ( username='admin' ) LIMIT 1   [ RunTime:0.0110s ]
INFO: [ view_parse ] --START--
INFO: [ template_filter ] --START--
INFO: Run Behavior\ContentReplaceBehavior [ RunTime:0.000000s ]
INFO: [ template_filter ] --END-- [ RunTime:0.000000s ]
INFO: Run Behavior\ParseTemplateBehavior [ RunTime:0.019001s ]
INFO: [ view_parse ] --END-- [ RunTime:0.020001s ]
INFO: [ view_filter ] --START--
INFO: Run Behavior\WriteHtmlCacheBehavior [ RunTime:0.001000s ]
INFO: [ view_filter ] --END-- [ RunTime:0.001000s ]

[ 2016-01-04T17:32:39+08:00 ] 127.0.0.1 /index.php/Home/Index/cl_login
INFO: [ app_init ] --START--
INFO: Run Behavior\BuildLiteBehavior [ RunTime:0.000000s ]
INFO: [ app_init ] --END-- [ RunTime:0.001000s ]
INFO: [ app_begin ] --START--
INFO: Run Behavior\ReadHtmlCacheBehavior [ RunTime:0.001000s ]
INFO: [ app_begin ] --END-- [ RunTime:0.001000s ]
NOTIC: [8] Use of undefined constant SALT - assumed 'SALT' D:\WWW\ouba\Application\Home\Controller\IndexController.class.php 第 12 行.
SQL: SHOW COLUMNS FROM `onethink_ucenter_member` [ RunTime:0.0100s ]
SQL: SELECT `password`,`status`,`pid` FROM `onethink_ucenter_member` WHERE ( username='admin' ) LIMIT 1   [ RunTime:0.0090s ]

[ 2016-01-04T17:32:39+08:00 ] 127.0.0.1 /index.php/Home/Index/cl_login_in
INFO: [ app_init ] --START--
INFO: Run Behavior\BuildLiteBehavior [ RunTime:0.000000s ]
INFO: [ app_init ] --END-- [ RunTime:0.001000s ]
INFO: [ app_begin ] --START--
INFO: Run Behavior\ReadHtmlCacheBehavior [ RunTime:0.001000s ]
INFO: [ app_begin ] --END-- [ RunTime:0.001000s ]
NOTIC: [8] Use of undefined constant SALT - assumed 'SALT' D:\WWW\ouba\Application\Home\Controller\IndexController.class.php 第 12 行.
INFO: [ view_parse ] --START--
INFO: [ template_filter ] --START--
INFO: Run Behavior\ContentReplaceBehavior [ RunTime:0.000000s ]
INFO: [ template_filter ] --END-- [ RunTime:0.000000s ]
INFO: Run Behavior\ParseTemplateBehavior [ RunTime:0.009000s ]
INFO: [ view_parse ] --END-- [ RunTime:0.009000s ]
INFO: [ view_filter ] --START--
INFO: Run Behavior\WriteHtmlCacheBehavior [ RunTime:0.000000s ]
INFO: [ view_filter ] --END-- [ RunTime:0.000000s ]
INFO: [ app_end ] --START--
INFO: Run Behavior\ShowPageTraceBehavior [ RunTime:0.000000s ]
INFO: [ app_end ] --END-- [ RunTime:0.000000s ]

