[ 2016-01-06T17:53:29+08:00 ] 127.0.0.1 /index.php/Home/Index/cl_login_in
INFO: [ app_init ] --START--
INFO: Run Behavior\BuildLiteBehavior [ RunTime:0.000000s ]
INFO: [ app_init ] --END-- [ RunTime:0.001000s ]
INFO: [ app_begin ] --START--
INFO: Run Behavior\ReadHtmlCacheBehavior [ RunTime:0.002000s ]
INFO: [ app_begin ] --END-- [ RunTime:0.002000s ]
NOTIC: [8] Use of undefined constant SALT - assumed 'SALT' D:\WWW\ouba\Application\Home\Controller\IndexController.class.php 第 12 行.
INFO: [ view_parse ] --START--
INFO: [ template_filter ] --START--
INFO: Run Behavior\ContentReplaceBehavior [ RunTime:0.000000s ]
INFO: [ template_filter ] --END-- [ RunTime:0.001000s ]
INFO: Run Behavior\ParseTemplateBehavior [ RunTime:0.007000s ]
INFO: [ view_parse ] --END-- [ RunTime:0.007000s ]
INFO: [ view_filter ] --START--
INFO: Run Behavior\WriteHtmlCacheBehavior [ RunTime:0.000000s ]
INFO: [ view_filter ] --END-- [ RunTime:0.000000s ]
INFO: [ app_end ] --START--
INFO: Run Behavior\ShowPageTraceBehavior [ RunTime:0.001001s ]
INFO: [ app_end ] --END-- [ RunTime:0.001001s ]

[ 2016-01-06T17:53:29+08:00 ] 127.0.0.1 /index.php/Home/Role/process
INFO: [ app_init ] --START--
INFO: Run Behavior\BuildLiteBehavior [ RunTime:0.000000s ]
INFO: [ app_init ] --END-- [ RunTime:0.000000s ]
INFO: [ app_begin ] --START--
INFO: Run Behavior\ReadHtmlCacheBehavior [ RunTime:0.001000s ]
INFO: [ app_begin ] --END-- [ RunTime:0.001000s ]
NOTIC: [8] Use of undefined constant SALT - assumed 'SALT' D:\WWW\ouba\Application\Home\Controller\RoleController.class.php 第 13 行.
NOTIC: [8] Use of undefined constant SURL - assumed 'SURL' D:\WWW\ouba\Application\Home\Controller\RoleController.class.php 第 14 行.
NOTIC: [8] Use of undefined constant PNAME - assumed 'PNAME' D:\WWW\ouba\Application\Home\Controller\RoleController.class.php 第 15 行.
NOTIC: [8] Use of undefined constant SECRET_KEY - assumed 'SECRET_KEY' D:\WWW\ouba\Application\Home\Controller\RoleController.class.php 第 16 行.
SQL: SHOW COLUMNS FROM `onethink_house` [ RunTime:0.0150s ]
NOTIC: [8] Undefined variable: condition D:\WWW\ouba\Application\Home\Controller\RoleController.class.php 第 667 行.
NOTIC: [8] Undefined variable: Page D:\WWW\ouba\Application\Home\Controller\RoleController.class.php 第 667 行.
NOTIC: [8] Trying to get property of non-object D:\WWW\ouba\Application\Home\Controller\RoleController.class.php 第 667 行.
NOTIC: [8] Undefined variable: Page D:\WWW\ouba\Application\Home\Controller\RoleController.class.php 第 667 行.
NOTIC: [8] Trying to get property of non-object D:\WWW\ouba\Application\Home\Controller\RoleController.class.php 第 667 行.
SQL: SELECT COUNT(h.id) AS tp_count FROM onethink_house as h left JOIN onethink_ucenter_member as oum on h.respid=oum.id left JOIN onethink_status as os on h.status=os.id left JOIN onethink_organization as oo on h.capitalsource=oo.organization  ORDER BY h.add_time desc LIMIT 1   [ RunTime:0.0130s ]
NOTIC: [8] Undefined variable: condition D:\WWW\ouba\Application\Home\Controller\RoleController.class.php 第 680 行.
SQL: SELECT h.*,os.status as ostatus,oum.id as oumid,oum.username,oo.organization as capitalsource,op.invest,op.qw,op.force,op.hpledge FROM onethink_house as h left JOIN onethink_ucenter_member as oum on h.respid=oum.id left JOIN onethink_status as os on h.status=os.id left JOIN onethink_organization as oo on h.capitalsource=oo.organization left JOIN onethink_process as op on h.id=op.hid  ORDER BY h.add_time desc LIMIT 0,30   [ RunTime:0.1450s ]
INFO: [ view_parse ] --START--
INFO: [ template_filter ] --START--
INFO: Run Behavior\ContentReplaceBehavior [ RunTime:0.000000s ]
INFO: [ template_filter ] --END-- [ RunTime:0.000000s ]
NOTIC: [8] Undefined variable: salesman D:\WWW\ouba\Application\Runtime\Cache\Home\44a2e6ec1fe8af2229bc7c8d5f066b2a.php 第 283 行.
NOTIC: [8] Undefined variable: salesman D:\WWW\ouba\Application\Runtime\Cache\Home\44a2e6ec1fe8af2229bc7c8d5f066b2a.php 第 283 行.
NOTIC: [8] Undefined variable: salesman D:\WWW\ouba\Application\Runtime\Cache\Home\44a2e6ec1fe8af2229bc7c8d5f066b2a.php 第 283 行.
NOTIC: [8] Undefined variable: salesman D:\WWW\ouba\Application\Runtime\Cache\Home\44a2e6ec1fe8af2229bc7c8d5f066b2a.php 第 283 行.
NOTIC: [8] Undefined variable: salesman D:\WWW\ouba\Application\Runtime\Cache\Home\44a2e6ec1fe8af2229bc7c8d5f066b2a.php 第 283 行.
NOTIC: [8] Undefined variable: salesman D:\WWW\ouba\Application\Runtime\Cache\Home\44a2e6ec1fe8af2229bc7c8d5f066b2a.php 第 283 行.
NOTIC: [8] Undefined variable: salesman D:\WWW\ouba\Application\Runtime\Cache\Home\44a2e6ec1fe8af2229bc7c8d5f066b2a.php 第 283 行.
NOTIC: [8] Undefined variable: salesman D:\WWW\ouba\Application\Runtime\Cache\Home\44a2e6ec1fe8af2229bc7c8d5f066b2a.php 第 283 行.
NOTIC: [8] Undefined variable: salesman D:\WWW\ouba\Application\Runtime\Cache\Home\44a2e6ec1fe8af2229bc7c8d5f066b2a.php 第 283 行.
NOTIC: [8] Undefined variable: salesman D:\WWW\ouba\Application\Runtime\Cache\Home\44a2e6ec1fe8af2229bc7c8d5f066b2a.php 第 283 行.
NOTIC: [8] Undefined variable: salesman D:\WWW\ouba\Application\Runtime\Cache\Home\44a2e6ec1fe8af2229bc7c8d5f066b2a.php 第 283 行.
NOTIC: [8] Undefined variable: salesman D:\WWW\ouba\Application\Runtime\Cache\Home\44a2e6ec1fe8af2229bc7c8d5f066b2a.php 第 283 行.
NOTIC: [8] Undefined variable: salesman D:\WWW\ouba\Application\Runtime\Cache\Home\44a2e6ec1fe8af2229bc7c8d5f066b2a.php 第 283 行.
INFO: Run Behavior\ParseTemplateBehavior [ RunTime:0.014001s ]
INFO: [ view_parse ] --END-- [ RunTime:0.014001s ]
INFO: [ view_filter ] --START--
INFO: Run Behavior\WriteHtmlCacheBehavior [ RunTime:0.001000s ]
INFO: [ view_filter ] --END-- [ RunTime:0.001000s ]
INFO: [ app_end ] --START--
INFO: Run Behavior\ShowPageTraceBehavior [ RunTime:0.001000s ]
INFO: [ app_end ] --END-- [ RunTime:0.001000s ]

[ 2016-01-06T17:53:40+08:00 ] 127.0.0.1 /index.php/Home/Menu/index
INFO: [ app_init ] --START--
INFO: Run Behavior\BuildLiteBehavior [ RunTime:0.000000s ]
INFO: [ app_init ] --END-- [ RunTime:0.000000s ]
INFO: [ app_begin ] --START--
INFO: Run Behavior\ReadHtmlCacheBehavior [ RunTime:0.000000s ]
INFO: [ app_begin ] --END-- [ RunTime:0.000000s ]
NOTIC: [8] Use of undefined constant PNAME - assumed 'PNAME' D:\WWW\ouba\Application\Home\Controller\MenuController.class.php 第 16 行.
NOTIC: [8] Use of undefined constant SECRET_KEY - assumed 'SECRET_KEY' D:\WWW\ouba\Application\Home\Controller\MenuController.class.php 第 17 行.
NOTIC: [8] Use of undefined constant API_URL - assumed 'API_URL' D:\WWW\ouba\Application\Home\Controller\MenuController.class.php 第 18 行.
SQL: SHOW COLUMNS FROM `onethink_organization` [ RunTime:0.0080s ]
SQL: SELECT * FROM `onethink_organization`  [ RunTime:0.0080s ]
SQL: SHOW COLUMNS FROM `onethink_ucenter_member` [ RunTime:0.0070s ]
SQL: SELECT * FROM `onethink_ucenter_member` WHERE ( status=8 or part_time=8 )  [ RunTime:0.0080s ]
SQL: SHOW COLUMNS FROM `onethink_member_info` [ RunTime:0.0150s ]
SQL: SELECT * FROM `onethink_member_info` WHERE ( type='bridge' )  [ RunTime:0.0080s ]
SQL: SELECT * FROM `onethink_ucenter_member` WHERE ( authority=1 or authority=12 )  [ RunTime:0.0170s ]
SQL: SELECT * FROM `onethink_ucenter_member` WHERE ( authority=12 )  [ RunTime:0.0490s ]
SQL: SHOW COLUMNS FROM `onethink_housetype` [ RunTime:0.0090s ]
SQL: SELECT * FROM `onethink_housetype`  [ RunTime:0.0410s ]
SQL: SHOW COLUMNS FROM `onethink_pcondition` [ RunTime:0.0160s ]
SQL: SELECT * FROM `onethink_pcondition` WHERE ( pandl=1 )  [ RunTime:0.0080s ]
SQL: SELECT * FROM `onethink_pcondition` WHERE ( pandl=2 )  [ RunTime:0.0080s ]
NOTIC: [2] Missing argument 1 for Think\Controller::show(), called in D:\WWW\ouba\Application\Home\Controller\MenuController.class.php on line 48 and defined D:\WWW\ouba\ThinkPHP\Library\Think\Controller.class.php 第 68 行.
NOTIC: [8] Undefined variable: content D:\WWW\ouba\ThinkPHP\Library\Think\Controller.class.php 第 69 行.
INFO: [ view_parse ] --START--
INFO: [ template_filter ] --START--
INFO: Run Behavior\ContentReplaceBehavior [ RunTime:0.000000s ]
INFO: [ template_filter ] --END-- [ RunTime:0.000000s ]
NOTIC: [8] Undefined index: title D:\WWW\ouba\Application\Runtime\Cache\Home\f486e7970cd403dc5541784420d3abae.php 第 258 行.
NOTIC: [8] Undefined index: borrowamt D:\WWW\ouba\Application\Runtime\Cache\Home\f486e7970cd403dc5541784420d3abae.php 第 262 行.
NOTIC: [8] Undefined index: duration D:\WWW\ouba\Application\Runtime\Cache\Home\f486e7970cd403dc5541784420d3abae.php 第 268 行.
NOTIC: [8] Undefined index: rate D:\WWW\ouba\Application\Runtime\Cache\Home\f486e7970cd403dc5541784420d3abae.php 第 272 行.
NOTIC: [8] Undefined index: category D:\WWW\ouba\Application\Runtime\Cache\Home\f486e7970cd403dc5541784420d3abae.php 第 277 行.
NOTIC: [8] Undefined index: category D:\WWW\ouba\Application\Runtime\Cache\Home\f486e7970cd403dc5541784420d3abae.php 第 278 行.
NOTIC: [8] Undefined index: cstname D:\WWW\ouba\Application\Runtime\Cache\Home\f486e7970cd403dc5541784420d3abae.php 第 290 行.
NOTIC: [8] Undefined index: idno D:\WWW\ouba\Application\Runtime\Cache\Home\f486e7970cd403dc5541784420d3abae.php 第 294 行.
NOTIC: [8] Undefined index: domicile D:\WWW\ouba\Application\Runtime\Cache\Home\f486e7970cd403dc5541784420d3abae.php 第 298 行.
NOTIC: [8] Undefined index: age D:\WWW\ouba\Application\Runtime\Cache\Home\f486e7970cd403dc5541784420d3abae.php 第 302 行.
NOTIC: [8] Undefined index: tel D:\WWW\ouba\Application\Runtime\Cache\Home\f486e7970cd403dc5541784420d3abae.php 第 306 行.
NOTIC: [8] Undefined index: work D:\WWW\ouba\Application\Runtime\Cache\Home\f486e7970cd403dc5541784420d3abae.php 第 310 行.
NOTIC: [8] Undefined index:  D:\WWW\ouba\Application\Runtime\Cache\Home\f486e7970cd403dc5541784420d3abae.php 第 313 行.
NOTIC: [8] Undefined index: wed D:\WWW\ouba\Application\Runtime\Cache\Home\f486e7970cd403dc5541784420d3abae.php 第 318 行.
NOTIC: [8] Undefined index: wed D:\WWW\ouba\Application\Runtime\Cache\Home\f486e7970cd403dc5541784420d3abae.php 第 319 行.
NOTIC: [8] Undefined index: wed D:\WWW\ouba\Application\Runtime\Cache\Home\f486e7970cd403dc5541784420d3abae.php 第 320 行.
NOTIC: [8] Undefined index: bankname D:\WWW\ouba\Application\Runtime\Cache\Home\f486e7970cd403dc5541784420d3abae.php 第 332 行.
NOTIC: [8] Undefined index: bank D:\WWW\ouba\Application\Runtime\Cache\Home\f486e7970cd403dc5541784420d3abae.php 第 336 行.
NOTIC: [8] Undefined index: bankcard D:\WWW\ouba\Application\Runtime\Cache\Home\f486e7970cd403dc5541784420d3abae.php 第 340 行.
NOTIC: [8] Undefined index: bridge D:\WWW\ouba\Application\Runtime\Cache\Home\f486e7970cd403dc5541784420d3abae.php 第 350 行.
NOTIC: [8] Undefined index: bridge D:\WWW\ouba\Application\Runtime\Cache\Home\f486e7970cd403dc5541784420d3abae.php 第 351 行.
NOTIC: [8] Undefined index: bridgename D:\WWW\ouba\Application\Runtime\Cache\Home\f486e7970cd403dc5541784420d3abae.php 第 360 行.
NOTIC: [8] Undefined index: bridgename D:\WWW\ouba\Application\Runtime\Cache\Home\f486e7970cd403dc5541784420d3abae.php 第 360 行.
NOTIC: [8] Undefined index: pledgename D:\WWW\ouba\Application\Runtime\Cache\Home\f486e7970cd403dc5541784420d3abae.php 第 388 行.
NOTIC: [8] Undefined index: pledgetel D:\WWW\ouba\Application\Runtime\Cache\Home\f486e7970cd403dc5541784420d3abae.php 第 392 行.
NOTIC: [8] Undefined index: pledgeidno D:\WWW\ouba\Application\Runtime\Cache\Home\f486e7970cd403dc5541784420d3abae.php 第 396 行.
NOTIC: [8] Undefined index: iscity D:\WWW\ouba\Application\Runtime\Cache\Home\f486e7970cd403dc5541784420d3abae.php 第 408 行.
NOTIC: [8] Undefined index: iscity D:\WWW\ouba\Application\Runtime\Cache\Home\f486e7970cd403dc5541784420d3abae.php 第 409 行.
NOTIC: [8] Undefined index: isloan D:\WWW\ouba\Application\Runtime\Cache\Home\f486e7970cd403dc5541784420d3abae.php 第 410 行.
NOTIC: [8] Undefined index: isloan D:\WWW\ouba\Application\Runtime\Cache\Home\f486e7970cd403dc5541784420d3abae.php 第 411 行.
NOTIC: [8] Undefined index: pledge D:\WWW\ouba\Application\Runtime\Cache\Home\f486e7970cd403dc5541784420d3abae.php 第 420 行.
NOTIC: [8] Undefined index: pledge D:\WWW\ouba\Application\Runtime\Cache\Home\f486e7970cd403dc5541784420d3abae.php 第 420 行.
NOTIC: [8] Undefined index: pledge D:\WWW\ouba\Application\Runtime\Cache\Home\f486e7970cd403dc5541784420d3abae.php 第 420 行.
NOTIC: [8] Undefined index: pledge D:\WWW\ouba\Application\Runtime\Cache\Home\f486e7970cd403dc5541784420d3abae.php 第 420 行.
NOTIC: [8] Undefined index: housetype D:\WWW\ouba\Application\Runtime\Cache\Home\f486e7970cd403dc5541784420d3abae.php 第 430 行.
NOTIC: [8] Undefined index: sort D:\WWW\ouba\Application\Runtime\Cache\Home\f486e7970cd403dc5541784420d3abae.php 第 430 行.
NOTIC: [8] Undefined index: housetype D:\WWW\ouba\Application\Runtime\Cache\Home\f486e7970cd403dc5541784420d3abae.php 第 430 行.
NOTIC: [8] Undefined index: sort D:\WWW\ouba\Application\Runtime\Cache\Home\f486e7970cd403dc5541784420d3abae.php 第 430 行.
NOTIC: [8] Undefined index: housetype D:\WWW\ouba\Application\Runtime\Cache\Home\f486e7970cd403dc5541784420d3abae.php 第 430 行.
NOTIC: [8] Undefined index: sort D:\WWW\ouba\Application\Runtime\Cache\Home\f486e7970cd403dc5541784420d3abae.php 第 430 行.
NOTIC: [8] Undefined index: housetype D:\WWW\ouba\Application\Runtime\Cache\Home\f486e7970cd403dc5541784420d3abae.php 第 430 行.
NOTIC: [8] Undefined index: sort D:\WWW\ouba\Application\Runtime\Cache\Home\f486e7970cd403dc5541784420d3abae.php 第 430 行.
NOTIC: [8] Undefined index: housetype D:\WWW\ouba\Application\Runtime\Cache\Home\f486e7970cd403dc5541784420d3abae.php 第 430 行.
NOTIC: [8] Undefined index: sort D:\WWW\ouba\Application\Runtime\Cache\Home\f486e7970cd403dc5541784420d3abae.php 第 430 行.
NOTIC: [8] Undefined index: housetype D:\WWW\ouba\Application\Runtime\Cache\Home\f486e7970cd403dc5541784420d3abae.php 第 430 行.
NOTIC: [8] Undefined index: sort D:\WWW\ouba\Application\Runtime\Cache\Home\f486e7970cd403dc5541784420d3abae.php 第 430 行.
NOTIC: [8] Undefined index: address D:\WWW\ouba\Application\Runtime\Cache\Home\f486e7970cd403dc5541784420d3abae.php 第 438 行.
NOTIC: [8] Undefined index: price D:\WWW\ouba\Application\Runtime\Cache\Home\f486e7970cd403dc5541784420d3abae.php 第 442 行.
NOTIC: [8] Undefined index: estimateprice D:\WWW\ouba\Application\Runtime\Cache\Home\f486e7970cd403dc5541784420d3abae.php 第 447 行.
NOTIC: [8] Undefined index: upperprice D:\WWW\ouba\Application\Runtime\Cache\Home\f486e7970cd403dc5541784420d3abae.php 第 450 行.
NOTIC: [8] Undefined index: residence D:\WWW\ouba\Application\Runtime\Cache\Home\f486e7970cd403dc5541784420d3abae.php 第 453 行.
NOTIC: [8] Undefined index: area D:\WWW\ouba\Application\Runtime\Cache\Home\f486e7970cd403dc5541784420d3abae.php 第 457 行.
NOTIC: [8] Undefined index: pledgeno D:\WWW\ouba\Application\Runtime\Cache\Home\f486e7970cd403dc5541784420d3abae.php 第 461 行.
NOTIC: [8] Undefined index: anotheradd D:\WWW\ouba\Application\Runtime\Cache\Home\f486e7970cd403dc5541784420d3abae.php 第 465 行.
NOTIC: [8] Undefined index: anotherarea D:\WWW\ouba\Application\Runtime\Cache\Home\f486e7970cd403dc5541784420d3abae.php 第 469 行.
NOTIC: [8] Undefined index: carbrand D:\WWW\ouba\Application\Runtime\Cache\Home\f486e7970cd403dc5541784420d3abae.php 第 477 行.
NOTIC: [8] Undefined index: cartype D:\WWW\ouba\Application\Runtime\Cache\Home\f486e7970cd403dc5541784420d3abae.php 第 481 行.
NOTIC: [8] Undefined index: carestimate D:\WWW\ouba\Application\Runtime\Cache\Home\f486e7970cd403dc5541784420d3abae.php 第 485 行.
NOTIC: [8] Undefined index: carbuytime D:\WWW\ouba\Application\Runtime\Cache\Home\f486e7970cd403dc5541784420d3abae.php 第 490 行.
NOTIC: [8] Undefined index: credit D:\WWW\ouba\Application\Runtime\Cache\Home\f486e7970cd403dc5541784420d3abae.php 第 499 行.
NOTIC: [8] Undefined index: debt D:\WWW\ouba\Application\Runtime\Cache\Home\f486e7970cd403dc5541784420d3abae.php 第 504 行.
NOTIC: [8] Undefined index: debt D:\WWW\ouba\Application\Runtime\Cache\Home\f486e7970cd403dc5541784420d3abae.php 第 505 行.
NOTIC: [8] Undefined index: capitalsource D:\WWW\ouba\Application\Runtime\Cache\Home\f486e7970cd403dc5541784420d3abae.php 第 521 行.
NOTIC: [8] Undefined index: capitalsource D:\WWW\ouba\Application\Runtime\Cache\Home\f486e7970cd403dc5541784420d3abae.php 第 521 行.
NOTIC: [8] Undefined index: capitalsource D:\WWW\ouba\Application\Runtime\Cache\Home\f486e7970cd403dc5541784420d3abae.php 第 521 行.
NOTIC: [8] Undefined index: capitalsource D:\WWW\ouba\Application\Runtime\Cache\Home\f486e7970cd403dc5541784420d3abae.php 第 521 行.
NOTIC: [8] Undefined index: loandest D:\WWW\ouba\Application\Runtime\Cache\Home\f486e7970cd403dc5541784420d3abae.php 第 530 行.
NOTIC: [8] Undefined index: loandest D:\WWW\ouba\Application\Runtime\Cache\Home\f486e7970cd403dc5541784420d3abae.php 第 530 行.
NOTIC: [8] Undefined index: loandest D:\WWW\ouba\Application\Runtime\Cache\Home\f486e7970cd403dc5541784420d3abae.php 第 530 行.
NOTIC: [8] Undefined index: source D:\WWW\ouba\Application\Runtime\Cache\Home\f486e7970cd403dc5541784420d3abae.php 第 538 行.
NOTIC: [8] Undefined index: source D:\WWW\ouba\Application\Runtime\Cache\Home\f486e7970cd403dc5541784420d3abae.php 第 538 行.
NOTIC: [8] Undefined index: source D:\WWW\ouba\Application\Runtime\Cache\Home\f486e7970cd403dc5541784420d3abae.php 第 538 行.
NOTIC: [8] Undefined index: source D:\WWW\ouba\Application\Runtime\Cache\Home\f486e7970cd403dc5541784420d3abae.php 第 538 行.
NOTIC: [8] Undefined index: salesman D:\WWW\ouba\Application\Runtime\Cache\Home\f486e7970cd403dc5541784420d3abae.php 第 548 行.
NOTIC: [8] Undefined index: salesman D:\WWW\ouba\Application\Runtime\Cache\Home\f486e7970cd403dc5541784420d3abae.php 第 548 行.
NOTIC: [8] Undefined index: salesman D:\WWW\ouba\Application\Runtime\Cache\Home\f486e7970cd403dc5541784420d3abae.php 第 548 行.
NOTIC: [8] Undefined index: salesman D:\WWW\ouba\Application\Runtime\Cache\Home\f486e7970cd403dc5541784420d3abae.php 第 548 行.
NOTIC: [8] Undefined index: salesman D:\WWW\ouba\Application\Runtime\Cache\Home\f486e7970cd403dc5541784420d3abae.php 第 548 行.
NOTIC: [8] Undefined index: salesman D:\WWW\ouba\Application\Runtime\Cache\Home\f486e7970cd403dc5541784420d3abae.php 第 548 行.
NOTIC: [8] Undefined index: salesman D:\WWW\ouba\Application\Runtime\Cache\Home\f486e7970cd403dc5541784420d3abae.php 第 548 行.
NOTIC: [8] Undefined index: salesman D:\WWW\ouba\Application\Runtime\Cache\Home\f486e7970cd403dc5541784420d3abae.php 第 548 行.
NOTIC: [8] Undefined index: salesman D:\WWW\ouba\Application\Runtime\Cache\Home\f486e7970cd403dc5541784420d3abae.php 第 548 行.
NOTIC: [8] Undefined index: salesman D:\WWW\ouba\Application\Runtime\Cache\Home\f486e7970cd403dc5541784420d3abae.php 第 548 行.
NOTIC: [8] Undefined index: riskearly D:\WWW\ouba\Application\Runtime\Cache\Home\f486e7970cd403dc5541784420d3abae.php 第 557 行.
NOTIC: [8] Undefined index: riskearly D:\WWW\ouba\Application\Runtime\Cache\Home\f486e7970cd403dc5541784420d3abae.php 第 557 行.
NOTIC: [8] Undefined index: riskearly D:\WWW\ouba\Application\Runtime\Cache\Home\f486e7970cd403dc5541784420d3abae.php 第 557 行.
NOTIC: [8] Undefined index: riskfinal D:\WWW\ouba\Application\Runtime\Cache\Home\f486e7970cd403dc5541784420d3abae.php 第 565 行.
NOTIC: [8] Undefined index: tip D:\WWW\ouba\Application\Runtime\Cache\Home\f486e7970cd403dc5541784420d3abae.php 第 576 行.
INFO: Run Behavior\ParseTemplateBehavior [ RunTime:0.035002s ]
INFO: [ view_parse ] --END-- [ RunTime:0.035002s ]
INFO: [ view_filter ] --START--
INFO: Run Behavior\WriteHtmlCacheBehavior [ RunTime:0.001000s ]
INFO: [ view_filter ] --END-- [ RunTime:0.001000s ]
INFO: [ app_end ] --START--
INFO: Run Behavior\ShowPageTraceBehavior [ RunTime:0.001000s ]
INFO: [ app_end ] --END-- [ RunTime:0.001000s ]

[ 2016-01-06T17:53:43+08:00 ] 127.0.0.1 /index.php/Home/Menu/likeindex
INFO: [ app_init ] --START--
INFO: Run Behavior\BuildLiteBehavior [ RunTime:0.000000s ]
INFO: [ app_init ] --END-- [ RunTime:0.001000s ]
INFO: [ app_begin ] --START--
INFO: Run Behavior\ReadHtmlCacheBehavior [ RunTime:0.001000s ]
INFO: [ app_begin ] --END-- [ RunTime:0.001000s ]
NOTIC: [8] Use of undefined constant PNAME - assumed 'PNAME' D:\WWW\ouba\Application\Home\Controller\MenuController.class.php 第 16 行.
NOTIC: [8] Use of undefined constant SECRET_KEY - assumed 'SECRET_KEY' D:\WWW\ouba\Application\Home\Controller\MenuController.class.php 第 17 行.
NOTIC: [8] Use of undefined constant API_URL - assumed 'API_URL' D:\WWW\ouba\Application\Home\Controller\MenuController.class.php 第 18 行.
SQL: SHOW COLUMNS FROM `onethink_organization` [ RunTime:0.0090s ]
SQL: SELECT * FROM `onethink_organization`  [ RunTime:0.0080s ]
SQL: SHOW COLUMNS FROM `onethink_ucenter_member` [ RunTime:0.0090s ]
SQL: SELECT * FROM `onethink_ucenter_member` WHERE ( status=8 or part_time=8 )  [ RunTime:0.0100s ]
SQL: SHOW COLUMNS FROM `onethink_member_info` [ RunTime:0.0090s ]
SQL: SELECT * FROM `onethink_member_info` WHERE ( type='bridge' )  [ RunTime:0.0110s ]
SQL: SELECT * FROM `onethink_ucenter_member` WHERE ( authority=1 or authority=12 )  [ RunTime:0.0090s ]
SQL: SELECT * FROM `onethink_ucenter_member` WHERE ( authority=12 )  [ RunTime:0.0200s ]
SQL: SHOW COLUMNS FROM `onethink_housetype` [ RunTime:0.0100s ]
SQL: SELECT * FROM `onethink_housetype`  [ RunTime:0.0090s ]
SQL: SHOW COLUMNS FROM `onethink_pcondition` [ RunTime:0.0090s ]
SQL: SELECT * FROM `onethink_pcondition` WHERE ( pandl=1 )  [ RunTime:0.0080s ]
SQL: SELECT * FROM `onethink_pcondition` WHERE ( pandl=2 )  [ RunTime:0.0080s ]
INFO: [ view_parse ] --START--
INFO: [ template_filter ] --START--
INFO: Run Behavior\ContentReplaceBehavior [ RunTime:0.001000s ]
INFO: [ template_filter ] --END-- [ RunTime:0.001000s ]
NOTIC: [8] Undefined index: category D:\WWW\ouba\Application\Runtime\Cache\Home\ecf5be167ab87ecf9b46f2c7c14b1f66.php 第 277 行.
NOTIC: [8] Undefined index: category D:\WWW\ouba\Application\Runtime\Cache\Home\ecf5be167ab87ecf9b46f2c7c14b1f66.php 第 278 行.
NOTIC: [8] Undefined index: wed D:\WWW\ouba\Application\Runtime\Cache\Home\ecf5be167ab87ecf9b46f2c7c14b1f66.php 第 318 行.
NOTIC: [8] Undefined index: wed D:\WWW\ouba\Application\Runtime\Cache\Home\ecf5be167ab87ecf9b46f2c7c14b1f66.php 第 319 行.
NOTIC: [8] Undefined index: wed D:\WWW\ouba\Application\Runtime\Cache\Home\ecf5be167ab87ecf9b46f2c7c14b1f66.php 第 320 行.
NOTIC: [8] Undefined index: bridge D:\WWW\ouba\Application\Runtime\Cache\Home\ecf5be167ab87ecf9b46f2c7c14b1f66.php 第 350 行.
NOTIC: [8] Undefined index: bridge D:\WWW\ouba\Application\Runtime\Cache\Home\ecf5be167ab87ecf9b46f2c7c14b1f66.php 第 351 行.
NOTIC: [8] Undefined index: iscity D:\WWW\ouba\Application\Runtime\Cache\Home\ecf5be167ab87ecf9b46f2c7c14b1f66.php 第 408 行.
NOTIC: [8] Undefined index: iscity D:\WWW\ouba\Application\Runtime\Cache\Home\ecf5be167ab87ecf9b46f2c7c14b1f66.php 第 409 行.
NOTIC: [8] Undefined index: isloan D:\WWW\ouba\Application\Runtime\Cache\Home\ecf5be167ab87ecf9b46f2c7c14b1f66.php 第 410 行.
NOTIC: [8] Undefined index: isloan D:\WWW\ouba\Application\Runtime\Cache\Home\ecf5be167ab87ecf9b46f2c7c14b1f66.php 第 411 行.
NOTIC: [8] Undefined index: debt D:\WWW\ouba\Application\Runtime\Cache\Home\ecf5be167ab87ecf9b46f2c7c14b1f66.php 第 607 行.
NOTIC: [8] Undefined index: debt D:\WWW\ouba\Application\Runtime\Cache\Home\ecf5be167ab87ecf9b46f2c7c14b1f66.php 第 608 行.
NOTIC: [8] Undefined variable: re D:\WWW\ouba\Application\Runtime\Cache\Home\ecf5be167ab87ecf9b46f2c7c14b1f66.php 第 623 行.
INFO: Run Behavior\ParseTemplateBehavior [ RunTime:0.046003s ]
INFO: [ view_parse ] --END-- [ RunTime:0.048003s ]
INFO: [ view_filter ] --START--
INFO: Run Behavior\WriteHtmlCacheBehavior [ RunTime:0.001000s ]
INFO: [ view_filter ] --END-- [ RunTime:0.001000s ]
INFO: [ app_end ] --START--
INFO: Run Behavior\ShowPageTraceBehavior [ RunTime:0.002000s ]
INFO: [ app_end ] --END-- [ RunTime:0.002000s ]

[ 2016-01-06T17:55:22+08:00 ] 127.0.0.1 /index.php/Home/Menu/showlist
INFO: [ app_init ] --START--
INFO: Run Behavior\BuildLiteBehavior [ RunTime:0.000000s ]
INFO: [ app_init ] --END-- [ RunTime:0.000000s ]
INFO: [ app_begin ] --START--
INFO: Run Behavior\ReadHtmlCacheBehavior [ RunTime:0.000000s ]
INFO: [ app_begin ] --END-- [ RunTime:0.000000s ]
NOTIC: [8] Use of undefined constant PNAME - assumed 'PNAME' D:\WWW\ouba\Application\Home\Controller\MenuController.class.php 第 16 行.
NOTIC: [8] Use of undefined constant SECRET_KEY - assumed 'SECRET_KEY' D:\WWW\ouba\Application\Home\Controller\MenuController.class.php 第 17 行.
NOTIC: [8] Use of undefined constant API_URL - assumed 'API_URL' D:\WWW\ouba\Application\Home\Controller\MenuController.class.php 第 18 行.
SQL: SHOW COLUMNS FROM `onethink_house` [ RunTime:0.0110s ]
SQL: SELECT COUNT(*) AS tp_count FROM onethink_house as h WHERE ( status<=9 ) LIMIT 1   [ RunTime:0.0100s ]
SQL: SELECT h.*,os.id as oid,os.status as ostatus FROM onethink_house as h left JOIN onethink_status as os on h.status=os.id  WHERE ( h.status<=9 ) ORDER BY h.add_time desc LIMIT 0,30   [ RunTime:0.1110s ]
INFO: [ view_parse ] --START--
INFO: [ template_filter ] --START--
INFO: Run Behavior\ContentReplaceBehavior [ RunTime:0.000000s ]
INFO: [ template_filter ] --END-- [ RunTime:0.000000s ]
INFO: Run Behavior\ParseTemplateBehavior [ RunTime:0.016001s ]
INFO: [ view_parse ] --END-- [ RunTime:0.016001s ]
INFO: [ view_filter ] --START--
INFO: Run Behavior\WriteHtmlCacheBehavior [ RunTime:0.001000s ]
INFO: [ view_filter ] --END-- [ RunTime:0.001000s ]
INFO: [ app_end ] --START--
INFO: Run Behavior\ShowPageTraceBehavior [ RunTime:0.002000s ]
INFO: [ app_end ] --END-- [ RunTime:0.002000s ]

[ 2016-01-06T17:55:51+08:00 ] 127.0.0.1 /index.php/Home/Index/cl_login_in
INFO: [ app_init ] --START--
INFO: Run Behavior\BuildLiteBehavior [ RunTime:0.000000s ]
INFO: [ app_init ] --END-- [ RunTime:0.001000s ]
INFO: [ app_begin ] --START--
INFO: Run Behavior\ReadHtmlCacheBehavior [ RunTime:0.002000s ]
INFO: [ app_begin ] --END-- [ RunTime:0.002000s ]
NOTIC: [8] Use of undefined constant SALT - assumed 'SALT' D:\WWW\ouba\Application\Home\Controller\IndexController.class.php 第 12 行.
INFO: [ view_parse ] --START--
INFO: [ template_filter ] --START--
INFO: Run Behavior\ContentReplaceBehavior [ RunTime:0.000000s ]
INFO: [ template_filter ] --END-- [ RunTime:0.000000s ]
INFO: Run Behavior\ParseTemplateBehavior [ RunTime:0.008000s ]
INFO: [ view_parse ] --END-- [ RunTime:0.008000s ]
INFO: [ view_filter ] --START--
INFO: Run Behavior\WriteHtmlCacheBehavior [ RunTime:0.001000s ]
INFO: [ view_filter ] --END-- [ RunTime:0.001000s ]
INFO: [ app_end ] --START--
INFO: Run Behavior\ShowPageTraceBehavior [ RunTime:0.001000s ]
INFO: [ app_end ] --END-- [ RunTime:0.001000s ]

[ 2016-01-06T17:55:52+08:00 ] 127.0.0.1 /index.php/Home/Menu/showlist
INFO: [ app_init ] --START--
INFO: Run Behavior\BuildLiteBehavior [ RunTime:0.000000s ]
INFO: [ app_init ] --END-- [ RunTime:0.001000s ]
INFO: [ app_begin ] --START--
INFO: Run Behavior\ReadHtmlCacheBehavior [ RunTime:0.001001s ]
INFO: [ app_begin ] --END-- [ RunTime:0.001001s ]
NOTIC: [8] Use of undefined constant PNAME - assumed 'PNAME' D:\WWW\ouba\Application\Home\Controller\MenuController.class.php 第 16 行.
NOTIC: [8] Use of undefined constant SECRET_KEY - assumed 'SECRET_KEY' D:\WWW\ouba\Application\Home\Controller\MenuController.class.php 第 17 行.
NOTIC: [8] Use of undefined constant API_URL - assumed 'API_URL' D:\WWW\ouba\Application\Home\Controller\MenuController.class.php 第 18 行.
SQL: SHOW COLUMNS FROM `onethink_house` [ RunTime:0.0140s ]
SQL: SELECT COUNT(*) AS tp_count FROM onethink_house as h WHERE ( status<=9 ) LIMIT 1   [ RunTime:0.0130s ]
SQL: SELECT h.*,os.id as oid,os.status as ostatus FROM onethink_house as h left JOIN onethink_status as os on h.status=os.id  WHERE ( h.status<=9 ) ORDER BY h.add_time desc LIMIT 0,30   [ RunTime:0.1350s ]
INFO: [ view_parse ] --START--
INFO: [ template_filter ] --START--
INFO: Run Behavior\ContentReplaceBehavior [ RunTime:0.000000s ]
INFO: [ template_filter ] --END-- [ RunTime:0.000000s ]
INFO: Run Behavior\ParseTemplateBehavior [ RunTime:0.011001s ]
INFO: [ view_parse ] --END-- [ RunTime:0.011001s ]
INFO: [ view_filter ] --START--
INFO: Run Behavior\WriteHtmlCacheBehavior [ RunTime:0.001000s ]
INFO: [ view_filter ] --END-- [ RunTime:0.001000s ]
INFO: [ app_end ] --START--
INFO: Run Behavior\ShowPageTraceBehavior [ RunTime:0.001000s ]
INFO: [ app_end ] --END-- [ RunTime:0.001000s ]

[ 2016-01-06T17:57:02+08:00 ] 127.0.0.1 /index.php/Home/Index/cl_login_in
INFO: [ app_init ] --START--
INFO: Run Behavior\BuildLiteBehavior [ RunTime:0.000000s ]
INFO: [ app_init ] --END-- [ RunTime:0.000000s ]
INFO: [ app_begin ] --START--
INFO: Run Behavior\ReadHtmlCacheBehavior [ RunTime:0.001000s ]
INFO: [ app_begin ] --END-- [ RunTime:0.001000s ]
NOTIC: [8] Use of undefined constant SALT - assumed 'SALT' D:\WWW\ouba\Application\Home\Controller\IndexController.class.php 第 12 行.
INFO: [ view_parse ] --START--
INFO: [ template_filter ] --START--
INFO: Run Behavior\ContentReplaceBehavior [ RunTime:0.000000s ]
INFO: [ template_filter ] --END-- [ RunTime:0.000000s ]
INFO: Run Behavior\ParseTemplateBehavior [ RunTime:0.008001s ]
INFO: [ view_parse ] --END-- [ RunTime:0.008001s ]
INFO: [ view_filter ] --START--
INFO: Run Behavior\WriteHtmlCacheBehavior [ RunTime:0.001000s ]
INFO: [ view_filter ] --END-- [ RunTime:0.001000s ]
INFO: [ app_end ] --START--
INFO: Run Behavior\ShowPageTraceBehavior [ RunTime:0.000000s ]
INFO: [ app_end ] --END-- [ RunTime:0.001000s ]

[ 2016-01-06T17:57:02+08:00 ] 127.0.0.1 /index.php/Home/Menu/showlist
INFO: [ app_init ] --START--
INFO: Run Behavior\BuildLiteBehavior [ RunTime:0.000000s ]
INFO: [ app_init ] --END-- [ RunTime:0.000000s ]
INFO: [ app_begin ] --START--
INFO: Run Behavior\ReadHtmlCacheBehavior [ RunTime:0.001000s ]
INFO: [ app_begin ] --END-- [ RunTime:0.001000s ]
NOTIC: [8] Use of undefined constant PNAME - assumed 'PNAME' D:\WWW\ouba\Application\Home\Controller\MenuController.class.php 第 16 行.
NOTIC: [8] Use of undefined constant SECRET_KEY - assumed 'SECRET_KEY' D:\WWW\ouba\Application\Home\Controller\MenuController.class.php 第 17 行.
NOTIC: [8] Use of undefined constant API_URL - assumed 'API_URL' D:\WWW\ouba\Application\Home\Controller\MenuController.class.php 第 18 行.
SQL: SHOW COLUMNS FROM `onethink_house` [ RunTime:0.0120s ]
SQL: SELECT COUNT(*) AS tp_count FROM onethink_house as h WHERE ( status<=9 ) LIMIT 1   [ RunTime:0.0080s ]
SQL: SELECT h.*,os.id as oid,os.status as ostatus FROM onethink_house as h left JOIN onethink_status as os on h.status=os.id  WHERE ( h.status<=9 ) ORDER BY h.add_time desc LIMIT 0,30   [ RunTime:0.0880s ]
INFO: [ view_parse ] --START--
INFO: [ template_filter ] --START--
INFO: Run Behavior\ContentReplaceBehavior [ RunTime:0.000000s ]
INFO: [ template_filter ] --END-- [ RunTime:0.000000s ]
INFO: Run Behavior\ParseTemplateBehavior [ RunTime:0.011001s ]
INFO: [ view_parse ] --END-- [ RunTime:0.011001s ]
INFO: [ view_filter ] --START--
INFO: Run Behavior\WriteHtmlCacheBehavior [ RunTime:0.001000s ]
INFO: [ view_filter ] --END-- [ RunTime:0.001000s ]
INFO: [ app_end ] --START--
INFO: Run Behavior\ShowPageTraceBehavior [ RunTime:0.001000s ]
INFO: [ app_end ] --END-- [ RunTime:0.001000s ]

[ 2016-01-06T17:57:04+08:00 ] 127.0.0.1 /index.php/Home/Menu/index
INFO: [ app_init ] --START--
INFO: Run Behavior\BuildLiteBehavior [ RunTime:0.000000s ]
INFO: [ app_init ] --END-- [ RunTime:0.001000s ]
INFO: [ app_begin ] --START--
INFO: Run Behavior\ReadHtmlCacheBehavior [ RunTime:0.001000s ]
INFO: [ app_begin ] --END-- [ RunTime:0.001000s ]
NOTIC: [8] Use of undefined constant PNAME - assumed 'PNAME' D:\WWW\ouba\Application\Home\Controller\MenuController.class.php 第 16 行.
NOTIC: [8] Use of undefined constant SECRET_KEY - assumed 'SECRET_KEY' D:\WWW\ouba\Application\Home\Controller\MenuController.class.php 第 17 行.
NOTIC: [8] Use of undefined constant API_URL - assumed 'API_URL' D:\WWW\ouba\Application\Home\Controller\MenuController.class.php 第 18 行.
SQL: SHOW COLUMNS FROM `onethink_organization` [ RunTime:0.0120s ]
SQL: SELECT * FROM `onethink_organization`  [ RunTime:0.0120s ]
SQL: SHOW COLUMNS FROM `onethink_ucenter_member` [ RunTime:0.0120s ]
SQL: SELECT * FROM `onethink_ucenter_member` WHERE ( status=8 or part_time=8 )  [ RunTime:0.0130s ]
SQL: SHOW COLUMNS FROM `onethink_member_info` [ RunTime:0.0130s ]
SQL: SELECT * FROM `onethink_member_info` WHERE ( type='bridge' )  [ RunTime:0.0140s ]
SQL: SELECT * FROM `onethink_ucenter_member` WHERE ( authority=1 or authority=12 )  [ RunTime:0.0160s ]
SQL: SELECT * FROM `onethink_ucenter_member` WHERE ( authority=12 )  [ RunTime:0.0140s ]
SQL: SHOW COLUMNS FROM `onethink_housetype` [ RunTime:0.0150s ]
SQL: SELECT * FROM `onethink_housetype`  [ RunTime:0.0110s ]
SQL: SHOW COLUMNS FROM `onethink_pcondition` [ RunTime:0.0140s ]
SQL: SELECT * FROM `onethink_pcondition` WHERE ( pandl=1 )  [ RunTime:0.0130s ]
SQL: SELECT * FROM `onethink_pcondition` WHERE ( pandl=2 )  [ RunTime:0.0110s ]
NOTIC: [2] Missing argument 1 for Think\Controller::show(), called in D:\WWW\ouba\Application\Home\Controller\MenuController.class.php on line 48 and defined D:\WWW\ouba\ThinkPHP\Library\Think\Controller.class.php 第 68 行.
NOTIC: [8] Undefined variable: content D:\WWW\ouba\ThinkPHP\Library\Think\Controller.class.php 第 69 行.
INFO: [ view_parse ] --START--
INFO: [ template_filter ] --START--
INFO: Run Behavior\ContentReplaceBehavior [ RunTime:0.000000s ]
INFO: [ template_filter ] --END-- [ RunTime:0.000000s ]
NOTIC: [8] Undefined index: title D:\WWW\ouba\Application\Runtime\Cache\Home\f486e7970cd403dc5541784420d3abae.php 第 258 行.
NOTIC: [8] Undefined index: borrowamt D:\WWW\ouba\Application\Runtime\Cache\Home\f486e7970cd403dc5541784420d3abae.php 第 262 行.
NOTIC: [8] Undefined index: duration D:\WWW\ouba\Application\Runtime\Cache\Home\f486e7970cd403dc5541784420d3abae.php 第 268 行.
NOTIC: [8] Undefined index: rate D:\WWW\ouba\Application\Runtime\Cache\Home\f486e7970cd403dc5541784420d3abae.php 第 272 行.
NOTIC: [8] Undefined index: category D:\WWW\ouba\Application\Runtime\Cache\Home\f486e7970cd403dc5541784420d3abae.php 第 277 行.
NOTIC: [8] Undefined index: category D:\WWW\ouba\Application\Runtime\Cache\Home\f486e7970cd403dc5541784420d3abae.php 第 278 行.
NOTIC: [8] Undefined index: cstname D:\WWW\ouba\Application\Runtime\Cache\Home\f486e7970cd403dc5541784420d3abae.php 第 290 行.
NOTIC: [8] Undefined index: idno D:\WWW\ouba\Application\Runtime\Cache\Home\f486e7970cd403dc5541784420d3abae.php 第 294 行.
NOTIC: [8] Undefined index: domicile D:\WWW\ouba\Application\Runtime\Cache\Home\f486e7970cd403dc5541784420d3abae.php 第 298 行.
NOTIC: [8] Undefined index: age D:\WWW\ouba\Application\Runtime\Cache\Home\f486e7970cd403dc5541784420d3abae.php 第 302 行.
NOTIC: [8] Undefined index: tel D:\WWW\ouba\Application\Runtime\Cache\Home\f486e7970cd403dc5541784420d3abae.php 第 306 行.
NOTIC: [8] Undefined index: work D:\WWW\ouba\Application\Runtime\Cache\Home\f486e7970cd403dc5541784420d3abae.php 第 310 行.
NOTIC: [8] Undefined index:  D:\WWW\ouba\Application\Runtime\Cache\Home\f486e7970cd403dc5541784420d3abae.php 第 313 行.
NOTIC: [8] Undefined index: wed D:\WWW\ouba\Application\Runtime\Cache\Home\f486e7970cd403dc5541784420d3abae.php 第 318 行.
NOTIC: [8] Undefined index: wed D:\WWW\ouba\Application\Runtime\Cache\Home\f486e7970cd403dc5541784420d3abae.php 第 319 行.
NOTIC: [8] Undefined index: wed D:\WWW\ouba\Application\Runtime\Cache\Home\f486e7970cd403dc5541784420d3abae.php 第 320 行.
NOTIC: [8] Undefined index: bankname D:\WWW\ouba\Application\Runtime\Cache\Home\f486e7970cd403dc5541784420d3abae.php 第 332 行.
NOTIC: [8] Undefined index: bank D:\WWW\ouba\Application\Runtime\Cache\Home\f486e7970cd403dc5541784420d3abae.php 第 336 行.
NOTIC: [8] Undefined index: bankcard D:\WWW\ouba\Application\Runtime\Cache\Home\f486e7970cd403dc5541784420d3abae.php 第 340 行.
NOTIC: [8] Undefined index: bridge D:\WWW\ouba\Application\Runtime\Cache\Home\f486e7970cd403dc5541784420d3abae.php 第 350 行.
NOTIC: [8] Undefined index: bridge D:\WWW\ouba\Application\Runtime\Cache\Home\f486e7970cd403dc5541784420d3abae.php 第 351 行.
NOTIC: [8] Undefined index: bridgename D:\WWW\ouba\Application\Runtime\Cache\Home\f486e7970cd403dc5541784420d3abae.php 第 360 行.
NOTIC: [8] Undefined index: bridgename D:\WWW\ouba\Application\Runtime\Cache\Home\f486e7970cd403dc5541784420d3abae.php 第 360 行.
NOTIC: [8] Undefined index: pledgename D:\WWW\ouba\Application\Runtime\Cache\Home\f486e7970cd403dc5541784420d3abae.php 第 388 行.
NOTIC: [8] Undefined index: pledgetel D:\WWW\ouba\Application\Runtime\Cache\Home\f486e7970cd403dc5541784420d3abae.php 第 392 行.
NOTIC: [8] Undefined index: pledgeidno D:\WWW\ouba\Application\Runtime\Cache\Home\f486e7970cd403dc5541784420d3abae.php 第 396 行.
NOTIC: [8] Undefined index: iscity D:\WWW\ouba\Application\Runtime\Cache\Home\f486e7970cd403dc5541784420d3abae.php 第 408 行.
NOTIC: [8] Undefined index: iscity D:\WWW\ouba\Application\Runtime\Cache\Home\f486e7970cd403dc5541784420d3abae.php 第 409 行.
NOTIC: [8] Undefined index: isloan D:\WWW\ouba\Application\Runtime\Cache\Home\f486e7970cd403dc5541784420d3abae.php 第 410 行.
NOTIC: [8] Undefined index: isloan D:\WWW\ouba\Application\Runtime\Cache\Home\f486e7970cd403dc5541784420d3abae.php 第 411 行.
NOTIC: [8] Undefined index: pledge D:\WWW\ouba\Application\Runtime\Cache\Home\f486e7970cd403dc5541784420d3abae.php 第 420 行.
NOTIC: [8] Undefined index: pledge D:\WWW\ouba\Application\Runtime\Cache\Home\f486e7970cd403dc5541784420d3abae.php 第 420 行.
NOTIC: [8] Undefined index: pledge D:\WWW\ouba\Application\Runtime\Cache\Home\f486e7970cd403dc5541784420d3abae.php 第 420 行.
NOTIC: [8] Undefined index: pledge D:\WWW\ouba\Application\Runtime\Cache\Home\f486e7970cd403dc5541784420d3abae.php 第 420 行.
NOTIC: [8] Undefined index: housetype D:\WWW\ouba\Application\Runtime\Cache\Home\f486e7970cd403dc5541784420d3abae.php 第 430 行.
NOTIC: [8] Undefined index: sort D:\WWW\ouba\Application\Runtime\Cache\Home\f486e7970cd403dc5541784420d3abae.php 第 430 行.
NOTIC: [8] Undefined index: housetype D:\WWW\ouba\Application\Runtime\Cache\Home\f486e7970cd403dc5541784420d3abae.php 第 430 行.
NOTIC: [8] Undefined index: sort D:\WWW\ouba\Application\Runtime\Cache\Home\f486e7970cd403dc5541784420d3abae.php 第 430 行.
NOTIC: [8] Undefined index: housetype D:\WWW\ouba\Application\Runtime\Cache\Home\f486e7970cd403dc5541784420d3abae.php 第 430 行.
NOTIC: [8] Undefined index: sort D:\WWW\ouba\Application\Runtime\Cache\Home\f486e7970cd403dc5541784420d3abae.php 第 430 行.
NOTIC: [8] Undefined index: housetype D:\WWW\ouba\Application\Runtime\Cache\Home\f486e7970cd403dc5541784420d3abae.php 第 430 行.
NOTIC: [8] Undefined index: sort D:\WWW\ouba\Application\Runtime\Cache\Home\f486e7970cd403dc5541784420d3abae.php 第 430 行.
NOTIC: [8] Undefined index: housetype D:\WWW\ouba\Application\Runtime\Cache\Home\f486e7970cd403dc5541784420d3abae.php 第 430 行.
NOTIC: [8] Undefined index: sort D:\WWW\ouba\Application\Runtime\Cache\Home\f486e7970cd403dc5541784420d3abae.php 第 430 行.
NOTIC: [8] Undefined index: housetype D:\WWW\ouba\Application\Runtime\Cache\Home\f486e7970cd403dc5541784420d3abae.php 第 430 行.
NOTIC: [8] Undefined index: sort D:\WWW\ouba\Application\Runtime\Cache\Home\f486e7970cd403dc5541784420d3abae.php 第 430 行.
NOTIC: [8] Undefined index: address D:\WWW\ouba\Application\Runtime\Cache\Home\f486e7970cd403dc5541784420d3abae.php 第 438 行.
NOTIC: [8] Undefined index: price D:\WWW\ouba\Application\Runtime\Cache\Home\f486e7970cd403dc5541784420d3abae.php 第 442 行.
NOTIC: [8] Undefined index: estimateprice D:\WWW\ouba\Application\Runtime\Cache\Home\f486e7970cd403dc5541784420d3abae.php 第 447 行.
NOTIC: [8] Undefined index: upperprice D:\WWW\ouba\Application\Runtime\Cache\Home\f486e7970cd403dc5541784420d3abae.php 第 450 行.
NOTIC: [8] Undefined index: residence D:\WWW\ouba\Application\Runtime\Cache\Home\f486e7970cd403dc5541784420d3abae.php 第 453 行.
NOTIC: [8] Undefined index: area D:\WWW\ouba\Application\Runtime\Cache\Home\f486e7970cd403dc5541784420d3abae.php 第 457 行.
NOTIC: [8] Undefined index: pledgeno D:\WWW\ouba\Application\Runtime\Cache\Home\f486e7970cd403dc5541784420d3abae.php 第 461 行.
NOTIC: [8] Undefined index: anotheradd D:\WWW\ouba\Application\Runtime\Cache\Home\f486e7970cd403dc5541784420d3abae.php 第 465 行.
NOTIC: [8] Undefined index: anotherarea D:\WWW\ouba\Application\Runtime\Cache\Home\f486e7970cd403dc5541784420d3abae.php 第 469 行.
NOTIC: [8] Undefined index: carbrand D:\WWW\ouba\Application\Runtime\Cache\Home\f486e7970cd403dc5541784420d3abae.php 第 477 行.
NOTIC: [8] Undefined index: cartype D:\WWW\ouba\Application\Runtime\Cache\Home\f486e7970cd403dc5541784420d3abae.php 第 481 行.
NOTIC: [8] Undefined index: carestimate D:\WWW\ouba\Application\Runtime\Cache\Home\f486e7970cd403dc5541784420d3abae.php 第 485 行.
NOTIC: [8] Undefined index: carbuytime D:\WWW\ouba\Application\Runtime\Cache\Home\f486e7970cd403dc5541784420d3abae.php 第 490 行.
NOTIC: [8] Undefined index: credit D:\WWW\ouba\Application\Runtime\Cache\Home\f486e7970cd403dc5541784420d3abae.php 第 499 行.
NOTIC: [8] Undefined index: debt D:\WWW\ouba\Application\Runtime\Cache\Home\f486e7970cd403dc5541784420d3abae.php 第 504 行.
NOTIC: [8] Undefined index: debt D:\WWW\ouba\Application\Runtime\Cache\Home\f486e7970cd403dc5541784420d3abae.php 第 505 行.
NOTIC: [8] Undefined index: capitalsource D:\WWW\ouba\Application\Runtime\Cache\Home\f486e7970cd403dc5541784420d3abae.php 第 521 行.
NOTIC: [8] Undefined index: capitalsource D:\WWW\ouba\Application\Runtime\Cache\Home\f486e7970cd403dc5541784420d3abae.php 第 521 行.
NOTIC: [8] Undefined index: capitalsource D:\WWW\ouba\Application\Runtime\Cache\Home\f486e7970cd403dc5541784420d3abae.php 第 521 行.
NOTIC: [8] Undefined index: capitalsource D:\WWW\ouba\Application\Runtime\Cache\Home\f486e7970cd403dc5541784420d3abae.php 第 521 行.
NOTIC: [8] Undefined index: loandest D:\WWW\ouba\Application\Runtime\Cache\Home\f486e7970cd403dc5541784420d3abae.php 第 530 行.
NOTIC: [8] Undefined index: loandest D:\WWW\ouba\Application\Runtime\Cache\Home\f486e7970cd403dc5541784420d3abae.php 第 530 行.
NOTIC: [8] Undefined index: loandest D:\WWW\ouba\Application\Runtime\Cache\Home\f486e7970cd403dc5541784420d3abae.php 第 530 行.
NOTIC: [8] Undefined index: source D:\WWW\ouba\Application\Runtime\Cache\Home\f486e7970cd403dc5541784420d3abae.php 第 538 行.
NOTIC: [8] Undefined index: source D:\WWW\ouba\Application\Runtime\Cache\Home\f486e7970cd403dc5541784420d3abae.php 第 538 行.
NOTIC: [8] Undefined index: source D:\WWW\ouba\Application\Runtime\Cache\Home\f486e7970cd403dc5541784420d3abae.php 第 538 行.
NOTIC: [8] Undefined index: source D:\WWW\ouba\Application\Runtime\Cache\Home\f486e7970cd403dc5541784420d3abae.php 第 538 行.
NOTIC: [8] Undefined index: salesman D:\WWW\ouba\Application\Runtime\Cache\Home\f486e7970cd403dc5541784420d3abae.php 第 548 行.
NOTIC: [8] Undefined index: salesman D:\WWW\ouba\Application\Runtime\Cache\Home\f486e7970cd403dc5541784420d3abae.php 第 548 行.
NOTIC: [8] Undefined index: salesman D:\WWW\ouba\Application\Runtime\Cache\Home\f486e7970cd403dc5541784420d3abae.php 第 548 行.
NOTIC: [8] Undefined index: salesman D:\WWW\ouba\Application\Runtime\Cache\Home\f486e7970cd403dc5541784420d3abae.php 第 548 行.
NOTIC: [8] Undefined index: salesman D:\WWW\ouba\Application\Runtime\Cache\Home\f486e7970cd403dc5541784420d3abae.php 第 548 行.
NOTIC: [8] Undefined index: salesman D:\WWW\ouba\Application\Runtime\Cache\Home\f486e7970cd403dc5541784420d3abae.php 第 548 行.
NOTIC: [8] Undefined index: salesman D:\WWW\ouba\Application\Runtime\Cache\Home\f486e7970cd403dc5541784420d3abae.php 第 548 行.
NOTIC: [8] Undefined index: salesman D:\WWW\ouba\Application\Runtime\Cache\Home\f486e7970cd403dc5541784420d3abae.php 第 548 行.
NOTIC: [8] Undefined index: salesman D:\WWW\ouba\Application\Runtime\Cache\Home\f486e7970cd403dc5541784420d3abae.php 第 548 行.
NOTIC: [8] Undefined index: salesman D:\WWW\ouba\Application\Runtime\Cache\Home\f486e7970cd403dc5541784420d3abae.php 第 548 行.
NOTIC: [8] Undefined index: riskearly D:\WWW\ouba\Application\Runtime\Cache\Home\f486e7970cd403dc5541784420d3abae.php 第 557 行.
NOTIC: [8] Undefined index: riskearly D:\WWW\ouba\Application\Runtime\Cache\Home\f486e7970cd403dc5541784420d3abae.php 第 557 行.
NOTIC: [8] Undefined index: riskearly D:\WWW\ouba\Application\Runtime\Cache\Home\f486e7970cd403dc5541784420d3abae.php 第 557 行.
NOTIC: [8] Undefined index: riskfinal D:\WWW\ouba\Application\Runtime\Cache\Home\f486e7970cd403dc5541784420d3abae.php 第 565 行.
NOTIC: [8] Undefined index: tip D:\WWW\ouba\Application\Runtime\Cache\Home\f486e7970cd403dc5541784420d3abae.php 第 576 行.
INFO: Run Behavior\ParseTemplateBehavior [ RunTime:0.045003s ]
INFO: [ view_parse ] --END-- [ RunTime:0.045003s ]
INFO: [ view_filter ] --START--
INFO: Run Behavior\WriteHtmlCacheBehavior [ RunTime:0.001000s ]
INFO: [ view_filter ] --END-- [ RunTime:0.001000s ]
INFO: [ app_end ] --START--
INFO: Run Behavior\ShowPageTraceBehavior [ RunTime:0.001000s ]
INFO: [ app_end ] --END-- [ RunTime:0.001000s ]

[ 2016-01-06T17:57:32+08:00 ] 127.0.0.1 /index.php/Home/Role/process
INFO: [ app_init ] --START--
INFO: Run Behavior\BuildLiteBehavior [ RunTime:0.000000s ]
INFO: [ app_init ] --END-- [ RunTime:0.001001s ]
INFO: [ app_begin ] --START--
INFO: Run Behavior\ReadHtmlCacheBehavior [ RunTime:0.000000s ]
INFO: [ app_begin ] --END-- [ RunTime:0.000000s ]
NOTIC: [8] Use of undefined constant SALT - assumed 'SALT' D:\WWW\ouba\Application\Home\Controller\RoleController.class.php 第 13 行.
NOTIC: [8] Use of undefined constant SURL - assumed 'SURL' D:\WWW\ouba\Application\Home\Controller\RoleController.class.php 第 14 行.
NOTIC: [8] Use of undefined constant PNAME - assumed 'PNAME' D:\WWW\ouba\Application\Home\Controller\RoleController.class.php 第 15 行.
NOTIC: [8] Use of undefined constant SECRET_KEY - assumed 'SECRET_KEY' D:\WWW\ouba\Application\Home\Controller\RoleController.class.php 第 16 行.
SQL: SHOW COLUMNS FROM `onethink_house` [ RunTime:0.0110s ]
NOTIC: [8] Undefined variable: condition D:\WWW\ouba\Application\Home\Controller\RoleController.class.php 第 667 行.
NOTIC: [8] Undefined variable: Page D:\WWW\ouba\Application\Home\Controller\RoleController.class.php 第 667 行.
NOTIC: [8] Trying to get property of non-object D:\WWW\ouba\Application\Home\Controller\RoleController.class.php 第 667 行.
NOTIC: [8] Undefined variable: Page D:\WWW\ouba\Application\Home\Controller\RoleController.class.php 第 667 行.
NOTIC: [8] Trying to get property of non-object D:\WWW\ouba\Application\Home\Controller\RoleController.class.php 第 667 行.
SQL: SELECT COUNT(h.id) AS tp_count FROM onethink_house as h left JOIN onethink_ucenter_member as oum on h.respid=oum.id left JOIN onethink_status as os on h.status=os.id left JOIN onethink_organization as oo on h.capitalsource=oo.organization  ORDER BY h.add_time desc LIMIT 1   [ RunTime:0.0110s ]
NOTIC: [8] Undefined variable: condition D:\WWW\ouba\Application\Home\Controller\RoleController.class.php 第 680 行.
SQL: SELECT h.*,os.status as ostatus,oum.id as oumid,oum.username,oo.organization as capitalsource,op.invest,op.qw,op.force,op.hpledge FROM onethink_house as h left JOIN onethink_ucenter_member as oum on h.respid=oum.id left JOIN onethink_status as os on h.status=os.id left JOIN onethink_organization as oo on h.capitalsource=oo.organization left JOIN onethink_process as op on h.id=op.hid  ORDER BY h.add_time desc LIMIT 0,30   [ RunTime:0.1420s ]
INFO: [ view_parse ] --START--
INFO: [ template_filter ] --START--
INFO: Run Behavior\ContentReplaceBehavior [ RunTime:0.000000s ]
INFO: [ template_filter ] --END-- [ RunTime:0.000000s ]
NOTIC: [8] Undefined variable: salesman D:\WWW\ouba\Application\Runtime\Cache\Home\44a2e6ec1fe8af2229bc7c8d5f066b2a.php 第 283 行.
NOTIC: [8] Undefined variable: salesman D:\WWW\ouba\Application\Runtime\Cache\Home\44a2e6ec1fe8af2229bc7c8d5f066b2a.php 第 283 行.
NOTIC: [8] Undefined variable: salesman D:\WWW\ouba\Application\Runtime\Cache\Home\44a2e6ec1fe8af2229bc7c8d5f066b2a.php 第 283 行.
NOTIC: [8] Undefined variable: salesman D:\WWW\ouba\Application\Runtime\Cache\Home\44a2e6ec1fe8af2229bc7c8d5f066b2a.php 第 283 行.
NOTIC: [8] Undefined variable: salesman D:\WWW\ouba\Application\Runtime\Cache\Home\44a2e6ec1fe8af2229bc7c8d5f066b2a.php 第 283 行.
NOTIC: [8] Undefined variable: salesman D:\WWW\ouba\Application\Runtime\Cache\Home\44a2e6ec1fe8af2229bc7c8d5f066b2a.php 第 283 行.
NOTIC: [8] Undefined variable: salesman D:\WWW\ouba\Application\Runtime\Cache\Home\44a2e6ec1fe8af2229bc7c8d5f066b2a.php 第 283 行.
NOTIC: [8] Undefined variable: salesman D:\WWW\ouba\Application\Runtime\Cache\Home\44a2e6ec1fe8af2229bc7c8d5f066b2a.php 第 283 行.
NOTIC: [8] Undefined variable: salesman D:\WWW\ouba\Application\Runtime\Cache\Home\44a2e6ec1fe8af2229bc7c8d5f066b2a.php 第 283 行.
NOTIC: [8] Undefined variable: salesman D:\WWW\ouba\Application\Runtime\Cache\Home\44a2e6ec1fe8af2229bc7c8d5f066b2a.php 第 283 行.
NOTIC: [8] Undefined variable: salesman D:\WWW\ouba\Application\Runtime\Cache\Home\44a2e6ec1fe8af2229bc7c8d5f066b2a.php 第 283 行.
NOTIC: [8] Undefined variable: salesman D:\WWW\ouba\Application\Runtime\Cache\Home\44a2e6ec1fe8af2229bc7c8d5f066b2a.php 第 283 行.
NOTIC: [8] Undefined variable: salesman D:\WWW\ouba\Application\Runtime\Cache\Home\44a2e6ec1fe8af2229bc7c8d5f066b2a.php 第 283 行.
INFO: Run Behavior\ParseTemplateBehavior [ RunTime:0.014000s ]
INFO: [ view_parse ] --END-- [ RunTime:0.014000s ]
INFO: [ view_filter ] --START--
INFO: Run Behavior\WriteHtmlCacheBehavior [ RunTime:0.000000s ]
INFO: [ view_filter ] --END-- [ RunTime:0.000000s ]
INFO: [ app_end ] --START--
INFO: Run Behavior\ShowPageTraceBehavior [ RunTime:0.001001s ]
INFO: [ app_end ] --END-- [ RunTime:0.001001s ]

[ 2016-01-06T17:57:34+08:00 ] 127.0.0.1 /index.php/Home/Menu/showlist
INFO: [ app_init ] --START--
INFO: Run Behavior\BuildLiteBehavior [ RunTime:0.000000s ]
INFO: [ app_init ] --END-- [ RunTime:0.001000s ]
INFO: [ app_begin ] --START--
INFO: Run Behavior\ReadHtmlCacheBehavior [ RunTime:0.001000s ]
INFO: [ app_begin ] --END-- [ RunTime:0.001000s ]
NOTIC: [8] Use of undefined constant PNAME - assumed 'PNAME' D:\WWW\ouba\Application\Home\Controller\MenuController.class.php 第 16 行.
NOTIC: [8] Use of undefined constant SECRET_KEY - assumed 'SECRET_KEY' D:\WWW\ouba\Application\Home\Controller\MenuController.class.php 第 17 行.
NOTIC: [8] Use of undefined constant API_URL - assumed 'API_URL' D:\WWW\ouba\Application\Home\Controller\MenuController.class.php 第 18 行.
SQL: SHOW COLUMNS FROM `onethink_house` [ RunTime:0.0170s ]
SQL: SELECT COUNT(*) AS tp_count FROM onethink_house as h WHERE ( status<=9 ) LIMIT 1   [ RunTime:0.0100s ]
SQL: SELECT h.*,os.id as oid,os.status as ostatus FROM onethink_house as h left JOIN onethink_status as os on h.status=os.id  WHERE ( h.status<=9 ) ORDER BY h.add_time desc LIMIT 0,30   [ RunTime:0.1110s ]
INFO: [ view_parse ] --START--
INFO: [ template_filter ] --START--
INFO: Run Behavior\ContentReplaceBehavior [ RunTime:0.000000s ]
INFO: [ template_filter ] --END-- [ RunTime:0.001000s ]
INFO: Run Behavior\ParseTemplateBehavior [ RunTime:0.026001s ]
INFO: [ view_parse ] --END-- [ RunTime:0.026001s ]
INFO: [ view_filter ] --START--
INFO: Run Behavior\WriteHtmlCacheBehavior [ RunTime:0.001000s ]
INFO: [ view_filter ] --END-- [ RunTime:0.001000s ]
INFO: [ app_end ] --START--
INFO: Run Behavior\ShowPageTraceBehavior [ RunTime:0.001000s ]
INFO: [ app_end ] --END-- [ RunTime:0.001000s ]

