[ 2015-12-23T09:11:22+08:00 ] 127.0.0.1 /favicon.ico
INFO: [ app_init ] --START--
INFO: Run Behavior\BuildLiteBehavior [ RunTime:0.000000s ]
INFO: [ app_init ] --END-- [ RunTime:0.001000s ]
ERR: 无法加载模块:Favicon

[ 2015-12-23T11:02:16+08:00 ] 127.0.0.1 /Public/Js/underscore.1.8.3.js
INFO: [ app_init ] --START--
INFO: Run Behavior\BuildLiteBehavior [ RunTime:0.000000s ]
INFO: [ app_init ] --END-- [ RunTime:0.001000s ]
ERR: 无法加载模块:Public

[ 2015-12-23T11:02:52+08:00 ] 127.0.0.1 /Uploads/proof/2015-11-30/565bd93fd7c6c.JPG
INFO: [ app_init ] --START--
INFO: Run Behavior\BuildLiteBehavior [ RunTime:0.000000s ]
INFO: [ app_init ] --END-- [ RunTime:0.001000s ]
ERR: 无法加载模块:Uploads

[ 2015-12-23T11:02:52+08:00 ] 127.0.0.1 /Uploads/proof/2015-11-30/565bd93fddf36.JPG
INFO: [ app_init ] --START--
INFO: Run Behavior\BuildLiteBehavior [ RunTime:0.000000s ]
INFO: [ app_init ] --END-- [ RunTime:0.000000s ]
ERR: 无法加载模块:Uploads

[ 2015-12-23T11:02:52+08:00 ] 127.0.0.1 /Uploads/proof/2015-11-30/565bd93fdaa77.JPG
INFO: [ app_init ] --START--
INFO: Run Behavior\BuildLiteBehavior [ RunTime:0.000000s ]
INFO: [ app_init ] --END-- [ RunTime:0.001000s ]
ERR: 无法加载模块:Uploads

[ 2015-12-23T11:03:35+08:00 ] 127.0.0.1 /Uploads/proof/2015-12-01/565d0f2aca00d.jpg
INFO: [ app_init ] --START--
INFO: Run Behavior\BuildLiteBehavior [ RunTime:0.000000s ]
INFO: [ app_init ] --END-- [ RunTime:0.000000s ]
ERR: 无法加载模块:Uploads

[ 2015-12-23T11:03:35+08:00 ] 127.0.0.1 /Uploads/proof/2015-12-01/565d0f2ad07aa.jpg
INFO: [ app_init ] --START--
INFO: Run Behavior\BuildLiteBehavior [ RunTime:0.000000s ]
INFO: [ app_init ] --END-- [ RunTime:0.001001s ]
ERR: 无法加载模块:Uploads

[ 2015-12-23T11:03:35+08:00 ] 127.0.0.1 /Uploads/proof/2015-12-01/565d0f2acc50e.jpg
INFO: [ app_init ] --START--
INFO: Run Behavior\BuildLiteBehavior [ RunTime:0.000000s ]
INFO: [ app_init ] --END-- [ RunTime:0.000000s ]
ERR: 无法加载模块:Uploads

[ 2015-12-23T11:03:35+08:00 ] 127.0.0.1 /Uploads/proof/2015-12-01/565d0f2ad34c3.jpg
INFO: [ app_init ] --START--
INFO: Run Behavior\BuildLiteBehavior [ RunTime:0.000000s ]
INFO: [ app_init ] --END-- [ RunTime:0.001000s ]
ERR: 无法加载模块:Uploads

[ 2015-12-23T11:03:35+08:00 ] 127.0.0.1 /Uploads/proof/2015-12-01/565d0f2acdbd9.jpg
INFO: [ app_init ] --START--
INFO: Run Behavior\BuildLiteBehavior [ RunTime:0.000000s ]
INFO: [ app_init ] --END-- [ RunTime:0.000000s ]
ERR: 无法加载模块:Uploads

[ 2015-12-23T11:19:29+08:00 ] 127.0.0.1 /Uploads/1/2015-12-23/567a0a8dbfd8f.JPG
INFO: [ app_init ] --START--
INFO: Run Behavior\BuildLiteBehavior [ RunTime:0.000000s ]
INFO: [ app_init ] --END-- [ RunTime:0.001000s ]
ERR: 无法加载模块:Uploads

[ 2015-12-23T11:19:29+08:00 ] 127.0.0.1 /Uploads/4/2015-12-23/567a0b178929d.JPG
INFO: [ app_init ] --START--
INFO: Run Behavior\BuildLiteBehavior [ RunTime:0.000000s ]
INFO: [ app_init ] --END-- [ RunTime:0.001000s ]
ERR: 无法加载模块:Uploads

[ 2015-12-23T11:19:29+08:00 ] 127.0.0.1 /Uploads/0/2015-12-23/567a0b35c3630.jpg
INFO: [ app_init ] --START--
INFO: Run Behavior\BuildLiteBehavior [ RunTime:0.000000s ]
INFO: [ app_init ] --END-- [ RunTime:0.000000s ]
ERR: 无法加载模块:Uploads

[ 2015-12-23T11:20:05+08:00 ] 127.0.0.1 /Uploads/1/2015-12-23/567a0a8dbfd8f.JPG
INFO: [ app_init ] --START--
INFO: Run Behavior\BuildLiteBehavior [ RunTime:0.000000s ]
INFO: [ app_init ] --END-- [ RunTime:0.001000s ]
ERR: 无法加载模块:Uploads

[ 2015-12-23T11:20:05+08:00 ] 127.0.0.1 /Uploads/4/2015-12-23/567a0b178929d.JPG
INFO: [ app_init ] --START--
INFO: Run Behavior\BuildLiteBehavior [ RunTime:0.001000s ]
INFO: [ app_init ] --END-- [ RunTime:0.001000s ]
ERR: 无法加载模块:Uploads

[ 2015-12-23T11:20:05+08:00 ] 127.0.0.1 /Uploads/0/2015-12-23/567a0b35c3630.jpg
INFO: [ app_init ] --START--
INFO: Run Behavior\BuildLiteBehavior [ RunTime:0.000000s ]
INFO: [ app_init ] --END-- [ RunTime:0.001000s ]
ERR: 无法加载模块:Uploads

[ 2015-12-23T11:21:22+08:00 ] 127.0.0.1 /Uploads/4/2015-12-23/567a0b178929d.JPG
INFO: [ app_init ] --START--
INFO: Run Behavior\BuildLiteBehavior [ RunTime:0.000000s ]
INFO: [ app_init ] --END-- [ RunTime:0.001000s ]
ERR: 无法加载模块:Uploads

[ 2015-12-23T11:21:22+08:00 ] 127.0.0.1 /Uploads/1/2015-12-23/567a0a8dbfd8f.JPG
INFO: [ app_init ] --START--
INFO: Run Behavior\BuildLiteBehavior [ RunTime:0.000000s ]
INFO: [ app_init ] --END-- [ RunTime:0.001001s ]
ERR: 无法加载模块:Uploads

[ 2015-12-23T11:21:22+08:00 ] 127.0.0.1 /Uploads/0/2015-12-23/567a0b35c3630.jpg
INFO: [ app_init ] --START--
INFO: Run Behavior\BuildLiteBehavior [ RunTime:0.000000s ]
INFO: [ app_init ] --END-- [ RunTime:0.000000s ]
ERR: 无法加载模块:Uploads

[ 2015-12-23T11:21:50+08:00 ] 127.0.0.1 /Uploads/0/2015-12-23/567a0b35c3630.jpg
INFO: [ app_init ] --START--
INFO: Run Behavior\BuildLiteBehavior [ RunTime:0.000000s ]
INFO: [ app_init ] --END-- [ RunTime:0.001000s ]
ERR: 无法加载模块:Uploads

[ 2015-12-23T11:21:50+08:00 ] 127.0.0.1 /Uploads/4/2015-12-23/567a0b178929d.JPG
INFO: [ app_init ] --START--
INFO: Run Behavior\BuildLiteBehavior [ RunTime:0.000000s ]
INFO: [ app_init ] --END-- [ RunTime:0.000000s ]
ERR: 无法加载模块:Uploads

[ 2015-12-23T11:21:50+08:00 ] 127.0.0.1 /Uploads/1/2015-12-23/567a0a8dbfd8f.JPG
INFO: [ app_init ] --START--
INFO: Run Behavior\BuildLiteBehavior [ RunTime:0.000000s ]
INFO: [ app_init ] --END-- [ RunTime:0.001000s ]
ERR: 无法加载模块:Uploads

[ 2015-12-23T11:23:04+08:00 ] 127.0.0.1 /Uploads/4/2015-12-23/567a0b178929d.JPG
INFO: [ app_init ] --START--
INFO: Run Behavior\BuildLiteBehavior [ RunTime:0.000000s ]
INFO: [ app_init ] --END-- [ RunTime:0.000000s ]
ERR: 无法加载模块:Uploads

[ 2015-12-23T11:23:04+08:00 ] 127.0.0.1 /Uploads/1/2015-12-23/567a0a8dbfd8f.JPG
INFO: [ app_init ] --START--
INFO: Run Behavior\BuildLiteBehavior [ RunTime:0.000000s ]
INFO: [ app_init ] --END-- [ RunTime:0.001000s ]
ERR: 无法加载模块:Uploads

[ 2015-12-23T11:23:04+08:00 ] 127.0.0.1 /Uploads/0/2015-12-23/567a0b35c3630.jpg
INFO: [ app_init ] --START--
INFO: Run Behavior\BuildLiteBehavior [ RunTime:0.000000s ]
INFO: [ app_init ] --END-- [ RunTime:0.001000s ]
ERR: 无法加载模块:Uploads

[ 2015-12-23T11:23:53+08:00 ] 127.0.0.1 /Uploads/4/2015-12-23/567a0b178929d.JPG
INFO: [ app_init ] --START--
INFO: Run Behavior\BuildLiteBehavior [ RunTime:0.000000s ]
INFO: [ app_init ] --END-- [ RunTime:0.000000s ]
ERR: 无法加载模块:Uploads

[ 2015-12-23T11:23:53+08:00 ] 127.0.0.1 /Uploads/0/2015-12-23/567a0b35c3630.jpg
INFO: [ app_init ] --START--
INFO: Run Behavior\BuildLiteBehavior [ RunTime:0.000000s ]
INFO: [ app_init ] --END-- [ RunTime:0.000000s ]
ERR: 无法加载模块:Uploads

[ 2015-12-23T11:23:53+08:00 ] 127.0.0.1 /Uploads/1/2015-12-23/567a0a8dbfd8f.JPG
INFO: [ app_init ] --START--
INFO: Run Behavior\BuildLiteBehavior [ RunTime:0.000000s ]
INFO: [ app_init ] --END-- [ RunTime:0.001000s ]
ERR: 无法加载模块:Uploads

[ 2015-12-23T11:24:11+08:00 ] 127.0.0.1 /Uploads/0/2015-12-23/567a0b35c3630.jpg
INFO: [ app_init ] --START--
INFO: Run Behavior\BuildLiteBehavior [ RunTime:0.000000s ]
INFO: [ app_init ] --END-- [ RunTime:0.001000s ]
ERR: 无法加载模块:Uploads

[ 2015-12-23T11:24:11+08:00 ] 127.0.0.1 /Uploads/4/2015-12-23/567a0b178929d.JPG
INFO: [ app_init ] --START--
INFO: Run Behavior\BuildLiteBehavior [ RunTime:0.000000s ]
INFO: [ app_init ] --END-- [ RunTime:0.000000s ]
ERR: 无法加载模块:Uploads

[ 2015-12-23T11:24:11+08:00 ] 127.0.0.1 /Uploads/1/2015-12-23/567a0a8dbfd8f.JPG
INFO: [ app_init ] --START--
INFO: Run Behavior\BuildLiteBehavior [ RunTime:0.000000s ]
INFO: [ app_init ] --END-- [ RunTime:0.000000s ]
ERR: 无法加载模块:Uploads

[ 2015-12-23T11:24:47+08:00 ] 127.0.0.1 /Uploads/4/2015-12-23/567a0b178929d.JPG
INFO: [ app_init ] --START--
INFO: Run Behavior\BuildLiteBehavior [ RunTime:0.000000s ]
INFO: [ app_init ] --END-- [ RunTime:0.000000s ]
ERR: 无法加载模块:Uploads

[ 2015-12-23T11:24:47+08:00 ] 127.0.0.1 /Uploads/0/2015-12-23/567a0b35c3630.jpg
INFO: [ app_init ] --START--
INFO: Run Behavior\BuildLiteBehavior [ RunTime:0.000000s ]
INFO: [ app_init ] --END-- [ RunTime:0.001000s ]
ERR: 无法加载模块:Uploads

[ 2015-12-23T11:28:38+08:00 ] 127.0.0.1 /Uploads/0/2015-12-23/567a0b35c3630.jpg
INFO: [ app_init ] --START--
INFO: Run Behavior\BuildLiteBehavior [ RunTime:0.000000s ]
INFO: [ app_init ] --END-- [ RunTime:0.000000s ]
ERR: 无法加载模块:Uploads

[ 2015-12-23T11:28:38+08:00 ] 127.0.0.1 /Uploads/4/2015-12-23/567a0b178929d.JPG
INFO: [ app_init ] --START--
INFO: Run Behavior\BuildLiteBehavior [ RunTime:0.000000s ]
INFO: [ app_init ] --END-- [ RunTime:0.001000s ]
ERR: 无法加载模块:Uploads

[ 2015-12-23T11:28:38+08:00 ] 127.0.0.1 /Uploads/1/2015-12-23/567a0a8dbfd8f.JPG
INFO: [ app_init ] --START--
INFO: Run Behavior\BuildLiteBehavior [ RunTime:0.000000s ]
INFO: [ app_init ] --END-- [ RunTime:0.000000s ]
ERR: 无法加载模块:Uploads

[ 2015-12-23T11:30:48+08:00 ] 127.0.0.1 /Uploads/1/2015-12-23/567a0a8dbfd8f.JPG
INFO: [ app_init ] --START--
INFO: Run Behavior\BuildLiteBehavior [ RunTime:0.000000s ]
INFO: [ app_init ] --END-- [ RunTime:0.000000s ]
ERR: 无法加载模块:Uploads

[ 2015-12-23T11:30:48+08:00 ] 127.0.0.1 /Uploads/4/2015-12-23/567a0b178929d.JPG
INFO: [ app_init ] --START--
INFO: Run Behavior\BuildLiteBehavior [ RunTime:0.000000s ]
INFO: [ app_init ] --END-- [ RunTime:0.001000s ]
ERR: 无法加载模块:Uploads

[ 2015-12-23T11:30:48+08:00 ] 127.0.0.1 /Uploads/0/2015-12-23/567a0b35c3630.jpg
INFO: [ app_init ] --START--
INFO: Run Behavior\BuildLiteBehavior [ RunTime:0.000000s ]
INFO: [ app_init ] --END-- [ RunTime:0.000000s ]
ERR: 无法加载模块:Uploads

[ 2015-12-23T11:32:39+08:00 ] 127.0.0.1 /Uploads/1/2015-12-23/567a0a8dbfd8f.JPG
INFO: [ app_init ] --START--
INFO: Run Behavior\BuildLiteBehavior [ RunTime:0.000000s ]
INFO: [ app_init ] --END-- [ RunTime:0.001000s ]
ERR: 无法加载模块:Uploads

[ 2015-12-23T11:32:39+08:00 ] 127.0.0.1 /Uploads/0/2015-12-23/567a0b35c3630.jpg
INFO: [ app_init ] --START--
INFO: Run Behavior\BuildLiteBehavior [ RunTime:0.000000s ]
INFO: [ app_init ] --END-- [ RunTime:0.000000s ]
ERR: 无法加载模块:Uploads

[ 2015-12-23T11:32:39+08:00 ] 127.0.0.1 /Uploads/4/2015-12-23/567a0b178929d.JPG
INFO: [ app_init ] --START--
INFO: Run Behavior\BuildLiteBehavior [ RunTime:0.000000s ]
INFO: [ app_init ] --END-- [ RunTime:0.000000s ]
ERR: 无法加载模块:Uploads

[ 2015-12-23T11:32:58+08:00 ] 127.0.0.1 /Uploads/1/2015-12-23/567a0a8dbfd8f.JPG
INFO: [ app_init ] --START--
INFO: Run Behavior\BuildLiteBehavior [ RunTime:0.000000s ]
INFO: [ app_init ] --END-- [ RunTime:0.001000s ]
ERR: 无法加载模块:Uploads

[ 2015-12-23T11:32:58+08:00 ] 127.0.0.1 /Uploads/4/2015-12-23/567a0b178929d.JPG
INFO: [ app_init ] --START--
INFO: Run Behavior\BuildLiteBehavior [ RunTime:0.000000s ]
INFO: [ app_init ] --END-- [ RunTime:0.000000s ]
ERR: 无法加载模块:Uploads

[ 2015-12-23T11:32:58+08:00 ] 127.0.0.1 /Uploads/0/2015-12-23/567a0b35c3630.jpg
INFO: [ app_init ] --START--
INFO: Run Behavior\BuildLiteBehavior [ RunTime:0.000000s ]
INFO: [ app_init ] --END-- [ RunTime:0.001000s ]
ERR: 无法加载模块:Uploads

[ 2015-12-23T11:34:49+08:00 ] 127.0.0.1 /Uploads/1/2015-12-23/567a0a8dbfd8f.JPG
INFO: [ app_init ] --START--
INFO: Run Behavior\BuildLiteBehavior [ RunTime:0.000000s ]
INFO: [ app_init ] --END-- [ RunTime:0.000000s ]
ERR: 无法加载模块:Uploads

[ 2015-12-23T11:34:49+08:00 ] 127.0.0.1 /Uploads/0/2015-12-23/567a0b35c3630.jpg
INFO: [ app_init ] --START--
INFO: Run Behavior\BuildLiteBehavior [ RunTime:0.000000s ]
INFO: [ app_init ] --END-- [ RunTime:0.001000s ]
ERR: 无法加载模块:Uploads

[ 2015-12-23T11:34:49+08:00 ] 127.0.0.1 /Uploads/4/2015-12-23/567a0b178929d.JPG
INFO: [ app_init ] --START--
INFO: Run Behavior\BuildLiteBehavior [ RunTime:0.000000s ]
INFO: [ app_init ] --END-- [ RunTime:0.001000s ]
ERR: 无法加载模块:Uploads

[ 2015-12-23T11:35:28+08:00 ] 127.0.0.1 /Uploads/4/2015-12-23/567a0b178929d.JPG
INFO: [ app_init ] --START--
INFO: Run Behavior\BuildLiteBehavior [ RunTime:0.001000s ]
INFO: [ app_init ] --END-- [ RunTime:0.001000s ]
ERR: 无法加载模块:Uploads

[ 2015-12-23T11:35:28+08:00 ] 127.0.0.1 /Uploads/1/2015-12-23/567a0a8dbfd8f.JPG
INFO: [ app_init ] --START--
INFO: Run Behavior\BuildLiteBehavior [ RunTime:0.000000s ]
INFO: [ app_init ] --END-- [ RunTime:0.000000s ]
ERR: 无法加载模块:Uploads

[ 2015-12-23T11:35:28+08:00 ] 127.0.0.1 /Uploads/0/2015-12-23/567a0b35c3630.jpg
INFO: [ app_init ] --START--
INFO: Run Behavior\BuildLiteBehavior [ RunTime:0.000000s ]
INFO: [ app_init ] --END-- [ RunTime:0.001000s ]
ERR: 无法加载模块:Uploads

[ 2015-12-23T11:35:57+08:00 ] 127.0.0.1 /Uploads/1/2015-12-23/567a0a8dbfd8f.JPG
INFO: [ app_init ] --START--
INFO: Run Behavior\BuildLiteBehavior [ RunTime:0.000000s ]
INFO: [ app_init ] --END-- [ RunTime:0.000000s ]
ERR: 无法加载模块:Uploads

[ 2015-12-23T11:35:57+08:00 ] 127.0.0.1 /Uploads/0/2015-12-23/567a0b35c3630.jpg
INFO: [ app_init ] --START--
INFO: Run Behavior\BuildLiteBehavior [ RunTime:0.000000s ]
INFO: [ app_init ] --END-- [ RunTime:0.000000s ]
ERR: 无法加载模块:Uploads

[ 2015-12-23T11:35:57+08:00 ] 127.0.0.1 /Uploads/4/2015-12-23/567a0b178929d.JPG
INFO: [ app_init ] --START--
INFO: Run Behavior\BuildLiteBehavior [ RunTime:0.000000s ]
INFO: [ app_init ] --END-- [ RunTime:0.000000s ]
ERR: 无法加载模块:Uploads

[ 2015-12-23T11:36:07+08:00 ] 127.0.0.1 /Uploads/4/2015-12-23/567a0b178929d.JPG
INFO: [ app_init ] --START--
INFO: Run Behavior\BuildLiteBehavior [ RunTime:0.000000s ]
INFO: [ app_init ] --END-- [ RunTime:0.000000s ]
ERR: 无法加载模块:Uploads

[ 2015-12-23T11:36:07+08:00 ] 127.0.0.1 /Uploads/0/2015-12-23/567a0b35c3630.jpg
INFO: [ app_init ] --START--
INFO: Run Behavior\BuildLiteBehavior [ RunTime:0.000000s ]
INFO: [ app_init ] --END-- [ RunTime:0.001000s ]
ERR: 无法加载模块:Uploads

[ 2015-12-23T11:36:07+08:00 ] 127.0.0.1 /Uploads/1/2015-12-23/567a0a8dbfd8f.JPG
INFO: [ app_init ] --START--
INFO: Run Behavior\BuildLiteBehavior [ RunTime:0.000000s ]
INFO: [ app_init ] --END-- [ RunTime:0.001000s ]
ERR: 无法加载模块:Uploads

[ 2015-12-23T11:37:01+08:00 ] 127.0.0.1 /Uploads/0/2015-12-23/567a0b35c3630.jpg
INFO: [ app_init ] --START--
INFO: Run Behavior\BuildLiteBehavior [ RunTime:0.000000s ]
INFO: [ app_init ] --END-- [ RunTime:0.000000s ]
ERR: 无法加载模块:Uploads

[ 2015-12-23T11:37:01+08:00 ] 127.0.0.1 /Uploads/4/2015-12-23/567a0b178929d.JPG
INFO: [ app_init ] --START--
INFO: Run Behavior\BuildLiteBehavior [ RunTime:0.000000s ]
INFO: [ app_init ] --END-- [ RunTime:0.000000s ]
ERR: 无法加载模块:Uploads

[ 2015-12-23T11:37:01+08:00 ] 127.0.0.1 /Uploads/1/2015-12-23/567a0a8dbfd8f.JPG
INFO: [ app_init ] --START--
INFO: Run Behavior\BuildLiteBehavior [ RunTime:0.000000s ]
INFO: [ app_init ] --END-- [ RunTime:0.001000s ]
ERR: 无法加载模块:Uploads

[ 2015-12-23T11:38:33+08:00 ] 127.0.0.1 /Uploads/1/2015-12-23/567a0a8dbfd8f.JPG
INFO: [ app_init ] --START--
INFO: Run Behavior\BuildLiteBehavior [ RunTime:0.000000s ]
INFO: [ app_init ] --END-- [ RunTime:0.001000s ]
ERR: 无法加载模块:Uploads

[ 2015-12-23T11:38:33+08:00 ] 127.0.0.1 /Uploads/4/2015-12-23/567a0b178929d.JPG
INFO: [ app_init ] --START--
INFO: Run Behavior\BuildLiteBehavior [ RunTime:0.000000s ]
INFO: [ app_init ] --END-- [ RunTime:0.000000s ]
ERR: 无法加载模块:Uploads

[ 2015-12-23T11:38:33+08:00 ] 127.0.0.1 /Uploads/0/2015-12-23/567a0b35c3630.jpg
INFO: [ app_init ] --START--
INFO: Run Behavior\BuildLiteBehavior [ RunTime:0.000000s ]
INFO: [ app_init ] --END-- [ RunTime:0.000000s ]
ERR: 无法加载模块:Uploads

[ 2015-12-23T11:42:07+08:00 ] 127.0.0.1 /Uploads/4/2015-12-23/567a0b178929d.JPG
INFO: [ app_init ] --START--
INFO: Run Behavior\BuildLiteBehavior [ RunTime:0.000000s ]
INFO: [ app_init ] --END-- [ RunTime:0.000000s ]
ERR: 无法加载模块:Uploads

[ 2015-12-23T11:42:07+08:00 ] 127.0.0.1 /Uploads/0/2015-12-23/567a0b35c3630.jpg
INFO: [ app_init ] --START--
INFO: Run Behavior\BuildLiteBehavior [ RunTime:0.000000s ]
INFO: [ app_init ] --END-- [ RunTime:0.000000s ]
ERR: 无法加载模块:Uploads

[ 2015-12-23T11:42:07+08:00 ] 127.0.0.1 /Uploads/1/2015-12-23/567a0a8dbfd8f.JPG
INFO: [ app_init ] --START--
INFO: Run Behavior\BuildLiteBehavior [ RunTime:0.000000s ]
INFO: [ app_init ] --END-- [ RunTime:0.001001s ]
ERR: 无法加载模块:Uploads

[ 2015-12-23T11:42:32+08:00 ] 127.0.0.1 /Uploads/0/2015-12-23/567a0b35c3630.jpg
INFO: [ app_init ] --START--
INFO: Run Behavior\BuildLiteBehavior [ RunTime:0.000000s ]
INFO: [ app_init ] --END-- [ RunTime:0.000000s ]
ERR: 无法加载模块:Uploads

[ 2015-12-23T11:42:32+08:00 ] 127.0.0.1 /Uploads/4/2015-12-23/567a0b178929d.JPG
INFO: [ app_init ] --START--
INFO: Run Behavior\BuildLiteBehavior [ RunTime:0.000000s ]
INFO: [ app_init ] --END-- [ RunTime:0.001000s ]
ERR: 无法加载模块:Uploads

[ 2015-12-23T11:42:32+08:00 ] 127.0.0.1 /Uploads/1/2015-12-23/567a0a8dbfd8f.JPG
INFO: [ app_init ] --START--
INFO: Run Behavior\BuildLiteBehavior [ RunTime:0.000000s ]
INFO: [ app_init ] --END-- [ RunTime:0.000000s ]
ERR: 无法加载模块:Uploads

[ 2015-12-23T11:43:50+08:00 ] 127.0.0.1 /Uploads/0/2015-12-23/567a0b35c3630.jpg
INFO: [ app_init ] --START--
INFO: Run Behavior\BuildLiteBehavior [ RunTime:0.000000s ]
INFO: [ app_init ] --END-- [ RunTime:0.001000s ]
ERR: 无法加载模块:Uploads

[ 2015-12-23T11:43:50+08:00 ] 127.0.0.1 /Uploads/1/2015-12-23/567a0a8dbfd8f.JPG
INFO: [ app_init ] --START--
INFO: Run Behavior\BuildLiteBehavior [ RunTime:0.000000s ]
INFO: [ app_init ] --END-- [ RunTime:0.000000s ]
ERR: 无法加载模块:Uploads

[ 2015-12-23T11:43:50+08:00 ] 127.0.0.1 /Uploads/4/2015-12-23/567a0b178929d.JPG
INFO: [ app_init ] --START--
INFO: Run Behavior\BuildLiteBehavior [ RunTime:0.000000s ]
INFO: [ app_init ] --END-- [ RunTime:0.000000s ]
ERR: 无法加载模块:Uploads

[ 2015-12-23T11:53:30+08:00 ] 127.0.0.1 /Uploads/1/2015-12-23/567a0a8dbfd8f.JPG
INFO: [ app_init ] --START--
INFO: Run Behavior\BuildLiteBehavior [ RunTime:0.000000s ]
INFO: [ app_init ] --END-- [ RunTime:0.001000s ]
ERR: 无法加载模块:Uploads

[ 2015-12-23T11:53:30+08:00 ] 127.0.0.1 /Uploads/4/2015-12-23/567a0b178929d.JPG
INFO: [ app_init ] --START--
INFO: Run Behavior\BuildLiteBehavior [ RunTime:0.000000s ]
INFO: [ app_init ] --END-- [ RunTime:0.000000s ]
ERR: 无法加载模块:Uploads

[ 2015-12-23T11:53:30+08:00 ] 127.0.0.1 /Uploads/0/2015-12-23/567a0b35c3630.jpg
INFO: [ app_init ] --START--
INFO: Run Behavior\BuildLiteBehavior [ RunTime:0.000000s ]
INFO: [ app_init ] --END-- [ RunTime:0.000000s ]
ERR: 无法加载模块:Uploads

[ 2015-12-23T15:16:11+08:00 ] 127.0.0.1 /Uploads/4/2015-12-23/567a0b178929d.JPG
INFO: [ app_init ] --START--
INFO: Run Behavior\BuildLiteBehavior [ RunTime:0.000000s ]
INFO: [ app_init ] --END-- [ RunTime:0.001000s ]
ERR: 无法加载模块:Uploads

[ 2015-12-23T15:16:11+08:00 ] 127.0.0.1 /Uploads/0/2015-12-23/567a0b35c3630.jpg
INFO: [ app_init ] --START--
INFO: Run Behavior\BuildLiteBehavior [ RunTime:0.000000s ]
INFO: [ app_init ] --END-- [ RunTime:0.001000s ]
ERR: 无法加载模块:Uploads

[ 2015-12-23T15:16:11+08:00 ] 127.0.0.1 /Uploads/1/2015-12-23/567a0a8dbfd8f.JPG
INFO: [ app_init ] --START--
INFO: Run Behavior\BuildLiteBehavior [ RunTime:0.000000s ]
INFO: [ app_init ] --END-- [ RunTime:0.001000s ]
ERR: 无法加载模块:Uploads

