[ 2015-12-22T09:50:00+08:00 ] 127.0.0.1 /Uploads/proof/2015-11-30/565bbf6660cba.JPG
INFO: [ app_init ] --START--
INFO: Run Behavior\BuildLiteBehavior [ RunTime:0.000000s ]
INFO: [ app_init ] --END-- [ RunTime:0.000000s ]
ERR: 无法加载模块:Uploads

[ 2015-12-22T15:12:58+08:00 ] 127.0.0.1 /Public/Js/underscore.1.8.3.js
INFO: [ app_init ] --START--
INFO: Run Behavior\BuildLiteBehavior [ RunTime:0.000000s ]
INFO: [ app_init ] --END-- [ RunTime:0.000000s ]
ERR: 无法加载模块:Public

[ 2015-12-22T15:13:04+08:00 ] 127.0.0.1 /Public/Js/underscore.1.8.3.js
INFO: [ app_init ] --START--
INFO: Run Behavior\BuildLiteBehavior [ RunTime:0.000000s ]
INFO: [ app_init ] --END-- [ RunTime:0.001000s ]
ERR: 无法加载模块:Public

[ 2015-12-22T15:24:00+08:00 ] 127.0.0.1 /Uploads/proof/2015-12-22/5678d85fdc0d2.jpg
INFO: [ app_init ] --START--
INFO: Run Behavior\BuildLiteBehavior [ RunTime:0.000000s ]
INFO: [ app_init ] --END-- [ RunTime:0.001000s ]
ERR: 无法加载模块:Uploads

[ 2015-12-22T15:24:00+08:00 ] 127.0.0.1 /Uploads/proof/2015-12-22/5678d85ff112b.JPG
INFO: [ app_init ] --START--
INFO: Run Behavior\BuildLiteBehavior [ RunTime:0.000000s ]
INFO: [ app_init ] --END-- [ RunTime:0.001000s ]
ERR: 无法加载模块:Uploads

[ 2015-12-22T15:24:00+08:00 ] 127.0.0.1 /Uploads/proof/2015-12-22/5678d860000ef.JPG
INFO: [ app_init ] --START--
INFO: Run Behavior\BuildLiteBehavior [ RunTime:0.000000s ]
INFO: [ app_init ] --END-- [ RunTime:0.001000s ]
ERR: 无法加载模块:Uploads

[ 2015-12-22T15:24:00+08:00 ] 127.0.0.1 /Uploads/proof/2015-12-22/5678d85fdc91b.jpg
INFO: [ app_init ] --START--
INFO: Run Behavior\BuildLiteBehavior [ RunTime:0.000000s ]
INFO: [ app_init ] --END-- [ RunTime:0.001000s ]
ERR: 无法加载模块:Uploads

[ 2015-12-22T15:24:00+08:00 ] 127.0.0.1 /Uploads/proof/2015-12-22/5678d85fdcca7.jpg
INFO: [ app_init ] --START--
INFO: Run Behavior\BuildLiteBehavior [ RunTime:0.000000s ]
INFO: [ app_init ] --END-- [ RunTime:0.000000s ]
ERR: 无法加载模块:Uploads

[ 2015-12-22T15:24:00+08:00 ] 127.0.0.1 /Uploads/proof/2015-12-22/5678d85fe3612.JPG
INFO: [ app_init ] --START--
INFO: Run Behavior\BuildLiteBehavior [ RunTime:0.000000s ]
INFO: [ app_init ] --END-- [ RunTime:0.001000s ]
ERR: 无法加载模块:Uploads

[ 2015-12-22T15:24:00+08:00 ] 127.0.0.1 /Uploads/proof/2015-12-22/5678d8600161f.jpg
INFO: [ app_init ] --START--
INFO: Run Behavior\BuildLiteBehavior [ RunTime:0.000000s ]
INFO: [ app_init ] --END-- [ RunTime:0.001000s ]
ERR: 无法加载模块:Uploads

[ 2015-12-22T15:24:00+08:00 ] 127.0.0.1 /Uploads/proof/2015-12-22/5678d85fedbff.JPG
INFO: [ app_init ] --START--
INFO: Run Behavior\BuildLiteBehavior [ RunTime:0.000000s ]
INFO: [ app_init ] --END-- [ RunTime:0.001000s ]
ERR: 无法加载模块:Uploads

[ 2015-12-22T15:24:00+08:00 ] 127.0.0.1 /Uploads/proof/2015-12-22/5678d85fe9d82.JPG
INFO: [ app_init ] --START--
INFO: Run Behavior\BuildLiteBehavior [ RunTime:0.000000s ]
INFO: [ app_init ] --END-- [ RunTime:0.000000s ]
ERR: 无法加载模块:Uploads

[ 2015-12-22T15:24:00+08:00 ] 127.0.0.1 /Uploads/proof/2015-12-22/5678d86000c78.jpg
INFO: [ app_init ] --START--
INFO: Run Behavior\BuildLiteBehavior [ RunTime:0.000000s ]
INFO: [ app_init ] --END-- [ RunTime:0.000000s ]
ERR: 无法加载模块:Uploads

[ 2015-12-22T15:24:17+08:00 ] 127.0.0.1 /Uploads/proof/2015-12-22/5678d85ff112b.JPG
INFO: [ app_init ] --START--
INFO: Run Behavior\BuildLiteBehavior [ RunTime:0.000000s ]
INFO: [ app_init ] --END-- [ RunTime:0.000000s ]
ERR: 无法加载模块:Uploads

[ 2015-12-22T15:24:17+08:00 ] 127.0.0.1 /Uploads/proof/2015-12-22/5678d86000c78.jpg
INFO: [ app_init ] --START--
INFO: Run Behavior\BuildLiteBehavior [ RunTime:0.000000s ]
INFO: [ app_init ] --END-- [ RunTime:0.001000s ]
ERR: 无法加载模块:Uploads

[ 2015-12-22T15:24:17+08:00 ] 127.0.0.1 /Uploads/proof/2015-12-22/5678d85fdc0d2.jpg
INFO: [ app_init ] --START--
INFO: Run Behavior\BuildLiteBehavior [ RunTime:0.000000s ]
INFO: [ app_init ] --END-- [ RunTime:0.001000s ]
ERR: 无法加载模块:Uploads

[ 2015-12-22T15:24:17+08:00 ] 127.0.0.1 /Uploads/proof/2015-12-22/5678d860000ef.JPG
INFO: [ app_init ] --START--
INFO: Run Behavior\BuildLiteBehavior [ RunTime:0.000000s ]
INFO: [ app_init ] --END-- [ RunTime:0.001000s ]
ERR: 无法加载模块:Uploads

[ 2015-12-22T15:24:17+08:00 ] 127.0.0.1 /Uploads/proof/2015-12-22/5678d85fe9d82.JPG
INFO: [ app_init ] --START--
INFO: Run Behavior\BuildLiteBehavior [ RunTime:0.000000s ]
INFO: [ app_init ] --END-- [ RunTime:0.001001s ]
ERR: 无法加载模块:Uploads

[ 2015-12-22T15:24:17+08:00 ] 127.0.0.1 /Uploads/proof/2015-12-22/5678d85fe3612.JPG
INFO: [ app_init ] --START--
INFO: Run Behavior\BuildLiteBehavior [ RunTime:0.000000s ]
INFO: [ app_init ] --END-- [ RunTime:0.001000s ]
ERR: 无法加载模块:Uploads

[ 2015-12-22T15:24:17+08:00 ] 127.0.0.1 /Uploads/proof/2015-12-22/5678d85fdcca7.jpg
INFO: [ app_init ] --START--
INFO: Run Behavior\BuildLiteBehavior [ RunTime:0.000000s ]
INFO: [ app_init ] --END-- [ RunTime:0.001000s ]
ERR: 无法加载模块:Uploads

[ 2015-12-22T15:24:17+08:00 ] 127.0.0.1 /Uploads/proof/2015-12-22/5678d85fdc91b.jpg
INFO: [ app_init ] --START--
INFO: Run Behavior\BuildLiteBehavior [ RunTime:0.000000s ]
INFO: [ app_init ] --END-- [ RunTime:0.000000s ]
ERR: 无法加载模块:Uploads

[ 2015-12-22T15:24:17+08:00 ] 127.0.0.1 /Uploads/proof/2015-12-22/5678d8600161f.jpg
INFO: [ app_init ] --START--
INFO: Run Behavior\BuildLiteBehavior [ RunTime:0.000000s ]
INFO: [ app_init ] --END-- [ RunTime:0.001000s ]
ERR: 无法加载模块:Uploads

[ 2015-12-22T15:24:17+08:00 ] 127.0.0.1 /Uploads/proof/2015-12-22/5678d85fedbff.JPG
INFO: [ app_init ] --START--
INFO: Run Behavior\BuildLiteBehavior [ RunTime:0.000000s ]
INFO: [ app_init ] --END-- [ RunTime:0.000000s ]
ERR: 无法加载模块:Uploads

